2026-01-27T17:59:09 {"cpu": 0.177734375, "cpu_total": 8, "cpu_usage": 0.022216796875, "memory": 1657.0, "memory_total": 4943.0, "memory_usage": 0.3352215253894396, "pipeline_run_id": 3, "pipeline_schedule_id": 5, "pipeline_uuid": "qb_invoices_backfill", "hostname": "5c3e07c00964", "level": "INFO", "message": "Pipeline qb_invoices_backfill for run 3 in schedule 5 is alive.", "timestamp": 1769536749.249828, "uuid": "a0eea13359df462ea31c2636438205e5"}
2026-01-27T17:59:09 {"cpu": 0.177734375, "cpu_total": 8, "cpu_usage": 0.022216796875, "memory": 1680.0, "memory_total": 4943.0, "memory_usage": 0.3398745700991301, "pipeline_run_id": 3, "pipeline_schedule_id": 5, "pipeline_uuid": "qb_invoices_backfill", "hostname": "5c3e07c00964", "level": "INFO", "message": "Pipeline qb_invoices_backfill for run 3 in schedule 5 is alive.", "timestamp": 1769536749.299205, "uuid": "00ddc99809774d6ea48e0fd22d878aa0"}
2026-01-27T17:59:09 {"block_run_id": 5, "block_uuid": "load_invoices_qbo", "pipeline_run_id": 3, "pipeline_schedule_id": 5, "pipeline_uuid": "qb_invoices_backfill", "hostname": "5c3e07c00964", "level": "INFO", "message": "Execute PipelineRun 3, BlockRun 5: pipeline qb_invoices_backfill block load_invoices_qbo", "timestamp": 1769536749.34187, "uuid": "e24aefa523914fd8a416dbbb877f7f79"}
2026-01-27T17:59:19 {"cpu": 0.17578125, "cpu_total": 8, "cpu_usage": 0.02197265625, "memory": 1703.0, "memory_total": 4943.0, "memory_usage": 0.34452761480882055, "pipeline_run_id": 3, "pipeline_schedule_id": 5, "pipeline_uuid": "qb_invoices_backfill", "hostname": "5c3e07c00964", "level": "INFO", "message": "Pipeline qb_invoices_backfill for run 3 in schedule 5 is alive.", "timestamp": 1769536759.422551, "uuid": "9b69bd43223c495a98eae3e088e277c2"}
2026-01-27T17:59:29 {"cpu": 0.173828125, "cpu_total": 8, "cpu_usage": 0.021728515625, "memory": 1713.0, "memory_total": 4943.0, "memory_usage": 0.3465506777260773, "pipeline_run_id": 3, "pipeline_schedule_id": 5, "pipeline_uuid": "qb_invoices_backfill", "hostname": "5c3e07c00964", "level": "INFO", "message": "Pipeline qb_invoices_backfill for run 3 in schedule 5 is alive.", "timestamp": 1769536769.533707, "uuid": "0315126d6353485fadb3cf50d4e7070e"}
2026-01-27T17:59:39 {"cpu": 0.171875, "cpu_total": 8, "cpu_usage": 0.021484375, "memory": 1724.0, "memory_total": 4943.0, "memory_usage": 0.3487760469350597, "pipeline_run_id": 3, "pipeline_schedule_id": 5, "pipeline_uuid": "qb_invoices_backfill", "hostname": "5c3e07c00964", "level": "INFO", "message": "Pipeline qb_invoices_backfill for run 3 in schedule 5 is alive.", "timestamp": 1769536779.62717, "uuid": "8801cc0a00a94979a18ac6c11182ca80"}
2026-01-27T17:59:49 {"cpu": 0.17578125, "cpu_total": 8, "cpu_usage": 0.02197265625, "memory": 1723.0, "memory_total": 4943.0, "memory_usage": 0.348573740643334, "pipeline_run_id": 3, "pipeline_schedule_id": 5, "pipeline_uuid": "qb_invoices_backfill", "hostname": "5c3e07c00964", "level": "INFO", "message": "Pipeline qb_invoices_backfill for run 3 in schedule 5 is alive.", "timestamp": 1769536789.764504, "uuid": "805e0bf032a746fbbd1e206935c55301"}
2026-01-27T17:59:59 {"cpu": 0.1796875, "cpu_total": 8, "cpu_usage": 0.0224609375, "memory": 1732.0, "memory_total": 4943.0, "memory_usage": 0.35039449726886507, "pipeline_run_id": 3, "pipeline_schedule_id": 5, "pipeline_uuid": "qb_invoices_backfill", "hostname": "5c3e07c00964", "level": "INFO", "message": "Pipeline qb_invoices_backfill for run 3 in schedule 5 is alive.", "timestamp": 1769536799.880716, "uuid": "1abd640e52ce47289b3344c02163c9e3"}
2026-01-27T18:00:10 {"cpu": 0.18359375, "cpu_total": 8, "cpu_usage": 0.02294921875, "memory": 1749.0, "memory_total": 4943.0, "memory_usage": 0.3538337042282015, "pipeline_run_id": 3, "pipeline_schedule_id": 5, "pipeline_uuid": "qb_invoices_backfill", "hostname": "5c3e07c00964", "level": "INFO", "message": "Pipeline qb_invoices_backfill for run 3 in schedule 5 is alive.", "timestamp": 1769536810.004226, "uuid": "ee889ea64b024b3fb1db5a7a256cd9b1"}
2026-01-27T18:00:19 {"cpu": 0.1806640625, "cpu_total": 8, "cpu_usage": 0.0225830078125, "memory": 1746.0, "memory_total": 4943.0, "memory_usage": 0.3532267853530245, "pipeline_run_id": 3, "pipeline_schedule_id": 5, "pipeline_uuid": "qb_invoices_backfill", "hostname": "5c3e07c00964", "level": "INFO", "message": "Pipeline qb_invoices_backfill for run 3 in schedule 5 is alive.", "timestamp": 1769536819.0934, "uuid": "a27175719e7f41b4b96c9900e74a4b62"}
2026-01-27T18:00:29 {"cpu": 0.1787109375, "cpu_total": 8, "cpu_usage": 0.0223388671875, "memory": 1737.0, "memory_total": 4943.0, "memory_usage": 0.35140602872749344, "pipeline_run_id": 3, "pipeline_schedule_id": 5, "pipeline_uuid": "qb_invoices_backfill", "hostname": "5c3e07c00964", "level": "INFO", "message": "Pipeline qb_invoices_backfill for run 3 in schedule 5 is alive.", "timestamp": 1769536829.235235, "uuid": "676b2cf9729d4ebd92c61467766f1fef"}
2026-01-27T18:00:29 {"block_run_id": 5, "block_uuid": "load_invoices_qbo", "pipeline_run_id": 3, "pipeline_schedule_id": 5, "pipeline_uuid": "qb_invoices_backfill", "hostname": "5c3e07c00964", "level": "INFO", "message": "BlockRun 5 (block_uuid: load_invoices_qbo) completes.", "timestamp": 1769536829.538814, "uuid": "e413bf5cce064dcb9f94f0a4d9c12851"}
2026-01-27T18:00:39 {"cpu": 0.1767578125, "cpu_total": 8, "cpu_usage": 0.0220947265625, "memory": 1689.0, "memory_total": 4943.0, "memory_usage": 0.34169532672466113, "pipeline_run_id": 3, "pipeline_schedule_id": 5, "pipeline_uuid": "qb_invoices_backfill", "hostname": "5c3e07c00964", "level": "INFO", "message": "Pipeline qb_invoices_backfill for run 3 in schedule 5 is alive.", "timestamp": 1769536839.439662, "uuid": "d5da269d4b104a218e0b13b602ad3173"}
2026-01-27T18:00:39 {"block_run_id": 6, "block_uuid": "export_invoices_raw", "pipeline_run_id": 3, "pipeline_schedule_id": 5, "pipeline_uuid": "qb_invoices_backfill", "hostname": "5c3e07c00964", "level": "INFO", "message": "Execute PipelineRun 3, BlockRun 6: pipeline qb_invoices_backfill block export_invoices_raw", "timestamp": 1769536839.94998, "uuid": "55b709fa69d74283a3295ea0306eac0e"}
2026-01-27T18:00:40 {"block_run_id": 6, "block_uuid": "export_invoices_raw", "pipeline_run_id": 3, "pipeline_schedule_id": 5, "pipeline_uuid": "qb_invoices_backfill", "hostname": "5c3e07c00964", "level": "INFO", "message": "BlockRun 6 (block_uuid: export_invoices_raw) completes.", "timestamp": 1769536840.048756, "uuid": "72986e5c54374f3e9ab7108ed82074cd"}
2026-01-27T18:00:49 {"cpu": 0.1806640625, "cpu_total": 8, "cpu_usage": 0.0225830078125, "memory": 1734.0, "memory_total": 4943.0, "memory_usage": 0.3507991098523164, "pipeline_run_id": 3, "pipeline_schedule_id": 5, "pipeline_uuid": "qb_invoices_backfill", "hostname": "5c3e07c00964", "level": "INFO", "message": "Pipeline qb_invoices_backfill for run 3 in schedule 5 is alive.", "timestamp": 1769536849.621026, "uuid": "92f1f29ddba2407283e1e350c01d4cc8"}
2026-01-27T18:54:05 {"cpu": 0.6806640625, "cpu_total": 8, "cpu_usage": 0.0850830078125, "memory": 2008.0, "memory_total": 4943.0, "memory_usage": 0.40623103378515074, "pipeline_run_id": 23, "pipeline_schedule_id": 5, "pipeline_uuid": "qb_invoices_backfill", "hostname": "5c3e07c00964", "level": "INFO", "message": "Pipeline qb_invoices_backfill for run 23 in schedule 5 is alive.", "timestamp": 1769540045.368811, "uuid": "6873a747d5a34fc789d9a2561624e074"}
2026-01-27T18:54:05 {"cpu": 0.6806640625, "cpu_total": 8, "cpu_usage": 0.0850830078125, "memory": 2035.0, "memory_total": 4943.0, "memory_usage": 0.4116933036617439, "pipeline_run_id": 23, "pipeline_schedule_id": 5, "pipeline_uuid": "qb_invoices_backfill", "hostname": "5c3e07c00964", "level": "INFO", "message": "Pipeline qb_invoices_backfill for run 23 in schedule 5 is alive.", "timestamp": 1769540045.440114, "uuid": "c16d23540ae947039487d3f3d69a67d1"}
2026-01-27T18:54:05 {"block_run_id": 45, "block_uuid": "load_invoices_qbo", "pipeline_run_id": 23, "pipeline_schedule_id": 5, "pipeline_uuid": "qb_invoices_backfill", "hostname": "5c3e07c00964", "level": "INFO", "message": "Execute PipelineRun 23, BlockRun 45: pipeline qb_invoices_backfill block load_invoices_qbo", "timestamp": 1769540045.506155, "uuid": "ebb75dd08a2e4a3b81bb871989d3a303"}
2026-01-27T18:54:15 {"cpu": 0.6728515625, "cpu_total": 8, "cpu_usage": 0.0841064453125, "memory": 2067.0, "memory_total": 4943.0, "memory_usage": 0.4181671049969654, "pipeline_run_id": 23, "pipeline_schedule_id": 5, "pipeline_uuid": "qb_invoices_backfill", "hostname": "5c3e07c00964", "level": "INFO", "message": "Pipeline qb_invoices_backfill for run 23 in schedule 5 is alive.", "timestamp": 1769540055.558424, "uuid": "91df394512714f7ca6024141d27889e9"}
2026-01-27T18:54:17 {"block_run_id": 45, "block_uuid": "load_invoices_qbo", "pipeline_run_id": 23, "pipeline_schedule_id": 5, "pipeline_uuid": "qb_invoices_backfill", "hostname": "5c3e07c00964", "level": "EXCEPTION", "message": "BlockRun 45 (block_uuid: load_invoices_qbo) failed.", "timestamp": 1769540057.660898, "uuid": "918e3d90644e484596542df309e26e74", "error": "Traceback (most recent call last):\n  File \"/usr/local/lib/python3.10/site-packages/urllib3/connection.py\", line 174, in _new_conn\n    conn = connection.create_connection(\n  File \"/usr/local/lib/python3.10/site-packages/urllib3/util/connection.py\", line 72, in create_connection\n    for res in socket.getaddrinfo(host, port, family, socket.SOCK_STREAM):\n  File \"/usr/local/lib/python3.10/socket.py\", line 967, in getaddrinfo\n    for res in _socket.getaddrinfo(host, port, family, type, proto, flags):\nsocket.gaierror: [Errno -5] No address associated with hostname\n\nDuring handling of the above exception, another exception occurred:\n\nTraceback (most recent call last):\n  File \"/usr/local/lib/python3.10/site-packages/urllib3/connectionpool.py\", line 716, in urlopen\n    httplib_response = self._make_request(\n  File \"/usr/local/lib/python3.10/site-packages/urllib3/connectionpool.py\", line 404, in _make_request\n    self._validate_conn(conn)\n  File \"/usr/local/lib/python3.10/site-packages/urllib3/connectionpool.py\", line 1061, in _validate_conn\n    conn.connect()\n  File \"/usr/local/lib/python3.10/site-packages/urllib3/connection.py\", line 363, in connect\n    self.sock = conn = self._new_conn()\n  File \"/usr/local/lib/python3.10/site-packages/urllib3/connection.py\", line 186, in _new_conn\n    raise NewConnectionError(\nurllib3.exceptions.NewConnectionError: <urllib3.connection.HTTPSConnection object at 0xffffb2f44100>: Failed to establish a new connection: [Errno -5] No address associated with hostname\n\nDuring handling of the above exception, another exception occurred:\n\nTraceback (most recent call last):\n  File \"/usr/local/lib/python3.10/site-packages/requests/adapters.py\", line 486, in send\n    resp = conn.urlopen(\n  File \"/usr/local/lib/python3.10/site-packages/urllib3/connectionpool.py\", line 802, in urlopen\n    retries = retries.increment(\n  File \"/usr/local/lib/python3.10/site-packages/urllib3/util/retry.py\", line 594, in increment\n    raise MaxRetryError(_pool, url, error or ResponseError(cause))\nurllib3.exceptions.MaxRetryError: HTTPSConnectionPool(host='oauth.platform.intuit.com', port=443): Max retries exceeded with url: /oauth2/v1/tokens/bearer (Caused by NewConnectionError('<urllib3.connection.HTTPSConnection object at 0xffffb2f44100>: Failed to establish a new connection: [Errno -5] No address associated with hostname'))\n\nDuring handling of the above exception, another exception occurred:\n\nTraceback (most recent call last):\n  File \"/usr/local/lib/python3.10/site-packages/mage_ai/data_preparation/executors/block_executor.py\", line 647, in execute\n    result = __execute_with_retry()\n  File \"/usr/local/lib/python3.10/site-packages/mage_ai/shared/retry.py\", line 54, in retry_func\n    raise e\n  File \"/usr/local/lib/python3.10/site-packages/mage_ai/shared/retry.py\", line 38, in retry_func\n    return func(*args, **kwargs)\n  File \"/usr/local/lib/python3.10/site-packages/mage_ai/data_preparation/executors/block_executor.py\", line 621, in __execute_with_retry\n    return self._execute(\n  File \"/usr/local/lib/python3.10/site-packages/mage_ai/data_preparation/executors/block_executor.py\", line 1154, in _execute\n    result = self.block.execute_sync(\n  File \"/usr/local/lib/python3.10/site-packages/mage_ai/data_preparation/models/block/__init__.py\", line 1691, in execute_sync\n    return __execute()\n  File \"/usr/local/lib/python3.10/site-packages/mage_ai/data_preparation/models/block/__init__.py\", line 1668, in __execute\n    raise err\n  File \"/usr/local/lib/python3.10/site-packages/mage_ai/data_preparation/models/block/__init__.py\", line 1570, in __execute\n    output = self.execute_block(\n  File \"/usr/local/lib/python3.10/site-packages/mage_ai/data_preparation/models/block/__init__.py\", line 1910, in execute_block\n    outputs = self._execute_block(\n  File \"/usr/local/lib/python3.10/site-packages/mage_ai/data_preparation/models/block/__init__.py\", line 2073, in _execute_block\n    outputs = self.execute_block_function(\n  File \"/usr/local/lib/python3.10/site-packages/mage_ai/data_preparation/models/block/__init__.py\", line 2169, in execute_block_function\n    output = block_function_updated(*input_vars, **global_vars)\n  File \"<string>\", line 62, in load_data\n  File \"<string>\", line 47, in get_access_token\n  File \"<string>\", line 40, in get_access_token\n  File \"/usr/local/lib/python3.10/site-packages/requests/api.py\", line 115, in post\n    return request(\"post\", url, data=data, json=json, **kwargs)\n  File \"/usr/local/lib/python3.10/site-packages/requests/api.py\", line 59, in request\n    return session.request(method=method, url=url, **kwargs)\n  File \"/usr/local/lib/python3.10/site-packages/requests/sessions.py\", line 589, in request\n    resp = self.send(prep, **send_kwargs)\n  File \"/usr/local/lib/python3.10/site-packages/requests/sessions.py\", line 703, in send\n    r = adapter.send(request, **kwargs)\n  File \"/usr/local/lib/python3.10/site-packages/requests/adapters.py\", line 519, in send\n    raise ConnectionError(e, request=request)\nrequests.exceptions.ConnectionError: HTTPSConnectionPool(host='oauth.platform.intuit.com', port=443): Max retries exceeded with url: /oauth2/v1/tokens/bearer (Caused by NewConnectionError('<urllib3.connection.HTTPSConnection object at 0xffffb2f44100>: Failed to establish a new connection: [Errno -5] No address associated with hostname'))\n", "error_stack": ["  File \"/usr/local/bin/mage\", line 8, in <module>\n    sys.exit(app())\n", "  File \"/usr/local/lib/python3.10/site-packages/typer/main.py\", line 311, in __call__\n    return get_command(self)(*args, **kwargs)\n", "  File \"/usr/local/lib/python3.10/site-packages/click/core.py\", line 1161, in __call__\n    return self.main(*args, **kwargs)\n", "  File \"/usr/local/lib/python3.10/site-packages/typer/core.py\", line 778, in main\n    return _main(\n", "  File \"/usr/local/lib/python3.10/site-packages/typer/core.py\", line 216, in _main\n    rv = self.invoke(ctx)\n", "  File \"/usr/local/lib/python3.10/site-packages/click/core.py\", line 1697, in invoke\n    return _process_result(sub_ctx.command.invoke(sub_ctx))\n", "  File \"/usr/local/lib/python3.10/site-packages/click/core.py\", line 1443, in invoke\n    return ctx.invoke(self.callback, **ctx.params)\n", "  File \"/usr/local/lib/python3.10/site-packages/click/core.py\", line 788, in invoke\n    return __callback(*args, **kwargs)\n", "  File \"/usr/local/lib/python3.10/site-packages/typer/main.py\", line 683, in wrapper\n    return callback(**use_params)  # type: ignore\n", "  File \"/usr/local/lib/python3.10/site-packages/mage_ai/cli/main.py\", line 147, in start\n    start_server(\n", "  File \"/usr/local/lib/python3.10/site-packages/mage_ai/server/server.py\", line 813, in start_server\n    scheduler_manager.start_scheduler()\n", "  File \"/usr/local/lib/python3.10/site-packages/mage_ai/server/scheduler_manager.py\", line 108, in start_scheduler\n    proc.start()\n", "  File \"/usr/local/lib/python3.10/multiprocessing/process.py\", line 121, in start\n    self._popen = self._Popen(self)\n", "  File \"/usr/local/lib/python3.10/multiprocessing/context.py\", line 224, in _Popen\n    return _default_context.get_context().Process._Popen(process_obj)\n", "  File \"/usr/local/lib/python3.10/multiprocessing/context.py\", line 281, in _Popen\n    return Popen(process_obj)\n", "  File \"/usr/local/lib/python3.10/multiprocessing/popen_fork.py\", line 19, in __init__\n    self._launch(process_obj)\n", "  File \"/usr/local/lib/python3.10/multiprocessing/popen_fork.py\", line 71, in _launch\n    code = process_obj._bootstrap(parent_sentinel=child_r)\n", "  File \"/usr/local/lib/python3.10/multiprocessing/process.py\", line 314, in _bootstrap\n    self.run()\n", "  File \"/usr/local/lib/python3.10/multiprocessing/process.py\", line 108, in run\n    self._target(*self._args, **self._kwargs)\n", "  File \"/usr/local/lib/python3.10/site-packages/mage_ai/orchestration/db/process.py\", line 15, in start_session_and_run\n    results = target(*args)\n", "  File \"/usr/local/lib/python3.10/site-packages/mage_ai/server/scheduler_manager.py\", line 60, in run_scheduler\n    LoopTimeTrigger().start()\n", "  File \"/usr/local/lib/python3.10/site-packages/mage_ai/orchestration/triggers/loop_time_trigger.py\", line 14, in start\n    self.run()\n", "  File \"/usr/local/lib/python3.10/site-packages/mage_ai/orchestration/triggers/time_trigger.py\", line 11, in run\n    schedule_all()\n", "  File \"/usr/local/lib/python3.10/site-packages/mage_ai/orchestration/pipeline_scheduler_original.py\", line 1791, in schedule_all\n    PipelineScheduler(r).start()\n", "  File \"/usr/local/lib/python3.10/site-packages/mage_ai/orchestration/db/__init__.py\", line 159, in func_with_rollback\n    return func(*args, **kwargs)\n", "  File \"/usr/local/lib/python3.10/site-packages/mage_ai/orchestration/pipeline_scheduler_original.py\", line 198, in start\n    self.schedule()\n", "  File \"/usr/local/lib/python3.10/site-packages/mage_ai/orchestration/db/__init__.py\", line 159, in func_with_rollback\n    return func(*args, **kwargs)\n", "  File \"/usr/local/lib/python3.10/site-packages/mage_ai/orchestration/pipeline_scheduler_original.py\", line 334, in schedule\n    self.__schedule_blocks(block_runs)\n", "  File \"/usr/local/lib/python3.10/site-packages/mage_ai/orchestration/pipeline_scheduler_original.py\", line 641, in __schedule_blocks\n    job_manager.add_job(\n", "  File \"/usr/local/lib/python3.10/site-packages/mage_ai/orchestration/job_manager.py\", line 21, in add_job\n    self.queue.enqueue(job_id, target, *args, **kwargs)\n", "  File \"/usr/local/lib/python3.10/site-packages/mage_ai/orchestration/queue/process_queue.py\", line 122, in enqueue\n    self.start_worker_pool()\n", "  File \"/usr/local/lib/python3.10/site-packages/mage_ai/orchestration/queue/process_queue.py\", line 199, in start_worker_pool\n    self.worker_pool_proc.start()\n", "  File \"/usr/local/lib/python3.10/multiprocessing/process.py\", line 121, in start\n    self._popen = self._Popen(self)\n", "  File \"/usr/local/lib/python3.10/multiprocessing/context.py\", line 224, in _Popen\n    return _default_context.get_context().Process._Popen(process_obj)\n", "  File \"/usr/local/lib/python3.10/multiprocessing/context.py\", line 281, in _Popen\n    return Popen(process_obj)\n", "  File \"/usr/local/lib/python3.10/multiprocessing/popen_fork.py\", line 19, in __init__\n    self._launch(process_obj)\n", "  File \"/usr/local/lib/python3.10/multiprocessing/popen_fork.py\", line 71, in _launch\n    code = process_obj._bootstrap(parent_sentinel=child_r)\n", "  File \"/usr/local/lib/python3.10/multiprocessing/process.py\", line 314, in _bootstrap\n    self.run()\n", "  File \"/usr/local/lib/python3.10/multiprocessing/process.py\", line 108, in run\n    self._target(*self._args, **self._kwargs)\n", "  File \"/usr/local/lib/python3.10/site-packages/mage_ai/orchestration/queue/process_queue.py\", line 355, in poll_job_and_execute\n    worker.start()\n", "  File \"/usr/local/lib/python3.10/multiprocessing/process.py\", line 121, in start\n    self._popen = self._Popen(self)\n", "  File \"/usr/local/lib/python3.10/multiprocessing/context.py\", line 224, in _Popen\n    return _default_context.get_context().Process._Popen(process_obj)\n", "  File \"/usr/local/lib/python3.10/multiprocessing/context.py\", line 281, in _Popen\n    return Popen(process_obj)\n", "  File \"/usr/local/lib/python3.10/multiprocessing/popen_fork.py\", line 19, in __init__\n    self._launch(process_obj)\n", "  File \"/usr/local/lib/python3.10/multiprocessing/popen_fork.py\", line 71, in _launch\n    code = process_obj._bootstrap(parent_sentinel=child_r)\n", "  File \"/usr/local/lib/python3.10/multiprocessing/process.py\", line 314, in _bootstrap\n    self.run()\n", "  File \"/usr/local/lib/python3.10/site-packages/newrelic/api/background_task.py\", line 117, in wrapper\n    return wrapped(*args, **kwargs)\n", "  File \"/usr/local/lib/python3.10/site-packages/mage_ai/orchestration/queue/process_queue.py\", line 319, in run\n    start_session_and_run(args[1], *args[2], **args[3])\n", "  File \"/usr/local/lib/python3.10/site-packages/mage_ai/orchestration/db/process.py\", line 15, in start_session_and_run\n    results = target(*args)\n", "  File \"/usr/local/lib/python3.10/site-packages/mage_ai/orchestration/pipeline_scheduler_original.py\", line 1311, in run_block\n    return ExecutorFactory.get_block_executor(\n", "  File \"/usr/local/lib/python3.10/site-packages/mage_ai/data_preparation/executors/block_executor.py\", line 682, in execute\n    on_failure(\n", "  File \"/usr/local/lib/python3.10/site-packages/mage_ai/orchestration/db/__init__.py\", line 159, in func_with_rollback\n    return func(*args, **kwargs)\n", "  File \"/usr/local/lib/python3.10/site-packages/mage_ai/orchestration/pipeline_scheduler_original.py\", line 465, in on_block_failure\n    self.logger.exception(\n", "  File \"/usr/local/lib/python3.10/site-packages/mage_ai/data_preparation/logging/logger.py\", line 30, in exception\n    self.__send_message('exception', message, **kwargs)\n", "  File \"/usr/local/lib/python3.10/site-packages/mage_ai/data_preparation/logging/logger.py\", line 65, in __send_message\n    data['error_stack'] = traceback.format_stack()\n"], "error_stacktrace": "HTTPSConnectionPool(host='oauth.platform.intuit.com', port=443): Max retries exceeded with url: /oauth2/v1/tokens/bearer (Caused by NewConnectionError('<urllib3.connection.HTTPSConnection object at 0xffffb2f44100>: Failed to establish a new connection: [Errno -5] No address associated with hostname'))"}
Traceback (most recent call last):
  File "/usr/local/lib/python3.10/site-packages/urllib3/connection.py", line 174, in _new_conn
    conn = connection.create_connection(
  File "/usr/local/lib/python3.10/site-packages/urllib3/util/connection.py", line 72, in create_connection
    for res in socket.getaddrinfo(host, port, family, socket.SOCK_STREAM):
  File "/usr/local/lib/python3.10/socket.py", line 967, in getaddrinfo
    for res in _socket.getaddrinfo(host, port, family, type, proto, flags):
socket.gaierror: [Errno -5] No address associated with hostname

During handling of the above exception, another exception occurred:

Traceback (most recent call last):
  File "/usr/local/lib/python3.10/site-packages/urllib3/connectionpool.py", line 716, in urlopen
    httplib_response = self._make_request(
  File "/usr/local/lib/python3.10/site-packages/urllib3/connectionpool.py", line 404, in _make_request
    self._validate_conn(conn)
  File "/usr/local/lib/python3.10/site-packages/urllib3/connectionpool.py", line 1061, in _validate_conn
    conn.connect()
  File "/usr/local/lib/python3.10/site-packages/urllib3/connection.py", line 363, in connect
    self.sock = conn = self._new_conn()
  File "/usr/local/lib/python3.10/site-packages/urllib3/connection.py", line 186, in _new_conn
    raise NewConnectionError(
urllib3.exceptions.NewConnectionError: <urllib3.connection.HTTPSConnection object at 0xffffb2f44100>: Failed to establish a new connection: [Errno -5] No address associated with hostname

During handling of the above exception, another exception occurred:

Traceback (most recent call last):
  File "/usr/local/lib/python3.10/site-packages/requests/adapters.py", line 486, in send
    resp = conn.urlopen(
  File "/usr/local/lib/python3.10/site-packages/urllib3/connectionpool.py", line 802, in urlopen
    retries = retries.increment(
  File "/usr/local/lib/python3.10/site-packages/urllib3/util/retry.py", line 594, in increment
    raise MaxRetryError(_pool, url, error or ResponseError(cause))
urllib3.exceptions.MaxRetryError: HTTPSConnectionPool(host='oauth.platform.intuit.com', port=443): Max retries exceeded with url: /oauth2/v1/tokens/bearer (Caused by NewConnectionError('<urllib3.connection.HTTPSConnection object at 0xffffb2f44100>: Failed to establish a new connection: [Errno -5] No address associated with hostname'))

During handling of the above exception, another exception occurred:

Traceback (most recent call last):
  File "/usr/local/lib/python3.10/site-packages/mage_ai/data_preparation/executors/block_executor.py", line 647, in execute
    result = __execute_with_retry()
  File "/usr/local/lib/python3.10/site-packages/mage_ai/shared/retry.py", line 54, in retry_func
    raise e
  File "/usr/local/lib/python3.10/site-packages/mage_ai/shared/retry.py", line 38, in retry_func
    return func(*args, **kwargs)
  File "/usr/local/lib/python3.10/site-packages/mage_ai/data_preparation/executors/block_executor.py", line 621, in __execute_with_retry
    return self._execute(
  File "/usr/local/lib/python3.10/site-packages/mage_ai/data_preparation/executors/block_executor.py", line 1154, in _execute
    result = self.block.execute_sync(
  File "/usr/local/lib/python3.10/site-packages/mage_ai/data_preparation/models/block/__init__.py", line 1691, in execute_sync
    return __execute()
  File "/usr/local/lib/python3.10/site-packages/mage_ai/data_preparation/models/block/__init__.py", line 1668, in __execute
    raise err
  File "/usr/local/lib/python3.10/site-packages/mage_ai/data_preparation/models/block/__init__.py", line 1570, in __execute
    output = self.execute_block(
  File "/usr/local/lib/python3.10/site-packages/mage_ai/data_preparation/models/block/__init__.py", line 1910, in execute_block
    outputs = self._execute_block(
  File "/usr/local/lib/python3.10/site-packages/mage_ai/data_preparation/models/block/__init__.py", line 2073, in _execute_block
    outputs = self.execute_block_function(
  File "/usr/local/lib/python3.10/site-packages/mage_ai/data_preparation/models/block/__init__.py", line 2169, in execute_block_function
    output = block_function_updated(*input_vars, **global_vars)
  File "<string>", line 62, in load_data
  File "<string>", line 47, in get_access_token
  File "<string>", line 40, in get_access_token
  File "/usr/local/lib/python3.10/site-packages/requests/api.py", line 115, in post
    return request("post", url, data=data, json=json, **kwargs)
  File "/usr/local/lib/python3.10/site-packages/requests/api.py", line 59, in request
    return session.request(method=method, url=url, **kwargs)
  File "/usr/local/lib/python3.10/site-packages/requests/sessions.py", line 589, in request
    resp = self.send(prep, **send_kwargs)
  File "/usr/local/lib/python3.10/site-packages/requests/sessions.py", line 703, in send
    r = adapter.send(request, **kwargs)
  File "/usr/local/lib/python3.10/site-packages/requests/adapters.py", line 519, in send
    raise ConnectionError(e, request=request)
requests.exceptions.ConnectionError: HTTPSConnectionPool(host='oauth.platform.intuit.com', port=443): Max retries exceeded with url: /oauth2/v1/tokens/bearer (Caused by NewConnectionError('<urllib3.connection.HTTPSConnection object at 0xffffb2f44100>: Failed to establish a new connection: [Errno -5] No address associated with hostname'))
2026-01-27T18:54:25 {"cpu": 0.6650390625, "cpu_total": 8, "cpu_usage": 0.0831298828125, "memory": 2054.0, "memory_total": 4943.0, "memory_usage": 0.4155371232045317, "pipeline_run_id": 23, "pipeline_schedule_id": 5, "pipeline_uuid": "qb_invoices_backfill", "hostname": "5c3e07c00964", "level": "INFO", "message": "Pipeline qb_invoices_backfill for run 23 in schedule 5 is alive.", "timestamp": 1769540065.722977, "uuid": "adc2849aae9e4dc59261b202ce9e8727"}
2026-01-27T18:56:45 {"cpu": 0.59375, "cpu_total": 8, "cpu_usage": 0.07421875, "memory": 2025.0, "memory_total": 4943.0, "memory_usage": 0.40967024074448716, "pipeline_run_id": 24, "pipeline_schedule_id": 5, "pipeline_uuid": "qb_invoices_backfill", "hostname": "5c3e07c00964", "level": "INFO", "message": "Pipeline qb_invoices_backfill for run 24 in schedule 5 is alive.", "timestamp": 1769540205.455867, "uuid": "c0e3910032d34cc29c171fc7309751c8"}
2026-01-27T18:56:45 {"cpu": 0.59375, "cpu_total": 8, "cpu_usage": 0.07421875, "memory": 2048.0, "memory_total": 4943.0, "memory_usage": 0.4143232854541776, "pipeline_run_id": 24, "pipeline_schedule_id": 5, "pipeline_uuid": "qb_invoices_backfill", "hostname": "5c3e07c00964", "level": "INFO", "message": "Pipeline qb_invoices_backfill for run 24 in schedule 5 is alive.", "timestamp": 1769540205.519376, "uuid": "0d09d6b9682448578ce8f69893142a6a"}
2026-01-27T18:56:45 {"block_run_id": 47, "block_uuid": "load_invoices_qbo", "pipeline_run_id": 24, "pipeline_schedule_id": 5, "pipeline_uuid": "qb_invoices_backfill", "hostname": "5c3e07c00964", "level": "INFO", "message": "Execute PipelineRun 24, BlockRun 47: pipeline qb_invoices_backfill block load_invoices_qbo", "timestamp": 1769540205.560333, "uuid": "6fa6375336b84ee19dcf88c44d8c4244"}
2026-01-27T18:56:55 {"cpu": 0.603515625, "cpu_total": 8, "cpu_usage": 0.075439453125, "memory": 2056.0, "memory_total": 4943.0, "memory_usage": 0.415941735787983, "pipeline_run_id": 24, "pipeline_schedule_id": 5, "pipeline_uuid": "qb_invoices_backfill", "hostname": "5c3e07c00964", "level": "INFO", "message": "Pipeline qb_invoices_backfill for run 24 in schedule 5 is alive.", "timestamp": 1769540215.621722, "uuid": "cfb44273d357435d82775e828d0d25b9"}
2026-01-27T18:57:05 {"cpu": 0.6025390625, "cpu_total": 8, "cpu_usage": 0.0753173828125, "memory": 2067.0, "memory_total": 4943.0, "memory_usage": 0.4181671049969654, "pipeline_run_id": 24, "pipeline_schedule_id": 5, "pipeline_uuid": "qb_invoices_backfill", "hostname": "5c3e07c00964", "level": "INFO", "message": "Pipeline qb_invoices_backfill for run 24 in schedule 5 is alive.", "timestamp": 1769540225.722112, "uuid": "0e246d63a9c1449f9e989dc61bb144f2"}
2026-01-27T18:57:15 {"cpu": 0.595703125, "cpu_total": 8, "cpu_usage": 0.074462890625, "memory": 2070.0, "memory_total": 4943.0, "memory_usage": 0.4187740238721424, "pipeline_run_id": 24, "pipeline_schedule_id": 5, "pipeline_uuid": "qb_invoices_backfill", "hostname": "5c3e07c00964", "level": "INFO", "message": "Pipeline qb_invoices_backfill for run 24 in schedule 5 is alive.", "timestamp": 1769540235.830843, "uuid": "678710491b1a4103a1cf9657581ff35a"}
2026-01-27T18:57:25 {"cpu": 0.5888671875, "cpu_total": 8, "cpu_usage": 0.0736083984375, "memory": 2077.0, "memory_total": 4943.0, "memory_usage": 0.42019016791422215, "pipeline_run_id": 24, "pipeline_schedule_id": 5, "pipeline_uuid": "qb_invoices_backfill", "hostname": "5c3e07c00964", "level": "INFO", "message": "Pipeline qb_invoices_backfill for run 24 in schedule 5 is alive.", "timestamp": 1769540245.938731, "uuid": "dadf0a331ca74c41a095cebc9d6aff85"}
2026-01-27T18:57:36 {"cpu": 0.58203125, "cpu_total": 8, "cpu_usage": 0.07275390625, "memory": 2072.0, "memory_total": 4943.0, "memory_usage": 0.4191786364555938, "pipeline_run_id": 24, "pipeline_schedule_id": 5, "pipeline_uuid": "qb_invoices_backfill", "hostname": "5c3e07c00964", "level": "INFO", "message": "Pipeline qb_invoices_backfill for run 24 in schedule 5 is alive.", "timestamp": 1769540256.046325, "uuid": "f9aee82841d94576914869784c477a08"}
2026-01-27T18:57:45 {"cpu": 0.5751953125, "cpu_total": 8, "cpu_usage": 0.0718994140625, "memory": 2066.0, "memory_total": 4943.0, "memory_usage": 0.4179647987052397, "pipeline_run_id": 24, "pipeline_schedule_id": 5, "pipeline_uuid": "qb_invoices_backfill", "hostname": "5c3e07c00964", "level": "INFO", "message": "Pipeline qb_invoices_backfill for run 24 in schedule 5 is alive.", "timestamp": 1769540265.235571, "uuid": "87599810646d4e98833bd5e4a2f55582"}
2026-01-27T18:57:55 {"cpu": 0.568359375, "cpu_total": 8, "cpu_usage": 0.071044921875, "memory": 2069.0, "memory_total": 4943.0, "memory_usage": 0.4185717175804167, "pipeline_run_id": 24, "pipeline_schedule_id": 5, "pipeline_uuid": "qb_invoices_backfill", "hostname": "5c3e07c00964", "level": "INFO", "message": "Pipeline qb_invoices_backfill for run 24 in schedule 5 is alive.", "timestamp": 1769540275.372808, "uuid": "2612a910e5d54a5ea992304fc434d46f"}
2026-01-27T18:58:05 {"cpu": 0.57275390625, "cpu_total": 8, "cpu_usage": 0.07159423828125, "memory": 2054.0, "memory_total": 4943.0, "memory_usage": 0.4155371232045317, "pipeline_run_id": 24, "pipeline_schedule_id": 5, "pipeline_uuid": "qb_invoices_backfill", "hostname": "5c3e07c00964", "level": "INFO", "message": "Pipeline qb_invoices_backfill for run 24 in schedule 5 is alive.", "timestamp": 1769540285.474473, "uuid": "48fec7ca15d14d1bab8148f95efe6dca"}
2026-01-27T18:58:15 {"cpu": 0.56591796875, "cpu_total": 8, "cpu_usage": 0.07073974609375, "memory": 2045.0, "memory_total": 4943.0, "memory_usage": 0.4137163665790006, "pipeline_run_id": 24, "pipeline_schedule_id": 5, "pipeline_uuid": "qb_invoices_backfill", "hostname": "5c3e07c00964", "level": "INFO", "message": "Pipeline qb_invoices_backfill for run 24 in schedule 5 is alive.", "timestamp": 1769540295.777449, "uuid": "bb0e2377deb449a7a10d5aaccf74a74c"}
2026-01-27T18:58:26 {"cpu": 0.55908203125, "cpu_total": 8, "cpu_usage": 0.06988525390625, "memory": 2055.0, "memory_total": 4943.0, "memory_usage": 0.4157394294962573, "pipeline_run_id": 24, "pipeline_schedule_id": 5, "pipeline_uuid": "qb_invoices_backfill", "hostname": "5c3e07c00964", "level": "INFO", "message": "Pipeline qb_invoices_backfill for run 24 in schedule 5 is alive.", "timestamp": 1769540306.046199, "uuid": "4f09ec49495341f7b8f8cfa4370b0903"}
2026-01-27T18:58:35 {"cpu": 0.55224609375, "cpu_total": 8, "cpu_usage": 0.06903076171875, "memory": 2055.0, "memory_total": 4943.0, "memory_usage": 0.4157394294962573, "pipeline_run_id": 24, "pipeline_schedule_id": 5, "pipeline_uuid": "qb_invoices_backfill", "hostname": "5c3e07c00964", "level": "INFO", "message": "Pipeline qb_invoices_backfill for run 24 in schedule 5 is alive.", "timestamp": 1769540315.134132, "uuid": "827337a225e74521847509928e4e346c"}
2026-01-27T18:58:45 {"cpu": 0.556640625, "cpu_total": 8, "cpu_usage": 0.069580078125, "memory": 2054.0, "memory_total": 4943.0, "memory_usage": 0.4155371232045317, "pipeline_run_id": 24, "pipeline_schedule_id": 5, "pipeline_uuid": "qb_invoices_backfill", "hostname": "5c3e07c00964", "level": "INFO", "message": "Pipeline qb_invoices_backfill for run 24 in schedule 5 is alive.", "timestamp": 1769540325.232926, "uuid": "421a39f35b674668a7046c606530c960"}
2026-01-27T18:58:55 {"cpu": 0.56103515625, "cpu_total": 8, "cpu_usage": 0.07012939453125, "memory": 2058.0, "memory_total": 4943.0, "memory_usage": 0.41634634837143436, "pipeline_run_id": 24, "pipeline_schedule_id": 5, "pipeline_uuid": "qb_invoices_backfill", "hostname": "5c3e07c00964", "level": "INFO", "message": "Pipeline qb_invoices_backfill for run 24 in schedule 5 is alive.", "timestamp": 1769540335.32963, "uuid": "2f80f4d8ec2045edac41210c97e7d3fd"}
2026-01-27T18:59:05 {"cpu": 0.57666015625, "cpu_total": 8, "cpu_usage": 0.07208251953125, "memory": 2059.0, "memory_total": 4943.0, "memory_usage": 0.41654865466316005, "pipeline_run_id": 24, "pipeline_schedule_id": 5, "pipeline_uuid": "qb_invoices_backfill", "hostname": "5c3e07c00964", "level": "INFO", "message": "Pipeline qb_invoices_backfill for run 24 in schedule 5 is alive.", "timestamp": 1769540345.43889, "uuid": "f44248a001204227bac6e606a5333acc"}
2026-01-27T18:59:15 {"cpu": 0.59228515625, "cpu_total": 8, "cpu_usage": 0.07403564453125, "memory": 2050.0, "memory_total": 4943.0, "memory_usage": 0.414727898037629, "pipeline_run_id": 24, "pipeline_schedule_id": 5, "pipeline_uuid": "qb_invoices_backfill", "hostname": "5c3e07c00964", "level": "INFO", "message": "Pipeline qb_invoices_backfill for run 24 in schedule 5 is alive.", "timestamp": 1769540355.556282, "uuid": "e43fc3333b004188bfd695d5571f4274"}
2026-01-27T18:59:25 {"cpu": 0.61328125, "cpu_total": 8, "cpu_usage": 0.07666015625, "memory": 2056.0, "memory_total": 4943.0, "memory_usage": 0.415941735787983, "pipeline_run_id": 24, "pipeline_schedule_id": 5, "pipeline_uuid": "qb_invoices_backfill", "hostname": "5c3e07c00964", "level": "INFO", "message": "Pipeline qb_invoices_backfill for run 24 in schedule 5 is alive.", "timestamp": 1769540365.671231, "uuid": "f7332e6102794fadb5aad592a6313b11"}
2026-01-27T18:59:35 {"cpu": 0.62890625, "cpu_total": 8, "cpu_usage": 0.07861328125, "memory": 2055.0, "memory_total": 4943.0, "memory_usage": 0.4157394294962573, "pipeline_run_id": 24, "pipeline_schedule_id": 5, "pipeline_uuid": "qb_invoices_backfill", "hostname": "5c3e07c00964", "level": "INFO", "message": "Pipeline qb_invoices_backfill for run 24 in schedule 5 is alive.", "timestamp": 1769540375.769778, "uuid": "29c85078421546578c2327efb534f18e"}
2026-01-27T18:59:39 {"block_run_id": 47, "block_uuid": "load_invoices_qbo", "pipeline_run_id": 24, "pipeline_schedule_id": 5, "pipeline_uuid": "qb_invoices_backfill", "hostname": "5c3e07c00964", "level": "EXCEPTION", "message": "BlockRun 47 (block_uuid: load_invoices_qbo) failed.", "timestamp": 1769540379.771092, "uuid": "1cb09e0fea9f405988721c5f0a2f0fae", "error": "Traceback (most recent call last):\n  File \"/usr/local/lib/python3.10/site-packages/urllib3/connectionpool.py\", line 716, in urlopen\n    httplib_response = self._make_request(\n  File \"/usr/local/lib/python3.10/site-packages/urllib3/connectionpool.py\", line 404, in _make_request\n    self._validate_conn(conn)\n  File \"/usr/local/lib/python3.10/site-packages/urllib3/connectionpool.py\", line 1061, in _validate_conn\n    conn.connect()\n  File \"/usr/local/lib/python3.10/site-packages/urllib3/connection.py\", line 419, in connect\n    self.sock = ssl_wrap_socket(\n  File \"/usr/local/lib/python3.10/site-packages/urllib3/util/ssl_.py\", line 458, in ssl_wrap_socket\n    ssl_sock = _ssl_wrap_socket_impl(\n  File \"/usr/local/lib/python3.10/site-packages/urllib3/util/ssl_.py\", line 502, in _ssl_wrap_socket_impl\n    return ssl_context.wrap_socket(sock, server_hostname=server_hostname)\n  File \"/usr/local/lib/python3.10/ssl.py\", line 513, in wrap_socket\n    return self.sslsocket_class._create(\n  File \"/usr/local/lib/python3.10/ssl.py\", line 1104, in _create\n    self.do_handshake()\n  File \"/usr/local/lib/python3.10/ssl.py\", line 1375, in do_handshake\n    self._sslobj.do_handshake()\nssl.SSLEOFError: [SSL: UNEXPECTED_EOF_WHILE_READING] EOF occurred in violation of protocol (_ssl.c:1017)\n\nDuring handling of the above exception, another exception occurred:\n\nTraceback (most recent call last):\n  File \"/usr/local/lib/python3.10/site-packages/requests/adapters.py\", line 486, in send\n    resp = conn.urlopen(\n  File \"/usr/local/lib/python3.10/site-packages/urllib3/connectionpool.py\", line 802, in urlopen\n    retries = retries.increment(\n  File \"/usr/local/lib/python3.10/site-packages/urllib3/util/retry.py\", line 594, in increment\n    raise MaxRetryError(_pool, url, error or ResponseError(cause))\nurllib3.exceptions.MaxRetryError: HTTPSConnectionPool(host='oauth.platform.intuit.com', port=443): Max retries exceeded with url: /oauth2/v1/tokens/bearer (Caused by SSLError(SSLEOFError(8, '[SSL: UNEXPECTED_EOF_WHILE_READING] EOF occurred in violation of protocol (_ssl.c:1017)')))\n\nDuring handling of the above exception, another exception occurred:\n\nTraceback (most recent call last):\n  File \"/usr/local/lib/python3.10/site-packages/mage_ai/data_preparation/executors/block_executor.py\", line 647, in execute\n    result = __execute_with_retry()\n  File \"/usr/local/lib/python3.10/site-packages/mage_ai/shared/retry.py\", line 54, in retry_func\n    raise e\n  File \"/usr/local/lib/python3.10/site-packages/mage_ai/shared/retry.py\", line 38, in retry_func\n    return func(*args, **kwargs)\n  File \"/usr/local/lib/python3.10/site-packages/mage_ai/data_preparation/executors/block_executor.py\", line 621, in __execute_with_retry\n    return self._execute(\n  File \"/usr/local/lib/python3.10/site-packages/mage_ai/data_preparation/executors/block_executor.py\", line 1154, in _execute\n    result = self.block.execute_sync(\n  File \"/usr/local/lib/python3.10/site-packages/mage_ai/data_preparation/models/block/__init__.py\", line 1691, in execute_sync\n    return __execute()\n  File \"/usr/local/lib/python3.10/site-packages/mage_ai/data_preparation/models/block/__init__.py\", line 1668, in __execute\n    raise err\n  File \"/usr/local/lib/python3.10/site-packages/mage_ai/data_preparation/models/block/__init__.py\", line 1570, in __execute\n    output = self.execute_block(\n  File \"/usr/local/lib/python3.10/site-packages/mage_ai/data_preparation/models/block/__init__.py\", line 1910, in execute_block\n    outputs = self._execute_block(\n  File \"/usr/local/lib/python3.10/site-packages/mage_ai/data_preparation/models/block/__init__.py\", line 2073, in _execute_block\n    outputs = self.execute_block_function(\n  File \"/usr/local/lib/python3.10/site-packages/mage_ai/data_preparation/models/block/__init__.py\", line 2169, in execute_block_function\n    output = block_function_updated(*input_vars, **global_vars)\n  File \"<string>\", line 62, in load_data\n  File \"<string>\", line 47, in get_access_token\n  File \"<string>\", line 40, in get_access_token\n  File \"/usr/local/lib/python3.10/site-packages/requests/api.py\", line 115, in post\n    return request(\"post\", url, data=data, json=json, **kwargs)\n  File \"/usr/local/lib/python3.10/site-packages/requests/api.py\", line 59, in request\n    return session.request(method=method, url=url, **kwargs)\n  File \"/usr/local/lib/python3.10/site-packages/requests/sessions.py\", line 589, in request\n    resp = self.send(prep, **send_kwargs)\n  File \"/usr/local/lib/python3.10/site-packages/requests/sessions.py\", line 703, in send\n    r = adapter.send(request, **kwargs)\n  File \"/usr/local/lib/python3.10/site-packages/requests/adapters.py\", line 517, in send\n    raise SSLError(e, request=request)\nrequests.exceptions.SSLError: HTTPSConnectionPool(host='oauth.platform.intuit.com', port=443): Max retries exceeded with url: /oauth2/v1/tokens/bearer (Caused by SSLError(SSLEOFError(8, '[SSL: UNEXPECTED_EOF_WHILE_READING] EOF occurred in violation of protocol (_ssl.c:1017)')))\n", "error_stack": ["  File \"/usr/local/bin/mage\", line 8, in <module>\n    sys.exit(app())\n", "  File \"/usr/local/lib/python3.10/site-packages/typer/main.py\", line 311, in __call__\n    return get_command(self)(*args, **kwargs)\n", "  File \"/usr/local/lib/python3.10/site-packages/click/core.py\", line 1161, in __call__\n    return self.main(*args, **kwargs)\n", "  File \"/usr/local/lib/python3.10/site-packages/typer/core.py\", line 778, in main\n    return _main(\n", "  File \"/usr/local/lib/python3.10/site-packages/typer/core.py\", line 216, in _main\n    rv = self.invoke(ctx)\n", "  File \"/usr/local/lib/python3.10/site-packages/click/core.py\", line 1697, in invoke\n    return _process_result(sub_ctx.command.invoke(sub_ctx))\n", "  File \"/usr/local/lib/python3.10/site-packages/click/core.py\", line 1443, in invoke\n    return ctx.invoke(self.callback, **ctx.params)\n", "  File \"/usr/local/lib/python3.10/site-packages/click/core.py\", line 788, in invoke\n    return __callback(*args, **kwargs)\n", "  File \"/usr/local/lib/python3.10/site-packages/typer/main.py\", line 683, in wrapper\n    return callback(**use_params)  # type: ignore\n", "  File \"/usr/local/lib/python3.10/site-packages/mage_ai/cli/main.py\", line 147, in start\n    start_server(\n", "  File \"/usr/local/lib/python3.10/site-packages/mage_ai/server/server.py\", line 813, in start_server\n    scheduler_manager.start_scheduler()\n", "  File \"/usr/local/lib/python3.10/site-packages/mage_ai/server/scheduler_manager.py\", line 108, in start_scheduler\n    proc.start()\n", "  File \"/usr/local/lib/python3.10/multiprocessing/process.py\", line 121, in start\n    self._popen = self._Popen(self)\n", "  File \"/usr/local/lib/python3.10/multiprocessing/context.py\", line 224, in _Popen\n    return _default_context.get_context().Process._Popen(process_obj)\n", "  File \"/usr/local/lib/python3.10/multiprocessing/context.py\", line 281, in _Popen\n    return Popen(process_obj)\n", "  File \"/usr/local/lib/python3.10/multiprocessing/popen_fork.py\", line 19, in __init__\n    self._launch(process_obj)\n", "  File \"/usr/local/lib/python3.10/multiprocessing/popen_fork.py\", line 71, in _launch\n    code = process_obj._bootstrap(parent_sentinel=child_r)\n", "  File \"/usr/local/lib/python3.10/multiprocessing/process.py\", line 314, in _bootstrap\n    self.run()\n", "  File \"/usr/local/lib/python3.10/multiprocessing/process.py\", line 108, in run\n    self._target(*self._args, **self._kwargs)\n", "  File \"/usr/local/lib/python3.10/site-packages/mage_ai/orchestration/db/process.py\", line 15, in start_session_and_run\n    results = target(*args)\n", "  File \"/usr/local/lib/python3.10/site-packages/mage_ai/server/scheduler_manager.py\", line 60, in run_scheduler\n    LoopTimeTrigger().start()\n", "  File \"/usr/local/lib/python3.10/site-packages/mage_ai/orchestration/triggers/loop_time_trigger.py\", line 14, in start\n    self.run()\n", "  File \"/usr/local/lib/python3.10/site-packages/mage_ai/orchestration/triggers/time_trigger.py\", line 11, in run\n    schedule_all()\n", "  File \"/usr/local/lib/python3.10/site-packages/mage_ai/orchestration/pipeline_scheduler_original.py\", line 1791, in schedule_all\n    PipelineScheduler(r).start()\n", "  File \"/usr/local/lib/python3.10/site-packages/mage_ai/orchestration/db/__init__.py\", line 159, in func_with_rollback\n    return func(*args, **kwargs)\n", "  File \"/usr/local/lib/python3.10/site-packages/mage_ai/orchestration/pipeline_scheduler_original.py\", line 198, in start\n    self.schedule()\n", "  File \"/usr/local/lib/python3.10/site-packages/mage_ai/orchestration/db/__init__.py\", line 159, in func_with_rollback\n    return func(*args, **kwargs)\n", "  File \"/usr/local/lib/python3.10/site-packages/mage_ai/orchestration/pipeline_scheduler_original.py\", line 334, in schedule\n    self.__schedule_blocks(block_runs)\n", "  File \"/usr/local/lib/python3.10/site-packages/mage_ai/orchestration/pipeline_scheduler_original.py\", line 641, in __schedule_blocks\n    job_manager.add_job(\n", "  File \"/usr/local/lib/python3.10/site-packages/mage_ai/orchestration/job_manager.py\", line 21, in add_job\n    self.queue.enqueue(job_id, target, *args, **kwargs)\n", "  File \"/usr/local/lib/python3.10/site-packages/mage_ai/orchestration/queue/process_queue.py\", line 122, in enqueue\n    self.start_worker_pool()\n", "  File \"/usr/local/lib/python3.10/site-packages/mage_ai/orchestration/queue/process_queue.py\", line 199, in start_worker_pool\n    self.worker_pool_proc.start()\n", "  File \"/usr/local/lib/python3.10/multiprocessing/process.py\", line 121, in start\n    self._popen = self._Popen(self)\n", "  File \"/usr/local/lib/python3.10/multiprocessing/context.py\", line 224, in _Popen\n    return _default_context.get_context().Process._Popen(process_obj)\n", "  File \"/usr/local/lib/python3.10/multiprocessing/context.py\", line 281, in _Popen\n    return Popen(process_obj)\n", "  File \"/usr/local/lib/python3.10/multiprocessing/popen_fork.py\", line 19, in __init__\n    self._launch(process_obj)\n", "  File \"/usr/local/lib/python3.10/multiprocessing/popen_fork.py\", line 71, in _launch\n    code = process_obj._bootstrap(parent_sentinel=child_r)\n", "  File \"/usr/local/lib/python3.10/multiprocessing/process.py\", line 314, in _bootstrap\n    self.run()\n", "  File \"/usr/local/lib/python3.10/multiprocessing/process.py\", line 108, in run\n    self._target(*self._args, **self._kwargs)\n", "  File \"/usr/local/lib/python3.10/site-packages/mage_ai/orchestration/queue/process_queue.py\", line 355, in poll_job_and_execute\n    worker.start()\n", "  File \"/usr/local/lib/python3.10/multiprocessing/process.py\", line 121, in start\n    self._popen = self._Popen(self)\n", "  File \"/usr/local/lib/python3.10/multiprocessing/context.py\", line 224, in _Popen\n    return _default_context.get_context().Process._Popen(process_obj)\n", "  File \"/usr/local/lib/python3.10/multiprocessing/context.py\", line 281, in _Popen\n    return Popen(process_obj)\n", "  File \"/usr/local/lib/python3.10/multiprocessing/popen_fork.py\", line 19, in __init__\n    self._launch(process_obj)\n", "  File \"/usr/local/lib/python3.10/multiprocessing/popen_fork.py\", line 71, in _launch\n    code = process_obj._bootstrap(parent_sentinel=child_r)\n", "  File \"/usr/local/lib/python3.10/multiprocessing/process.py\", line 314, in _bootstrap\n    self.run()\n", "  File \"/usr/local/lib/python3.10/site-packages/newrelic/api/background_task.py\", line 117, in wrapper\n    return wrapped(*args, **kwargs)\n", "  File \"/usr/local/lib/python3.10/site-packages/mage_ai/orchestration/queue/process_queue.py\", line 319, in run\n    start_session_and_run(args[1], *args[2], **args[3])\n", "  File \"/usr/local/lib/python3.10/site-packages/mage_ai/orchestration/db/process.py\", line 15, in start_session_and_run\n    results = target(*args)\n", "  File \"/usr/local/lib/python3.10/site-packages/mage_ai/orchestration/pipeline_scheduler_original.py\", line 1311, in run_block\n    return ExecutorFactory.get_block_executor(\n", "  File \"/usr/local/lib/python3.10/site-packages/mage_ai/data_preparation/executors/block_executor.py\", line 682, in execute\n    on_failure(\n", "  File \"/usr/local/lib/python3.10/site-packages/mage_ai/orchestration/db/__init__.py\", line 159, in func_with_rollback\n    return func(*args, **kwargs)\n", "  File \"/usr/local/lib/python3.10/site-packages/mage_ai/orchestration/pipeline_scheduler_original.py\", line 465, in on_block_failure\n    self.logger.exception(\n", "  File \"/usr/local/lib/python3.10/site-packages/mage_ai/data_preparation/logging/logger.py\", line 30, in exception\n    self.__send_message('exception', message, **kwargs)\n", "  File \"/usr/local/lib/python3.10/site-packages/mage_ai/data_preparation/logging/logger.py\", line 65, in __send_message\n    data['error_stack'] = traceback.format_stack()\n"], "error_stacktrace": "HTTPSConnectionPool(host='oauth.platform.intuit.com', port=443): Max retries exceeded with url: /oauth2/v1/tokens/bearer (Caused by SSLError(SSLEOFError(8, '[SSL: UNEXPECTED_EOF_WHILE_READING] EOF occurred in violation of protocol (_ssl.c:1017)')))"}
Traceback (most recent call last):
  File "/usr/local/lib/python3.10/site-packages/urllib3/connectionpool.py", line 716, in urlopen
    httplib_response = self._make_request(
  File "/usr/local/lib/python3.10/site-packages/urllib3/connectionpool.py", line 404, in _make_request
    self._validate_conn(conn)
  File "/usr/local/lib/python3.10/site-packages/urllib3/connectionpool.py", line 1061, in _validate_conn
    conn.connect()
  File "/usr/local/lib/python3.10/site-packages/urllib3/connection.py", line 419, in connect
    self.sock = ssl_wrap_socket(
  File "/usr/local/lib/python3.10/site-packages/urllib3/util/ssl_.py", line 458, in ssl_wrap_socket
    ssl_sock = _ssl_wrap_socket_impl(
  File "/usr/local/lib/python3.10/site-packages/urllib3/util/ssl_.py", line 502, in _ssl_wrap_socket_impl
    return ssl_context.wrap_socket(sock, server_hostname=server_hostname)
  File "/usr/local/lib/python3.10/ssl.py", line 513, in wrap_socket
    return self.sslsocket_class._create(
  File "/usr/local/lib/python3.10/ssl.py", line 1104, in _create
    self.do_handshake()
  File "/usr/local/lib/python3.10/ssl.py", line 1375, in do_handshake
    self._sslobj.do_handshake()
ssl.SSLEOFError: [SSL: UNEXPECTED_EOF_WHILE_READING] EOF occurred in violation of protocol (_ssl.c:1017)

During handling of the above exception, another exception occurred:

Traceback (most recent call last):
  File "/usr/local/lib/python3.10/site-packages/requests/adapters.py", line 486, in send
    resp = conn.urlopen(
  File "/usr/local/lib/python3.10/site-packages/urllib3/connectionpool.py", line 802, in urlopen
    retries = retries.increment(
  File "/usr/local/lib/python3.10/site-packages/urllib3/util/retry.py", line 594, in increment
    raise MaxRetryError(_pool, url, error or ResponseError(cause))
urllib3.exceptions.MaxRetryError: HTTPSConnectionPool(host='oauth.platform.intuit.com', port=443): Max retries exceeded with url: /oauth2/v1/tokens/bearer (Caused by SSLError(SSLEOFError(8, '[SSL: UNEXPECTED_EOF_WHILE_READING] EOF occurred in violation of protocol (_ssl.c:1017)')))

During handling of the above exception, another exception occurred:

Traceback (most recent call last):
  File "/usr/local/lib/python3.10/site-packages/mage_ai/data_preparation/executors/block_executor.py", line 647, in execute
    result = __execute_with_retry()
  File "/usr/local/lib/python3.10/site-packages/mage_ai/shared/retry.py", line 54, in retry_func
    raise e
  File "/usr/local/lib/python3.10/site-packages/mage_ai/shared/retry.py", line 38, in retry_func
    return func(*args, **kwargs)
  File "/usr/local/lib/python3.10/site-packages/mage_ai/data_preparation/executors/block_executor.py", line 621, in __execute_with_retry
    return self._execute(
  File "/usr/local/lib/python3.10/site-packages/mage_ai/data_preparation/executors/block_executor.py", line 1154, in _execute
    result = self.block.execute_sync(
  File "/usr/local/lib/python3.10/site-packages/mage_ai/data_preparation/models/block/__init__.py", line 1691, in execute_sync
    return __execute()
  File "/usr/local/lib/python3.10/site-packages/mage_ai/data_preparation/models/block/__init__.py", line 1668, in __execute
    raise err
  File "/usr/local/lib/python3.10/site-packages/mage_ai/data_preparation/models/block/__init__.py", line 1570, in __execute
    output = self.execute_block(
  File "/usr/local/lib/python3.10/site-packages/mage_ai/data_preparation/models/block/__init__.py", line 1910, in execute_block
    outputs = self._execute_block(
  File "/usr/local/lib/python3.10/site-packages/mage_ai/data_preparation/models/block/__init__.py", line 2073, in _execute_block
    outputs = self.execute_block_function(
  File "/usr/local/lib/python3.10/site-packages/mage_ai/data_preparation/models/block/__init__.py", line 2169, in execute_block_function
    output = block_function_updated(*input_vars, **global_vars)
  File "<string>", line 62, in load_data
  File "<string>", line 47, in get_access_token
  File "<string>", line 40, in get_access_token
  File "/usr/local/lib/python3.10/site-packages/requests/api.py", line 115, in post
    return request("post", url, data=data, json=json, **kwargs)
  File "/usr/local/lib/python3.10/site-packages/requests/api.py", line 59, in request
    return session.request(method=method, url=url, **kwargs)
  File "/usr/local/lib/python3.10/site-packages/requests/sessions.py", line 589, in request
    resp = self.send(prep, **send_kwargs)
  File "/usr/local/lib/python3.10/site-packages/requests/sessions.py", line 703, in send
    r = adapter.send(request, **kwargs)
  File "/usr/local/lib/python3.10/site-packages/requests/adapters.py", line 517, in send
    raise SSLError(e, request=request)
requests.exceptions.SSLError: HTTPSConnectionPool(host='oauth.platform.intuit.com', port=443): Max retries exceeded with url: /oauth2/v1/tokens/bearer (Caused by SSLError(SSLEOFError(8, '[SSL: UNEXPECTED_EOF_WHILE_READING] EOF occurred in violation of protocol (_ssl.c:1017)')))
2026-01-27T18:59:45 {"cpu": 0.638671875, "cpu_total": 8, "cpu_usage": 0.079833984375, "memory": 2011.0, "memory_total": 4943.0, "memory_usage": 0.40683795266032774, "pipeline_run_id": 24, "pipeline_schedule_id": 5, "pipeline_uuid": "qb_invoices_backfill", "hostname": "5c3e07c00964", "level": "INFO", "message": "Pipeline qb_invoices_backfill for run 24 in schedule 5 is alive.", "timestamp": 1769540385.870518, "uuid": "7d6da3c41ff84500a46a45e3a90707b5"}
2026-01-27T22:57:12 {"cpu": 0.9638671875, "cpu_total": 8, "cpu_usage": 0.1204833984375, "memory": 1997.0, "memory_total": 4943.0, "memory_usage": 0.4040056645761683, "pipeline_run_id": 25, "pipeline_schedule_id": 5, "pipeline_uuid": "qb_invoices_backfill", "hostname": "5c3e07c00964", "level": "INFO", "message": "Pipeline qb_invoices_backfill for run 25 in schedule 5 is alive.", "timestamp": 1769554632.231576, "uuid": "1304197aa6ff4af3a166f2767fa30983"}
2026-01-27T22:57:12 {"cpu": 0.9638671875, "cpu_total": 8, "cpu_usage": 0.1204833984375, "memory": 2034.0, "memory_total": 4943.0, "memory_usage": 0.4114909973700182, "pipeline_run_id": 25, "pipeline_schedule_id": 5, "pipeline_uuid": "qb_invoices_backfill", "hostname": "5c3e07c00964", "level": "INFO", "message": "Pipeline qb_invoices_backfill for run 25 in schedule 5 is alive.", "timestamp": 1769554632.304528, "uuid": "3e93108733254ff691d057a01935e2a2"}
2026-01-27T22:57:12 {"block_run_id": 49, "block_uuid": "load_invoices_qbo", "pipeline_run_id": 25, "pipeline_schedule_id": 5, "pipeline_uuid": "qb_invoices_backfill", "hostname": "5c3e07c00964", "level": "INFO", "message": "Execute PipelineRun 25, BlockRun 49: pipeline qb_invoices_backfill block load_invoices_qbo", "timestamp": 1769554632.360474, "uuid": "b4cd35ee8232482686bcb71f9f85cac1"}
2026-01-27T22:57:22 {"cpu": 0.953125, "cpu_total": 8, "cpu_usage": 0.119140625, "memory": 2047.0, "memory_total": 4943.0, "memory_usage": 0.41412097916245194, "pipeline_run_id": 25, "pipeline_schedule_id": 5, "pipeline_uuid": "qb_invoices_backfill", "hostname": "5c3e07c00964", "level": "INFO", "message": "Pipeline qb_invoices_backfill for run 25 in schedule 5 is alive.", "timestamp": 1769554642.412707, "uuid": "78f07fe8016045c0aefe8763e9641f88"}
2026-01-27T22:57:32 {"cpu": 0.9423828125, "cpu_total": 8, "cpu_usage": 0.1177978515625, "memory": 2056.0, "memory_total": 4943.0, "memory_usage": 0.415941735787983, "pipeline_run_id": 25, "pipeline_schedule_id": 5, "pipeline_uuid": "qb_invoices_backfill", "hostname": "5c3e07c00964", "level": "INFO", "message": "Pipeline qb_invoices_backfill for run 25 in schedule 5 is alive.", "timestamp": 1769554652.515886, "uuid": "3b914096271f4a27a26509c89b540e98"}
2026-01-27T22:57:42 {"cpu": 0.931640625, "cpu_total": 8, "cpu_usage": 0.116455078125, "memory": 2065.0, "memory_total": 4943.0, "memory_usage": 0.41776249241351404, "pipeline_run_id": 25, "pipeline_schedule_id": 5, "pipeline_uuid": "qb_invoices_backfill", "hostname": "5c3e07c00964", "level": "INFO", "message": "Pipeline qb_invoices_backfill for run 25 in schedule 5 is alive.", "timestamp": 1769554662.611384, "uuid": "aa5ad3d617414ce7a4f9c3172b698ba5"}
2026-01-27T22:57:52 {"cpu": 0.93798828125, "cpu_total": 8, "cpu_usage": 0.11724853515625, "memory": 2057.0, "memory_total": 4943.0, "memory_usage": 0.4161440420797087, "pipeline_run_id": 25, "pipeline_schedule_id": 5, "pipeline_uuid": "qb_invoices_backfill", "hostname": "5c3e07c00964", "level": "INFO", "message": "Pipeline qb_invoices_backfill for run 25 in schedule 5 is alive.", "timestamp": 1769554672.665865, "uuid": "415ff867df754b8cb92ac19fbfcad882"}
2026-01-27T22:58:02 {"cpu": 0.92724609375, "cpu_total": 8, "cpu_usage": 0.11590576171875, "memory": 2062.0, "memory_total": 4943.0, "memory_usage": 0.41715557353833704, "pipeline_run_id": 25, "pipeline_schedule_id": 5, "pipeline_uuid": "qb_invoices_backfill", "hostname": "5c3e07c00964", "level": "INFO", "message": "Pipeline qb_invoices_backfill for run 25 in schedule 5 is alive.", "timestamp": 1769554682.759415, "uuid": "f0cb76fd261b4323b275f1a71696dd14"}
2026-01-27T22:58:12 {"cpu": 0.92236328125, "cpu_total": 8, "cpu_usage": 0.11529541015625, "memory": 2052.0, "memory_total": 4943.0, "memory_usage": 0.4151325106210803, "pipeline_run_id": 25, "pipeline_schedule_id": 5, "pipeline_uuid": "qb_invoices_backfill", "hostname": "5c3e07c00964", "level": "INFO", "message": "Pipeline qb_invoices_backfill for run 25 in schedule 5 is alive.", "timestamp": 1769554692.814063, "uuid": "b23782b0e1474979ba31c7ebc1d4a862"}
2026-01-27T22:58:22 {"cpu": 0.9228515625, "cpu_total": 8, "cpu_usage": 0.1153564453125, "memory": 2040.0, "memory_total": 4943.0, "memory_usage": 0.41270483512037226, "pipeline_run_id": 25, "pipeline_schedule_id": 5, "pipeline_uuid": "qb_invoices_backfill", "hostname": "5c3e07c00964", "level": "INFO", "message": "Pipeline qb_invoices_backfill for run 25 in schedule 5 is alive.", "timestamp": 1769554702.884101, "uuid": "0b6375f5c5914b6a90b1406c246d7691"}
2026-01-27T22:58:32 {"cpu": 0.912109375, "cpu_total": 8, "cpu_usage": 0.114013671875, "memory": 2051.0, "memory_total": 4943.0, "memory_usage": 0.4149302043293546, "pipeline_run_id": 25, "pipeline_schedule_id": 5, "pipeline_uuid": "qb_invoices_backfill", "hostname": "5c3e07c00964", "level": "INFO", "message": "Pipeline qb_invoices_backfill for run 25 in schedule 5 is alive.", "timestamp": 1769554712.94224, "uuid": "b5592d7c971140f99f3748576867ac9c"}
2026-01-27T22:58:34 {"block_run_id": 49, "block_uuid": "load_invoices_qbo", "pipeline_run_id": 25, "pipeline_schedule_id": 5, "pipeline_uuid": "qb_invoices_backfill", "hostname": "5c3e07c00964", "level": "INFO", "message": "BlockRun 49 (block_uuid: load_invoices_qbo) completes.", "timestamp": 1769554714.682986, "uuid": "aced69f0b0244e738ee2e277b6234e3f"}
2026-01-27T22:58:43 {"cpu": 0.90185546875, "cpu_total": 8, "cpu_usage": 0.11273193359375, "memory": 1986.0, "memory_total": 4943.0, "memory_usage": 0.4017802953671859, "pipeline_run_id": 25, "pipeline_schedule_id": 5, "pipeline_uuid": "qb_invoices_backfill", "hostname": "5c3e07c00964", "level": "INFO", "message": "Pipeline qb_invoices_backfill for run 25 in schedule 5 is alive.", "timestamp": 1769554723.036872, "uuid": "7accc67dc1e347d5a63f770f6f76da31"}
2026-01-27T22:58:43 {"block_run_id": 50, "block_uuid": "export_invoices_raw", "pipeline_run_id": 25, "pipeline_schedule_id": 5, "pipeline_uuid": "qb_invoices_backfill", "hostname": "5c3e07c00964", "level": "INFO", "message": "Execute PipelineRun 25, BlockRun 50: pipeline qb_invoices_backfill block export_invoices_raw", "timestamp": 1769554723.118141, "uuid": "7b7b9cdcdb9a431abb2075bb607bae39"}
2026-01-27T22:58:43 {"block_run_id": 50, "block_uuid": "export_invoices_raw", "pipeline_run_id": 25, "pipeline_schedule_id": 5, "pipeline_uuid": "qb_invoices_backfill", "hostname": "5c3e07c00964", "level": "INFO", "message": "BlockRun 50 (block_uuid: export_invoices_raw) completes.", "timestamp": 1769554723.165932, "uuid": "17f482c5cf654617abdd142254053149"}
2026-01-27T22:58:52 {"cpu": 0.89208984375, "cpu_total": 8, "cpu_usage": 0.11151123046875, "memory": 1988.0, "memory_total": 4943.0, "memory_usage": 0.40218490795063727, "pipeline_run_id": 25, "pipeline_schedule_id": 5, "pipeline_uuid": "qb_invoices_backfill", "hostname": "5c3e07c00964", "level": "INFO", "message": "Pipeline qb_invoices_backfill for run 25 in schedule 5 is alive.", "timestamp": 1769554732.133557, "uuid": "8866c5ac5e5a4441a8d2eb50c5655b20"}
