2026-01-27T18:13:49 {"cpu": 0.26953125, "cpu_total": 8, "cpu_usage": 0.03369140625, "memory": 1762.0, "memory_total": 4943.0, "memory_usage": 0.3564636860206352, "pipeline_run_id": 11, "pipeline_schedule_id": 4, "pipeline_uuid": "qb_customers_backfill", "hostname": "5c3e07c00964", "level": "INFO", "message": "Pipeline qb_customers_backfill for run 11 in schedule 4 is alive.", "timestamp": 1769537629.729957, "uuid": "e887ceff5ed14eb08d123f657654cf25"}
2026-01-27T18:13:49 {"cpu": 0.26953125, "cpu_total": 8, "cpu_usage": 0.03369140625, "memory": 1762.0, "memory_total": 4943.0, "memory_usage": 0.3564636860206352, "pipeline_run_id": 11, "pipeline_schedule_id": 4, "pipeline_uuid": "qb_customers_backfill", "hostname": "5c3e07c00964", "level": "INFO", "message": "Pipeline qb_customers_backfill for run 11 in schedule 4 is alive.", "timestamp": 1769537629.771034, "uuid": "9241507f4bf04780acb8ca6cb69111e0"}
2026-01-27T18:13:50 {"block_run_id": 21, "block_uuid": "load_qdo_data", "pipeline_run_id": 11, "pipeline_schedule_id": 4, "pipeline_uuid": "qb_customers_backfill", "hostname": "5c3e07c00964", "level": "INFO", "message": "Execute PipelineRun 11, BlockRun 21: pipeline qb_customers_backfill block load_qdo_data", "timestamp": 1769537630.619909, "uuid": "f69adda8c89d432692ac249734dfdbc6"}
2026-01-27T18:13:59 {"cpu": 0.27197265625, "cpu_total": 8, "cpu_usage": 0.03399658203125, "memory": 1776.0, "memory_total": 4943.0, "memory_usage": 0.35929597410479464, "pipeline_run_id": 11, "pipeline_schedule_id": 4, "pipeline_uuid": "qb_customers_backfill", "hostname": "5c3e07c00964", "level": "INFO", "message": "Pipeline qb_customers_backfill for run 11 in schedule 4 is alive.", "timestamp": 1769537639.855914, "uuid": "9ed1bbac41f54790a129db4bb2abb56d"}
2026-01-27T18:14:09 {"cpu": 0.26904296875, "cpu_total": 8, "cpu_usage": 0.03363037109375, "memory": 1760.0, "memory_total": 4943.0, "memory_usage": 0.3560590734371839, "pipeline_run_id": 11, "pipeline_schedule_id": 4, "pipeline_uuid": "qb_customers_backfill", "hostname": "5c3e07c00964", "level": "INFO", "message": "Pipeline qb_customers_backfill for run 11 in schedule 4 is alive.", "timestamp": 1769537649.931888, "uuid": "0ca64c3b235d428b8511af9ccf80853b"}
2026-01-27T18:14:20 {"cpu": 0.26611328125, "cpu_total": 8, "cpu_usage": 0.03326416015625, "memory": 1738.0, "memory_total": 4943.0, "memory_usage": 0.3516083350192191, "pipeline_run_id": 11, "pipeline_schedule_id": 4, "pipeline_uuid": "qb_customers_backfill", "hostname": "5c3e07c00964", "level": "INFO", "message": "Pipeline qb_customers_backfill for run 11 in schedule 4 is alive.", "timestamp": 1769537660.055034, "uuid": "2448e3af47e04df9aba86b1db9bf3ff5"}
2026-01-27T18:14:29 {"cpu": 0.26318359375, "cpu_total": 8, "cpu_usage": 0.03289794921875, "memory": 1754.0, "memory_total": 4943.0, "memory_usage": 0.35484523568682985, "pipeline_run_id": 11, "pipeline_schedule_id": 4, "pipeline_uuid": "qb_customers_backfill", "hostname": "5c3e07c00964", "level": "INFO", "message": "Pipeline qb_customers_backfill for run 11 in schedule 4 is alive.", "timestamp": 1769537669.120328, "uuid": "56a8a2a1555b48cbaa8b95052eb81cce"}
2026-01-27T18:14:39 {"cpu": 0.28271484375, "cpu_total": 8, "cpu_usage": 0.03533935546875, "memory": 1757.0, "memory_total": 4943.0, "memory_usage": 0.3554521545620069, "pipeline_run_id": 11, "pipeline_schedule_id": 4, "pipeline_uuid": "qb_customers_backfill", "hostname": "5c3e07c00964", "level": "INFO", "message": "Pipeline qb_customers_backfill for run 11 in schedule 4 is alive.", "timestamp": 1769537679.22192, "uuid": "d1c3ede9fb464cd0a859ef901030ec6e"}
2026-01-27T18:14:49 {"cpu": 0.28466796875, "cpu_total": 8, "cpu_usage": 0.03558349609375, "memory": 1766.0, "memory_total": 4943.0, "memory_usage": 0.35727291118753796, "pipeline_run_id": 11, "pipeline_schedule_id": 4, "pipeline_uuid": "qb_customers_backfill", "hostname": "5c3e07c00964", "level": "INFO", "message": "Pipeline qb_customers_backfill for run 11 in schedule 4 is alive.", "timestamp": 1769537689.303599, "uuid": "df4912b8fb384a5d90433903869036fa"}
2026-01-27T18:14:59 {"cpu": 0.28076171875, "cpu_total": 8, "cpu_usage": 0.03509521484375, "memory": 1761.0, "memory_total": 4943.0, "memory_usage": 0.3562613797289096, "pipeline_run_id": 11, "pipeline_schedule_id": 4, "pipeline_uuid": "qb_customers_backfill", "hostname": "5c3e07c00964", "level": "INFO", "message": "Pipeline qb_customers_backfill for run 11 in schedule 4 is alive.", "timestamp": 1769537699.387148, "uuid": "ff9694f9b35d4818a552df17ba1f7946"}
2026-01-27T18:15:09 {"cpu": 0.27685546875, "cpu_total": 8, "cpu_usage": 0.03460693359375, "memory": 1765.0, "memory_total": 4943.0, "memory_usage": 0.35707060489581227, "pipeline_run_id": 11, "pipeline_schedule_id": 4, "pipeline_uuid": "qb_customers_backfill", "hostname": "5c3e07c00964", "level": "INFO", "message": "Pipeline qb_customers_backfill for run 11 in schedule 4 is alive.", "timestamp": 1769537709.484857, "uuid": "95562e2f2c3943699595ac498d960a31"}
2026-01-27T18:15:19 {"cpu": 0.2841796875, "cpu_total": 8, "cpu_usage": 0.0355224609375, "memory": 1761.0, "memory_total": 4943.0, "memory_usage": 0.3562613797289096, "pipeline_run_id": 11, "pipeline_schedule_id": 4, "pipeline_uuid": "qb_customers_backfill", "hostname": "5c3e07c00964", "level": "INFO", "message": "Pipeline qb_customers_backfill for run 11 in schedule 4 is alive.", "timestamp": 1769537719.613465, "uuid": "5f9a8e93068e4da18fbd938f61224be5"}
2026-01-27T18:15:29 {"cpu": 0.2802734375, "cpu_total": 8, "cpu_usage": 0.0350341796875, "memory": 1761.0, "memory_total": 4943.0, "memory_usage": 0.3562613797289096, "pipeline_run_id": 11, "pipeline_schedule_id": 4, "pipeline_uuid": "qb_customers_backfill", "hostname": "5c3e07c00964", "level": "INFO", "message": "Pipeline qb_customers_backfill for run 11 in schedule 4 is alive.", "timestamp": 1769537729.687513, "uuid": "97ff51b9d1664dce9d9476a05703ff3b"}
2026-01-27T18:15:39 {"cpu": 0.2763671875, "cpu_total": 8, "cpu_usage": 0.0345458984375, "memory": 1760.0, "memory_total": 4943.0, "memory_usage": 0.3560590734371839, "pipeline_run_id": 11, "pipeline_schedule_id": 4, "pipeline_uuid": "qb_customers_backfill", "hostname": "5c3e07c00964", "level": "INFO", "message": "Pipeline qb_customers_backfill for run 11 in schedule 4 is alive.", "timestamp": 1769537739.758785, "uuid": "d9cf1683a68c49279e97c208a496d6f5"}
2026-01-27T18:15:49 {"cpu": 0.2724609375, "cpu_total": 8, "cpu_usage": 0.0340576171875, "memory": 1766.0, "memory_total": 4943.0, "memory_usage": 0.35727291118753796, "pipeline_run_id": 11, "pipeline_schedule_id": 4, "pipeline_uuid": "qb_customers_backfill", "hostname": "5c3e07c00964", "level": "INFO", "message": "Pipeline qb_customers_backfill for run 11 in schedule 4 is alive.", "timestamp": 1769537749.857502, "uuid": "63b1a6313aad427cb7bf15886d74356a"}
2026-01-27T18:15:59 {"cpu": 0.26953125, "cpu_total": 8, "cpu_usage": 0.03369140625, "memory": 1766.0, "memory_total": 4943.0, "memory_usage": 0.35727291118753796, "pipeline_run_id": 11, "pipeline_schedule_id": 4, "pipeline_uuid": "qb_customers_backfill", "hostname": "5c3e07c00964", "level": "INFO", "message": "Pipeline qb_customers_backfill for run 11 in schedule 4 is alive.", "timestamp": 1769537759.974508, "uuid": "cb2f22ea4418468b8dd561f44d28ac27"}
2026-01-27T18:16:10 {"cpu": 0.2666015625, "cpu_total": 8, "cpu_usage": 0.0333251953125, "memory": 1744.0, "memory_total": 4943.0, "memory_usage": 0.3528221727695731, "pipeline_run_id": 11, "pipeline_schedule_id": 4, "pipeline_uuid": "qb_customers_backfill", "hostname": "5c3e07c00964", "level": "INFO", "message": "Pipeline qb_customers_backfill for run 11 in schedule 4 is alive.", "timestamp": 1769537770.108992, "uuid": "af220e08eb6b4e15989c64692f2a1ad0"}
2026-01-27T18:16:20 {"cpu": 0.26953125, "cpu_total": 8, "cpu_usage": 0.03369140625, "memory": 1746.0, "memory_total": 4943.0, "memory_usage": 0.3532267853530245, "pipeline_run_id": 11, "pipeline_schedule_id": 4, "pipeline_uuid": "qb_customers_backfill", "hostname": "5c3e07c00964", "level": "INFO", "message": "Pipeline qb_customers_backfill for run 11 in schedule 4 is alive.", "timestamp": 1769537780.247615, "uuid": "7db087f26f9a4fab9e225c6bb3720ff4"}
2026-01-27T18:16:30 {"cpu": 0.2666015625, "cpu_total": 8, "cpu_usage": 0.0333251953125, "memory": 1721.0, "memory_total": 4943.0, "memory_usage": 0.34816912805988265, "pipeline_run_id": 11, "pipeline_schedule_id": 4, "pipeline_uuid": "qb_customers_backfill", "hostname": "5c3e07c00964", "level": "INFO", "message": "Pipeline qb_customers_backfill for run 11 in schedule 4 is alive.", "timestamp": 1769537790.373061, "uuid": "0b2a87fc65ef4f4d975bca522c08e73c"}
2026-01-27T18:16:40 {"cpu": 0.26953125, "cpu_total": 8, "cpu_usage": 0.03369140625, "memory": 1710.0, "memory_total": 4943.0, "memory_usage": 0.3459437588509003, "pipeline_run_id": 11, "pipeline_schedule_id": 4, "pipeline_uuid": "qb_customers_backfill", "hostname": "5c3e07c00964", "level": "INFO", "message": "Pipeline qb_customers_backfill for run 11 in schedule 4 is alive.", "timestamp": 1769537800.486246, "uuid": "b7e8718d27ff42179918df97d9102965"}
2026-01-27T18:16:50 {"cpu": 0.2666015625, "cpu_total": 8, "cpu_usage": 0.0333251953125, "memory": 1743.0, "memory_total": 4943.0, "memory_usage": 0.3526198664778475, "pipeline_run_id": 11, "pipeline_schedule_id": 4, "pipeline_uuid": "qb_customers_backfill", "hostname": "5c3e07c00964", "level": "INFO", "message": "Pipeline qb_customers_backfill for run 11 in schedule 4 is alive.", "timestamp": 1769537810.436123, "uuid": "c15af6c21419443190f86c6e8fbe1de0"}
2026-01-27T18:17:00 {"cpu": 0.263671875, "cpu_total": 8, "cpu_usage": 0.032958984375, "memory": 1747.0, "memory_total": 4943.0, "memory_usage": 0.35342909164475017, "pipeline_run_id": 11, "pipeline_schedule_id": 4, "pipeline_uuid": "qb_customers_backfill", "hostname": "5c3e07c00964", "level": "INFO", "message": "Pipeline qb_customers_backfill for run 11 in schedule 4 is alive.", "timestamp": 1769537820.539804, "uuid": "e542a62efa664d2ca7fa2c7799eba8d8"}
2026-01-27T18:17:10 {"cpu": 0.2607421875, "cpu_total": 8, "cpu_usage": 0.0325927734375, "memory": 1736.0, "memory_total": 4943.0, "memory_usage": 0.35120372243576775, "pipeline_run_id": 11, "pipeline_schedule_id": 4, "pipeline_uuid": "qb_customers_backfill", "hostname": "5c3e07c00964", "level": "INFO", "message": "Pipeline qb_customers_backfill for run 11 in schedule 4 is alive.", "timestamp": 1769537830.62878, "uuid": "aca9d11a844d45478fbbcef846ffaca8"}
2026-01-27T18:17:20 {"cpu": 0.26953125, "cpu_total": 8, "cpu_usage": 0.03369140625, "memory": 1747.0, "memory_total": 4943.0, "memory_usage": 0.35342909164475017, "pipeline_run_id": 11, "pipeline_schedule_id": 4, "pipeline_uuid": "qb_customers_backfill", "hostname": "5c3e07c00964", "level": "INFO", "message": "Pipeline qb_customers_backfill for run 11 in schedule 4 is alive.", "timestamp": 1769537840.736817, "uuid": "34503e74bf7849919f72d996087b32d2"}
2026-01-27T18:17:30 {"cpu": 0.2666015625, "cpu_total": 8, "cpu_usage": 0.0333251953125, "memory": 1725.0, "memory_total": 4943.0, "memory_usage": 0.34897835322678533, "pipeline_run_id": 11, "pipeline_schedule_id": 4, "pipeline_uuid": "qb_customers_backfill", "hostname": "5c3e07c00964", "level": "INFO", "message": "Pipeline qb_customers_backfill for run 11 in schedule 4 is alive.", "timestamp": 1769537850.838741, "uuid": "767fdad0ed3b4a09bfe7b2ee7391db1a"}
2026-01-27T18:17:33 {"block_run_id": 21, "block_uuid": "load_qdo_data", "pipeline_run_id": 11, "pipeline_schedule_id": 4, "pipeline_uuid": "qb_customers_backfill", "hostname": "5c3e07c00964", "level": "INFO", "message": "BlockRun 21 (block_uuid: load_qdo_data) completes.", "timestamp": 1769537853.835688, "uuid": "8284450bbfa04e14aa5a7a4a4ad599b5"}
2026-01-27T18:17:40 {"cpu": 0.263671875, "cpu_total": 8, "cpu_usage": 0.032958984375, "memory": 1658.0, "memory_total": 4943.0, "memory_usage": 0.3354238316811653, "pipeline_run_id": 11, "pipeline_schedule_id": 4, "pipeline_uuid": "qb_customers_backfill", "hostname": "5c3e07c00964", "level": "INFO", "message": "Pipeline qb_customers_backfill for run 11 in schedule 4 is alive.", "timestamp": 1769537860.93599, "uuid": "2f2077a1062c41e789ffa452473da570"}
2026-01-27T18:17:41 {"block_run_id": 22, "block_uuid": "export_customers_raw", "pipeline_run_id": 11, "pipeline_schedule_id": 4, "pipeline_uuid": "qb_customers_backfill", "hostname": "5c3e07c00964", "level": "INFO", "message": "Execute PipelineRun 11, BlockRun 22: pipeline qb_customers_backfill block export_customers_raw", "timestamp": 1769537861.044865, "uuid": "3075fa2715d543f08c1993eec0fa618d"}
2026-01-27T18:17:41 {"block_run_id": 22, "block_uuid": "export_customers_raw", "pipeline_run_id": 11, "pipeline_schedule_id": 4, "pipeline_uuid": "qb_customers_backfill", "hostname": "5c3e07c00964", "level": "EXCEPTION", "message": "BlockRun 22 (block_uuid: export_customers_raw) failed.", "timestamp": 1769537861.765858, "uuid": "f2a83a83c8fa435d817040e888910130", "error": "Traceback (most recent call last):\n  File \"<string>\", line 70, in export_data\nTypeError: dump() missing 1 required positional argument: 'fp'\n\nDuring handling of the above exception, another exception occurred:\n\nTraceback (most recent call last):\n  File \"/usr/local/lib/python3.10/site-packages/mage_ai/data_preparation/executors/block_executor.py\", line 647, in execute\n    result = __execute_with_retry()\n  File \"/usr/local/lib/python3.10/site-packages/mage_ai/shared/retry.py\", line 54, in retry_func\n    raise e\n  File \"/usr/local/lib/python3.10/site-packages/mage_ai/shared/retry.py\", line 38, in retry_func\n    return func(*args, **kwargs)\n  File \"/usr/local/lib/python3.10/site-packages/mage_ai/data_preparation/executors/block_executor.py\", line 621, in __execute_with_retry\n    return self._execute(\n  File \"/usr/local/lib/python3.10/site-packages/mage_ai/data_preparation/executors/block_executor.py\", line 1154, in _execute\n    result = self.block.execute_sync(\n  File \"/usr/local/lib/python3.10/site-packages/mage_ai/data_preparation/models/block/__init__.py\", line 1691, in execute_sync\n    return __execute()\n  File \"/usr/local/lib/python3.10/site-packages/mage_ai/data_preparation/models/block/__init__.py\", line 1668, in __execute\n    raise err\n  File \"/usr/local/lib/python3.10/site-packages/mage_ai/data_preparation/models/block/__init__.py\", line 1570, in __execute\n    output = self.execute_block(\n  File \"/usr/local/lib/python3.10/site-packages/mage_ai/data_preparation/models/block/__init__.py\", line 1910, in execute_block\n    outputs = self._execute_block(\n  File \"/usr/local/lib/python3.10/site-packages/mage_ai/data_preparation/models/block/__init__.py\", line 2073, in _execute_block\n    outputs = self.execute_block_function(\n  File \"/usr/local/lib/python3.10/site-packages/mage_ai/data_preparation/models/block/__init__.py\", line 2169, in execute_block_function\n    output = block_function_updated(*input_vars, **global_vars)\n  File \"<string>\", line 85, in export_data\n  File \"<string>\", line 77, in export_data\nNameError: name 'row_error' is not defined\n", "error_stack": ["  File \"/usr/local/bin/mage\", line 8, in <module>\n    sys.exit(app())\n", "  File \"/usr/local/lib/python3.10/site-packages/typer/main.py\", line 311, in __call__\n    return get_command(self)(*args, **kwargs)\n", "  File \"/usr/local/lib/python3.10/site-packages/click/core.py\", line 1161, in __call__\n    return self.main(*args, **kwargs)\n", "  File \"/usr/local/lib/python3.10/site-packages/typer/core.py\", line 778, in main\n    return _main(\n", "  File \"/usr/local/lib/python3.10/site-packages/typer/core.py\", line 216, in _main\n    rv = self.invoke(ctx)\n", "  File \"/usr/local/lib/python3.10/site-packages/click/core.py\", line 1697, in invoke\n    return _process_result(sub_ctx.command.invoke(sub_ctx))\n", "  File \"/usr/local/lib/python3.10/site-packages/click/core.py\", line 1443, in invoke\n    return ctx.invoke(self.callback, **ctx.params)\n", "  File \"/usr/local/lib/python3.10/site-packages/click/core.py\", line 788, in invoke\n    return __callback(*args, **kwargs)\n", "  File \"/usr/local/lib/python3.10/site-packages/typer/main.py\", line 683, in wrapper\n    return callback(**use_params)  # type: ignore\n", "  File \"/usr/local/lib/python3.10/site-packages/mage_ai/cli/main.py\", line 147, in start\n    start_server(\n", "  File \"/usr/local/lib/python3.10/site-packages/mage_ai/server/server.py\", line 813, in start_server\n    scheduler_manager.start_scheduler()\n", "  File \"/usr/local/lib/python3.10/site-packages/mage_ai/server/scheduler_manager.py\", line 108, in start_scheduler\n    proc.start()\n", "  File \"/usr/local/lib/python3.10/multiprocessing/process.py\", line 121, in start\n    self._popen = self._Popen(self)\n", "  File \"/usr/local/lib/python3.10/multiprocessing/context.py\", line 224, in _Popen\n    return _default_context.get_context().Process._Popen(process_obj)\n", "  File \"/usr/local/lib/python3.10/multiprocessing/context.py\", line 281, in _Popen\n    return Popen(process_obj)\n", "  File \"/usr/local/lib/python3.10/multiprocessing/popen_fork.py\", line 19, in __init__\n    self._launch(process_obj)\n", "  File \"/usr/local/lib/python3.10/multiprocessing/popen_fork.py\", line 71, in _launch\n    code = process_obj._bootstrap(parent_sentinel=child_r)\n", "  File \"/usr/local/lib/python3.10/multiprocessing/process.py\", line 314, in _bootstrap\n    self.run()\n", "  File \"/usr/local/lib/python3.10/multiprocessing/process.py\", line 108, in run\n    self._target(*self._args, **self._kwargs)\n", "  File \"/usr/local/lib/python3.10/site-packages/mage_ai/orchestration/db/process.py\", line 15, in start_session_and_run\n    results = target(*args)\n", "  File \"/usr/local/lib/python3.10/site-packages/mage_ai/server/scheduler_manager.py\", line 60, in run_scheduler\n    LoopTimeTrigger().start()\n", "  File \"/usr/local/lib/python3.10/site-packages/mage_ai/orchestration/triggers/loop_time_trigger.py\", line 14, in start\n    self.run()\n", "  File \"/usr/local/lib/python3.10/site-packages/mage_ai/orchestration/triggers/time_trigger.py\", line 11, in run\n    schedule_all()\n", "  File \"/usr/local/lib/python3.10/site-packages/mage_ai/orchestration/pipeline_scheduler_original.py\", line 1819, in schedule_all\n    PipelineScheduler(r).schedule()\n", "  File \"/usr/local/lib/python3.10/site-packages/mage_ai/orchestration/db/__init__.py\", line 159, in func_with_rollback\n    return func(*args, **kwargs)\n", "  File \"/usr/local/lib/python3.10/site-packages/mage_ai/orchestration/pipeline_scheduler_original.py\", line 334, in schedule\n    self.__schedule_blocks(block_runs)\n", "  File \"/usr/local/lib/python3.10/site-packages/mage_ai/orchestration/pipeline_scheduler_original.py\", line 641, in __schedule_blocks\n    job_manager.add_job(\n", "  File \"/usr/local/lib/python3.10/site-packages/mage_ai/orchestration/job_manager.py\", line 21, in add_job\n    self.queue.enqueue(job_id, target, *args, **kwargs)\n", "  File \"/usr/local/lib/python3.10/site-packages/mage_ai/orchestration/queue/process_queue.py\", line 122, in enqueue\n    self.start_worker_pool()\n", "  File \"/usr/local/lib/python3.10/site-packages/mage_ai/orchestration/queue/process_queue.py\", line 199, in start_worker_pool\n    self.worker_pool_proc.start()\n", "  File \"/usr/local/lib/python3.10/multiprocessing/process.py\", line 121, in start\n    self._popen = self._Popen(self)\n", "  File \"/usr/local/lib/python3.10/multiprocessing/context.py\", line 224, in _Popen\n    return _default_context.get_context().Process._Popen(process_obj)\n", "  File \"/usr/local/lib/python3.10/multiprocessing/context.py\", line 281, in _Popen\n    return Popen(process_obj)\n", "  File \"/usr/local/lib/python3.10/multiprocessing/popen_fork.py\", line 19, in __init__\n    self._launch(process_obj)\n", "  File \"/usr/local/lib/python3.10/multiprocessing/popen_fork.py\", line 71, in _launch\n    code = process_obj._bootstrap(parent_sentinel=child_r)\n", "  File \"/usr/local/lib/python3.10/multiprocessing/process.py\", line 314, in _bootstrap\n    self.run()\n", "  File \"/usr/local/lib/python3.10/multiprocessing/process.py\", line 108, in run\n    self._target(*self._args, **self._kwargs)\n", "  File \"/usr/local/lib/python3.10/site-packages/mage_ai/orchestration/queue/process_queue.py\", line 355, in poll_job_and_execute\n    worker.start()\n", "  File \"/usr/local/lib/python3.10/multiprocessing/process.py\", line 121, in start\n    self._popen = self._Popen(self)\n", "  File \"/usr/local/lib/python3.10/multiprocessing/context.py\", line 224, in _Popen\n    return _default_context.get_context().Process._Popen(process_obj)\n", "  File \"/usr/local/lib/python3.10/multiprocessing/context.py\", line 281, in _Popen\n    return Popen(process_obj)\n", "  File \"/usr/local/lib/python3.10/multiprocessing/popen_fork.py\", line 19, in __init__\n    self._launch(process_obj)\n", "  File \"/usr/local/lib/python3.10/multiprocessing/popen_fork.py\", line 71, in _launch\n    code = process_obj._bootstrap(parent_sentinel=child_r)\n", "  File \"/usr/local/lib/python3.10/multiprocessing/process.py\", line 314, in _bootstrap\n    self.run()\n", "  File \"/usr/local/lib/python3.10/site-packages/newrelic/api/background_task.py\", line 117, in wrapper\n    return wrapped(*args, **kwargs)\n", "  File \"/usr/local/lib/python3.10/site-packages/mage_ai/orchestration/queue/process_queue.py\", line 319, in run\n    start_session_and_run(args[1], *args[2], **args[3])\n", "  File \"/usr/local/lib/python3.10/site-packages/mage_ai/orchestration/db/process.py\", line 15, in start_session_and_run\n    results = target(*args)\n", "  File \"/usr/local/lib/python3.10/site-packages/mage_ai/orchestration/pipeline_scheduler_original.py\", line 1311, in run_block\n    return ExecutorFactory.get_block_executor(\n", "  File \"/usr/local/lib/python3.10/site-packages/mage_ai/data_preparation/executors/block_executor.py\", line 682, in execute\n    on_failure(\n", "  File \"/usr/local/lib/python3.10/site-packages/mage_ai/orchestration/db/__init__.py\", line 159, in func_with_rollback\n    return func(*args, **kwargs)\n", "  File \"/usr/local/lib/python3.10/site-packages/mage_ai/orchestration/pipeline_scheduler_original.py\", line 465, in on_block_failure\n    self.logger.exception(\n", "  File \"/usr/local/lib/python3.10/site-packages/mage_ai/data_preparation/logging/logger.py\", line 30, in exception\n    self.__send_message('exception', message, **kwargs)\n", "  File \"/usr/local/lib/python3.10/site-packages/mage_ai/data_preparation/logging/logger.py\", line 65, in __send_message\n    data['error_stack'] = traceback.format_stack()\n"], "error_stacktrace": "name 'row_error' is not defined"}
Traceback (most recent call last):
  File "<string>", line 70, in export_data
TypeError: dump() missing 1 required positional argument: 'fp'

During handling of the above exception, another exception occurred:

Traceback (most recent call last):
  File "/usr/local/lib/python3.10/site-packages/mage_ai/data_preparation/executors/block_executor.py", line 647, in execute
    result = __execute_with_retry()
  File "/usr/local/lib/python3.10/site-packages/mage_ai/shared/retry.py", line 54, in retry_func
    raise e
  File "/usr/local/lib/python3.10/site-packages/mage_ai/shared/retry.py", line 38, in retry_func
    return func(*args, **kwargs)
  File "/usr/local/lib/python3.10/site-packages/mage_ai/data_preparation/executors/block_executor.py", line 621, in __execute_with_retry
    return self._execute(
  File "/usr/local/lib/python3.10/site-packages/mage_ai/data_preparation/executors/block_executor.py", line 1154, in _execute
    result = self.block.execute_sync(
  File "/usr/local/lib/python3.10/site-packages/mage_ai/data_preparation/models/block/__init__.py", line 1691, in execute_sync
    return __execute()
  File "/usr/local/lib/python3.10/site-packages/mage_ai/data_preparation/models/block/__init__.py", line 1668, in __execute
    raise err
  File "/usr/local/lib/python3.10/site-packages/mage_ai/data_preparation/models/block/__init__.py", line 1570, in __execute
    output = self.execute_block(
  File "/usr/local/lib/python3.10/site-packages/mage_ai/data_preparation/models/block/__init__.py", line 1910, in execute_block
    outputs = self._execute_block(
  File "/usr/local/lib/python3.10/site-packages/mage_ai/data_preparation/models/block/__init__.py", line 2073, in _execute_block
    outputs = self.execute_block_function(
  File "/usr/local/lib/python3.10/site-packages/mage_ai/data_preparation/models/block/__init__.py", line 2169, in execute_block_function
    output = block_function_updated(*input_vars, **global_vars)
  File "<string>", line 85, in export_data
  File "<string>", line 77, in export_data
NameError: name 'row_error' is not defined
2026-01-27T18:17:51 {"cpu": 0.28271484375, "cpu_total": 8, "cpu_usage": 0.03533935546875, "memory": 1724.0, "memory_total": 4943.0, "memory_usage": 0.3487760469350597, "pipeline_run_id": 11, "pipeline_schedule_id": 4, "pipeline_uuid": "qb_customers_backfill", "hostname": "5c3e07c00964", "level": "INFO", "message": "Pipeline qb_customers_backfill for run 11 in schedule 4 is alive.", "timestamp": 1769537871.177514, "uuid": "696ad9e84f994925acfc9751e269d183"}
