2026-01-27T03:04:38 {"cpu": 0.24609375, "cpu_total": 12, "cpu_usage": 0.0205078125, "memory": 2061.0, "memory_total": 9961.0, "memory_usage": 0.2069069370545126, "pipeline_run_id": 17, "pipeline_schedule_id": 2, "pipeline_uuid": "qb_invoices_backfill", "hostname": "a286e31859aa", "level": "INFO", "message": "Pipeline qb_invoices_backfill for run 17 in schedule 2 is alive.", "timestamp": 1769483078.724043, "uuid": "870241211b424b149f1aa0ec0618bc61"}
2026-01-27T03:04:38 {"cpu": 0.24609375, "cpu_total": 12, "cpu_usage": 0.0205078125, "memory": 2101.0, "memory_total": 9961.0, "memory_usage": 0.2109225981327176, "pipeline_run_id": 17, "pipeline_schedule_id": 2, "pipeline_uuid": "qb_invoices_backfill", "hostname": "a286e31859aa", "level": "INFO", "message": "Pipeline qb_invoices_backfill for run 17 in schedule 2 is alive.", "timestamp": 1769483078.917215, "uuid": "868aad87051c43638906458f508bb60f"}
2026-01-27T03:04:38 {"block_run_id": 33, "block_uuid": "load_invoices_qbo", "pipeline_run_id": 17, "pipeline_schedule_id": 2, "pipeline_uuid": "qb_invoices_backfill", "hostname": "a286e31859aa", "level": "INFO", "message": "Execute PipelineRun 17, BlockRun 33: pipeline qb_invoices_backfill block load_invoices_qbo", "timestamp": 1769483078.919608, "uuid": "4f32d5da4b3944079ea0f232cf2ed930"}
2026-01-27T03:04:48 {"cpu": 0.24462890625, "cpu_total": 12, "cpu_usage": 0.0203857421875, "memory": 2109.0, "memory_total": 9961.0, "memory_usage": 0.2117257303483586, "pipeline_run_id": 17, "pipeline_schedule_id": 2, "pipeline_uuid": "qb_invoices_backfill", "hostname": "a286e31859aa", "level": "INFO", "message": "Pipeline qb_invoices_backfill for run 17 in schedule 2 is alive.", "timestamp": 1769483088.156927, "uuid": "45b34c737aa34c99b323fda418cbdeb1"}
2026-01-27T03:04:58 {"cpu": 0.24169921875, "cpu_total": 12, "cpu_usage": 0.0201416015625, "memory": 2105.0, "memory_total": 9961.0, "memory_usage": 0.2113241642405381, "pipeline_run_id": 17, "pipeline_schedule_id": 2, "pipeline_uuid": "qb_invoices_backfill", "hostname": "a286e31859aa", "level": "INFO", "message": "Pipeline qb_invoices_backfill for run 17 in schedule 2 is alive.", "timestamp": 1769483098.378807, "uuid": "66e22aa0a3e04a7c8e4be63fa311239c"}
2026-01-27T03:05:08 {"cpu": 0.23876953125, "cpu_total": 12, "cpu_usage": 0.0198974609375, "memory": 2103.0, "memory_total": 9961.0, "memory_usage": 0.21112338118662785, "pipeline_run_id": 17, "pipeline_schedule_id": 2, "pipeline_uuid": "qb_invoices_backfill", "hostname": "a286e31859aa", "level": "INFO", "message": "Pipeline qb_invoices_backfill for run 17 in schedule 2 is alive.", "timestamp": 1769483108.588315, "uuid": "48fdc8c57d6d4813b698cb466b413bf8"}
2026-01-27T03:05:18 {"cpu": 0.240234375, "cpu_total": 12, "cpu_usage": 0.02001953125, "memory": 2104.0, "memory_total": 9961.0, "memory_usage": 0.21122377271358297, "pipeline_run_id": 17, "pipeline_schedule_id": 2, "pipeline_uuid": "qb_invoices_backfill", "hostname": "a286e31859aa", "level": "INFO", "message": "Pipeline qb_invoices_backfill for run 17 in schedule 2 is alive.", "timestamp": 1769483118.798018, "uuid": "bd95384f96c0413fb85be14851eeba19"}
2026-01-27T03:05:29 {"cpu": 0.2373046875, "cpu_total": 12, "cpu_usage": 0.019775390625, "memory": 2106.0, "memory_total": 9961.0, "memory_usage": 0.21142455576749322, "pipeline_run_id": 17, "pipeline_schedule_id": 2, "pipeline_uuid": "qb_invoices_backfill", "hostname": "a286e31859aa", "level": "INFO", "message": "Pipeline qb_invoices_backfill for run 17 in schedule 2 is alive.", "timestamp": 1769483129.033665, "uuid": "3766bab8cf0f4767a0e3266f878e3f4e"}
2026-01-27T03:05:38 {"cpu": 0.23583984375, "cpu_total": 12, "cpu_usage": 0.0196533203125, "memory": 2107.0, "memory_total": 9961.0, "memory_usage": 0.21152494729444835, "pipeline_run_id": 17, "pipeline_schedule_id": 2, "pipeline_uuid": "qb_invoices_backfill", "hostname": "a286e31859aa", "level": "INFO", "message": "Pipeline qb_invoices_backfill for run 17 in schedule 2 is alive.", "timestamp": 1769483138.2473, "uuid": "bd58b83f51044091b1346835cefa9aa8"}
2026-01-27T03:05:48 {"cpu": 0.23291015625, "cpu_total": 12, "cpu_usage": 0.0194091796875, "memory": 2107.0, "memory_total": 9961.0, "memory_usage": 0.21152494729444835, "pipeline_run_id": 17, "pipeline_schedule_id": 2, "pipeline_uuid": "qb_invoices_backfill", "hostname": "a286e31859aa", "level": "INFO", "message": "Pipeline qb_invoices_backfill for run 17 in schedule 2 is alive.", "timestamp": 1769483148.461585, "uuid": "ac6a3cfea7eb4069a5a9119437c579ef"}
2026-01-27T03:05:58 {"cpu": 0.22998046875, "cpu_total": 12, "cpu_usage": 0.0191650390625, "memory": 2104.0, "memory_total": 9961.0, "memory_usage": 0.21122377271358297, "pipeline_run_id": 17, "pipeline_schedule_id": 2, "pipeline_uuid": "qb_invoices_backfill", "hostname": "a286e31859aa", "level": "INFO", "message": "Pipeline qb_invoices_backfill for run 17 in schedule 2 is alive.", "timestamp": 1769483158.677472, "uuid": "f7370535a749400a8e574b0cb09a17fc"}
2026-01-27T03:05:59 {"block_run_id": 33, "block_uuid": "load_invoices_qbo", "pipeline_run_id": 17, "pipeline_schedule_id": 2, "pipeline_uuid": "qb_invoices_backfill", "hostname": "a286e31859aa", "level": "INFO", "message": "BlockRun 33 (block_uuid: load_invoices_qbo) completes.", "timestamp": 1769483159.998571, "uuid": "42c071109049451697088963223a6c71"}
2026-01-27T03:06:08 {"cpu": 0.2314453125, "cpu_total": 12, "cpu_usage": 0.019287109375, "memory": 2043.0, "memory_total": 9961.0, "memory_usage": 0.20509988956932035, "pipeline_run_id": 17, "pipeline_schedule_id": 2, "pipeline_uuid": "qb_invoices_backfill", "hostname": "a286e31859aa", "level": "INFO", "message": "Pipeline qb_invoices_backfill for run 17 in schedule 2 is alive.", "timestamp": 1769483168.910283, "uuid": "3a2692ede95a484abbd3f9022f6beeda"}
2026-01-27T03:06:09 {"block_run_id": 34, "block_uuid": "export_invoices_raw", "pipeline_run_id": 17, "pipeline_schedule_id": 2, "pipeline_uuid": "qb_invoices_backfill", "hostname": "a286e31859aa", "level": "INFO", "message": "Execute PipelineRun 17, BlockRun 34: pipeline qb_invoices_backfill block export_invoices_raw", "timestamp": 1769483169.150743, "uuid": "5af7d20b9fd44018b7507fbfa6641482"}
2026-01-27T03:06:10 {"block_run_id": 34, "block_uuid": "export_invoices_raw", "pipeline_run_id": 17, "pipeline_schedule_id": 2, "pipeline_uuid": "qb_invoices_backfill", "hostname": "a286e31859aa", "level": "EXCEPTION", "message": "BlockRun 34 (block_uuid: export_invoices_raw) failed.", "timestamp": 1769483170.01493, "uuid": "c400ac684da047df9aaa9ca6b1cd6350", "error": "Traceback (most recent call last):\n  File \"<string>\", line 62, in export_data\npsycopg2.errors.UndefinedTable: relation \"raw.qb_invoices_backfill\" does not exist\nLINE 2:     INSERT INTO raw.qb_invoices_backfill (\n                        ^\n\n\nDuring handling of the above exception, another exception occurred:\n\nTraceback (most recent call last):\n  File \"/usr/local/lib/python3.10/site-packages/mage_ai/data_preparation/executors/block_executor.py\", line 647, in execute\n    result = __execute_with_retry()\n  File \"/usr/local/lib/python3.10/site-packages/mage_ai/shared/retry.py\", line 54, in retry_func\n    raise e\n  File \"/usr/local/lib/python3.10/site-packages/mage_ai/shared/retry.py\", line 38, in retry_func\n    return func(*args, **kwargs)\n  File \"/usr/local/lib/python3.10/site-packages/mage_ai/data_preparation/executors/block_executor.py\", line 621, in __execute_with_retry\n    return self._execute(\n  File \"/usr/local/lib/python3.10/site-packages/mage_ai/data_preparation/executors/block_executor.py\", line 1154, in _execute\n    result = self.block.execute_sync(\n  File \"/usr/local/lib/python3.10/site-packages/mage_ai/data_preparation/models/block/__init__.py\", line 1691, in execute_sync\n    return __execute()\n  File \"/usr/local/lib/python3.10/site-packages/mage_ai/data_preparation/models/block/__init__.py\", line 1668, in __execute\n    raise err\n  File \"/usr/local/lib/python3.10/site-packages/mage_ai/data_preparation/models/block/__init__.py\", line 1570, in __execute\n    output = self.execute_block(\n  File \"/usr/local/lib/python3.10/site-packages/mage_ai/data_preparation/models/block/__init__.py\", line 1910, in execute_block\n    outputs = self._execute_block(\n  File \"/usr/local/lib/python3.10/site-packages/mage_ai/data_preparation/models/block/__init__.py\", line 2073, in _execute_block\n    outputs = self.execute_block_function(\n  File \"/usr/local/lib/python3.10/site-packages/mage_ai/data_preparation/models/block/__init__.py\", line 2169, in execute_block_function\n    output = block_function_updated(*input_vars, **global_vars)\n  File \"<string>\", line 85, in export_data\n  File \"<string>\", line 77, in export_data\nNameError: name 'row_error' is not defined\n", "error_stack": ["  File \"/usr/local/bin/mage\", line 8, in <module>\n    sys.exit(app())\n", "  File \"/usr/local/lib/python3.10/site-packages/typer/main.py\", line 311, in __call__\n    return get_command(self)(*args, **kwargs)\n", "  File \"/usr/local/lib/python3.10/site-packages/click/core.py\", line 1161, in __call__\n    return self.main(*args, **kwargs)\n", "  File \"/usr/local/lib/python3.10/site-packages/typer/core.py\", line 778, in main\n    return _main(\n", "  File \"/usr/local/lib/python3.10/site-packages/typer/core.py\", line 216, in _main\n    rv = self.invoke(ctx)\n", "  File \"/usr/local/lib/python3.10/site-packages/click/core.py\", line 1697, in invoke\n    return _process_result(sub_ctx.command.invoke(sub_ctx))\n", "  File \"/usr/local/lib/python3.10/site-packages/click/core.py\", line 1443, in invoke\n    return ctx.invoke(self.callback, **ctx.params)\n", "  File \"/usr/local/lib/python3.10/site-packages/click/core.py\", line 788, in invoke\n    return __callback(*args, **kwargs)\n", "  File \"/usr/local/lib/python3.10/site-packages/typer/main.py\", line 683, in wrapper\n    return callback(**use_params)  # type: ignore\n", "  File \"/usr/local/lib/python3.10/site-packages/mage_ai/cli/main.py\", line 147, in start\n    start_server(\n", "  File \"/usr/local/lib/python3.10/site-packages/mage_ai/server/server.py\", line 813, in start_server\n    scheduler_manager.start_scheduler()\n", "  File \"/usr/local/lib/python3.10/site-packages/mage_ai/server/scheduler_manager.py\", line 108, in start_scheduler\n    proc.start()\n", "  File \"/usr/local/lib/python3.10/multiprocessing/process.py\", line 121, in start\n    self._popen = self._Popen(self)\n", "  File \"/usr/local/lib/python3.10/multiprocessing/context.py\", line 224, in _Popen\n    return _default_context.get_context().Process._Popen(process_obj)\n", "  File \"/usr/local/lib/python3.10/multiprocessing/context.py\", line 281, in _Popen\n    return Popen(process_obj)\n", "  File \"/usr/local/lib/python3.10/multiprocessing/popen_fork.py\", line 19, in __init__\n    self._launch(process_obj)\n", "  File \"/usr/local/lib/python3.10/multiprocessing/popen_fork.py\", line 71, in _launch\n    code = process_obj._bootstrap(parent_sentinel=child_r)\n", "  File \"/usr/local/lib/python3.10/multiprocessing/process.py\", line 314, in _bootstrap\n    self.run()\n", "  File \"/usr/local/lib/python3.10/multiprocessing/process.py\", line 108, in run\n    self._target(*self._args, **self._kwargs)\n", "  File \"/usr/local/lib/python3.10/site-packages/mage_ai/orchestration/db/process.py\", line 15, in start_session_and_run\n    results = target(*args)\n", "  File \"/usr/local/lib/python3.10/site-packages/mage_ai/server/scheduler_manager.py\", line 60, in run_scheduler\n    LoopTimeTrigger().start()\n", "  File \"/usr/local/lib/python3.10/site-packages/mage_ai/orchestration/triggers/loop_time_trigger.py\", line 14, in start\n    self.run()\n", "  File \"/usr/local/lib/python3.10/site-packages/mage_ai/orchestration/triggers/time_trigger.py\", line 11, in run\n    schedule_all()\n", "  File \"/usr/local/lib/python3.10/site-packages/mage_ai/orchestration/pipeline_scheduler_original.py\", line 1819, in schedule_all\n    PipelineScheduler(r).schedule()\n", "  File \"/usr/local/lib/python3.10/site-packages/mage_ai/orchestration/db/__init__.py\", line 159, in func_with_rollback\n    return func(*args, **kwargs)\n", "  File \"/usr/local/lib/python3.10/site-packages/mage_ai/orchestration/pipeline_scheduler_original.py\", line 334, in schedule\n    self.__schedule_blocks(block_runs)\n", "  File \"/usr/local/lib/python3.10/site-packages/mage_ai/orchestration/pipeline_scheduler_original.py\", line 641, in __schedule_blocks\n    job_manager.add_job(\n", "  File \"/usr/local/lib/python3.10/site-packages/mage_ai/orchestration/job_manager.py\", line 21, in add_job\n    self.queue.enqueue(job_id, target, *args, **kwargs)\n", "  File \"/usr/local/lib/python3.10/site-packages/mage_ai/orchestration/queue/process_queue.py\", line 122, in enqueue\n    self.start_worker_pool()\n", "  File \"/usr/local/lib/python3.10/site-packages/mage_ai/orchestration/queue/process_queue.py\", line 199, in start_worker_pool\n    self.worker_pool_proc.start()\n", "  File \"/usr/local/lib/python3.10/multiprocessing/process.py\", line 121, in start\n    self._popen = self._Popen(self)\n", "  File \"/usr/local/lib/python3.10/multiprocessing/context.py\", line 224, in _Popen\n    return _default_context.get_context().Process._Popen(process_obj)\n", "  File \"/usr/local/lib/python3.10/multiprocessing/context.py\", line 281, in _Popen\n    return Popen(process_obj)\n", "  File \"/usr/local/lib/python3.10/multiprocessing/popen_fork.py\", line 19, in __init__\n    self._launch(process_obj)\n", "  File \"/usr/local/lib/python3.10/multiprocessing/popen_fork.py\", line 71, in _launch\n    code = process_obj._bootstrap(parent_sentinel=child_r)\n", "  File \"/usr/local/lib/python3.10/multiprocessing/process.py\", line 314, in _bootstrap\n    self.run()\n", "  File \"/usr/local/lib/python3.10/multiprocessing/process.py\", line 108, in run\n    self._target(*self._args, **self._kwargs)\n", "  File \"/usr/local/lib/python3.10/site-packages/mage_ai/orchestration/queue/process_queue.py\", line 355, in poll_job_and_execute\n    worker.start()\n", "  File \"/usr/local/lib/python3.10/multiprocessing/process.py\", line 121, in start\n    self._popen = self._Popen(self)\n", "  File \"/usr/local/lib/python3.10/multiprocessing/context.py\", line 224, in _Popen\n    return _default_context.get_context().Process._Popen(process_obj)\n", "  File \"/usr/local/lib/python3.10/multiprocessing/context.py\", line 281, in _Popen\n    return Popen(process_obj)\n", "  File \"/usr/local/lib/python3.10/multiprocessing/popen_fork.py\", line 19, in __init__\n    self._launch(process_obj)\n", "  File \"/usr/local/lib/python3.10/multiprocessing/popen_fork.py\", line 71, in _launch\n    code = process_obj._bootstrap(parent_sentinel=child_r)\n", "  File \"/usr/local/lib/python3.10/multiprocessing/process.py\", line 314, in _bootstrap\n    self.run()\n", "  File \"/usr/local/lib/python3.10/site-packages/newrelic/api/background_task.py\", line 117, in wrapper\n    return wrapped(*args, **kwargs)\n", "  File \"/usr/local/lib/python3.10/site-packages/mage_ai/orchestration/queue/process_queue.py\", line 319, in run\n    start_session_and_run(args[1], *args[2], **args[3])\n", "  File \"/usr/local/lib/python3.10/site-packages/mage_ai/orchestration/db/process.py\", line 15, in start_session_and_run\n    results = target(*args)\n", "  File \"/usr/local/lib/python3.10/site-packages/mage_ai/orchestration/pipeline_scheduler_original.py\", line 1311, in run_block\n    return ExecutorFactory.get_block_executor(\n", "  File \"/usr/local/lib/python3.10/site-packages/mage_ai/data_preparation/executors/block_executor.py\", line 682, in execute\n    on_failure(\n", "  File \"/usr/local/lib/python3.10/site-packages/mage_ai/orchestration/db/__init__.py\", line 159, in func_with_rollback\n    return func(*args, **kwargs)\n", "  File \"/usr/local/lib/python3.10/site-packages/mage_ai/orchestration/pipeline_scheduler_original.py\", line 465, in on_block_failure\n    self.logger.exception(\n", "  File \"/usr/local/lib/python3.10/site-packages/mage_ai/data_preparation/logging/logger.py\", line 30, in exception\n    self.__send_message('exception', message, **kwargs)\n", "  File \"/usr/local/lib/python3.10/site-packages/mage_ai/data_preparation/logging/logger.py\", line 65, in __send_message\n    data['error_stack'] = traceback.format_stack()\n"], "error_stacktrace": "name 'row_error' is not defined"}
Traceback (most recent call last):
  File "<string>", line 62, in export_data
psycopg2.errors.UndefinedTable: relation "raw.qb_invoices_backfill" does not exist
LINE 2:     INSERT INTO raw.qb_invoices_backfill (
                        ^


During handling of the above exception, another exception occurred:

Traceback (most recent call last):
  File "/usr/local/lib/python3.10/site-packages/mage_ai/data_preparation/executors/block_executor.py", line 647, in execute
    result = __execute_with_retry()
  File "/usr/local/lib/python3.10/site-packages/mage_ai/shared/retry.py", line 54, in retry_func
    raise e
  File "/usr/local/lib/python3.10/site-packages/mage_ai/shared/retry.py", line 38, in retry_func
    return func(*args, **kwargs)
  File "/usr/local/lib/python3.10/site-packages/mage_ai/data_preparation/executors/block_executor.py", line 621, in __execute_with_retry
    return self._execute(
  File "/usr/local/lib/python3.10/site-packages/mage_ai/data_preparation/executors/block_executor.py", line 1154, in _execute
    result = self.block.execute_sync(
  File "/usr/local/lib/python3.10/site-packages/mage_ai/data_preparation/models/block/__init__.py", line 1691, in execute_sync
    return __execute()
  File "/usr/local/lib/python3.10/site-packages/mage_ai/data_preparation/models/block/__init__.py", line 1668, in __execute
    raise err
  File "/usr/local/lib/python3.10/site-packages/mage_ai/data_preparation/models/block/__init__.py", line 1570, in __execute
    output = self.execute_block(
  File "/usr/local/lib/python3.10/site-packages/mage_ai/data_preparation/models/block/__init__.py", line 1910, in execute_block
    outputs = self._execute_block(
  File "/usr/local/lib/python3.10/site-packages/mage_ai/data_preparation/models/block/__init__.py", line 2073, in _execute_block
    outputs = self.execute_block_function(
  File "/usr/local/lib/python3.10/site-packages/mage_ai/data_preparation/models/block/__init__.py", line 2169, in execute_block_function
    output = block_function_updated(*input_vars, **global_vars)
  File "<string>", line 85, in export_data
  File "<string>", line 77, in export_data
NameError: name 'row_error' is not defined
2026-01-27T03:06:18 {"cpu": 0.22998046875, "cpu_total": 12, "cpu_usage": 0.0191650390625, "memory": 2047.0, "memory_total": 9961.0, "memory_usage": 0.20550145567714084, "pipeline_run_id": 17, "pipeline_schedule_id": 2, "pipeline_uuid": "qb_invoices_backfill", "hostname": "a286e31859aa", "level": "INFO", "message": "Pipeline qb_invoices_backfill for run 17 in schedule 2 is alive.", "timestamp": 1769483178.251555, "uuid": "aff8cdce926e4a5bbd5549beb4d62f6d"}
