2026-01-27T18:46:24 {"block_run_id": 41, "block_uuid": "load_invoices_qbo", "pipeline_run_id": 21, "pipeline_schedule_id": 5, "pipeline_uuid": "qb_invoices_backfill", "hostname": "5c3e07c00964", "block_type": "data_loader", "level": "INFO", "message": "Start executing block with BlockExecutor.", "timestamp": 1769539584.349332, "uuid": "e646c723a2b64f769aa53d222f6747a2"}
2026-01-27T18:46:24 {"block_run_id": 41, "block_uuid": "load_invoices_qbo", "pipeline_run_id": 21, "pipeline_schedule_id": 5, "pipeline_uuid": "qb_invoices_backfill", "hostname": "5c3e07c00964", "block_type": "data_loader", "level": "INFO", "message": "[18:46:24] [INIT] Iniciando extracci\u00f3n desde 2025-10-01 hasta 2026-01-01", "timestamp": 1769539584.355361, "uuid": "b5c2ae03d5ac422fbd5f8e7b840b9588"}
2026-01-27T18:46:24 {"block_run_id": 41, "block_uuid": "load_invoices_qbo", "pipeline_run_id": 21, "pipeline_schedule_id": 5, "pipeline_uuid": "qb_invoices_backfill", "hostname": "5c3e07c00964", "block_type": "data_loader", "level": "INFO", "message": "[18:46:24] [AUTH] Solicitando nuevo token...", "timestamp": 1769539584.355606, "uuid": "5977da7b2307428dbb2efe3802cda81c"}
2026-01-27T18:46:28 {"block_run_id": 41, "block_uuid": "load_invoices_qbo", "pipeline_run_id": 21, "pipeline_schedule_id": 5, "pipeline_uuid": "qb_invoices_backfill", "hostname": "5c3e07c00964", "block_type": "data_loader", "level": "INFO", "message": "[18:46:28] [AUTH_ERROR] HTTPSConnectionPool(host='oauth.platform.intuit.com', port=443): Max retries exceeded with url: /oauth2/v1/tokens/bearer (Caused by NewConnectionError('<urllib3.connection.HTTPSConnection object at 0xffffb2f45fc0>: Failed to establish a new connection: [Errno -5] No address associated with hostname'))", "timestamp": 1769539588.389871, "uuid": "36f76ab01e4745e6a3c5796cfecadbed"}
2026-01-27T18:46:28 {"block_run_id": 41, "block_uuid": "load_invoices_qbo", "pipeline_run_id": 21, "pipeline_schedule_id": 5, "pipeline_uuid": "qb_invoices_backfill", "hostname": "5c3e07c00964", "block_type": "data_loader", "level": "WARNING", "message": "Exception thrown when attempting to run <function BlockExecutor.execute.<locals>.__execute_with_retry at 0xffffb2e62050>, attempt 1 of 1", "timestamp": 1769539588.397562, "uuid": "a5aadbc338d844f198f397caf48eedc3", "error": "Traceback (most recent call last):\n  File \"/usr/local/lib/python3.10/site-packages/urllib3/connection.py\", line 174, in _new_conn\n    conn = connection.create_connection(\n  File \"/usr/local/lib/python3.10/site-packages/urllib3/util/connection.py\", line 72, in create_connection\n    for res in socket.getaddrinfo(host, port, family, socket.SOCK_STREAM):\n  File \"/usr/local/lib/python3.10/socket.py\", line 967, in getaddrinfo\n    for res in _socket.getaddrinfo(host, port, family, type, proto, flags):\nsocket.gaierror: [Errno -5] No address associated with hostname\n\nDuring handling of the above exception, another exception occurred:\n\nTraceback (most recent call last):\n  File \"/usr/local/lib/python3.10/site-packages/urllib3/connectionpool.py\", line 716, in urlopen\n    httplib_response = self._make_request(\n  File \"/usr/local/lib/python3.10/site-packages/urllib3/connectionpool.py\", line 404, in _make_request\n    self._validate_conn(conn)\n  File \"/usr/local/lib/python3.10/site-packages/urllib3/connectionpool.py\", line 1061, in _validate_conn\n    conn.connect()\n  File \"/usr/local/lib/python3.10/site-packages/urllib3/connection.py\", line 363, in connect\n    self.sock = conn = self._new_conn()\n  File \"/usr/local/lib/python3.10/site-packages/urllib3/connection.py\", line 186, in _new_conn\n    raise NewConnectionError(\nurllib3.exceptions.NewConnectionError: <urllib3.connection.HTTPSConnection object at 0xffffb2f45fc0>: Failed to establish a new connection: [Errno -5] No address associated with hostname\n\nDuring handling of the above exception, another exception occurred:\n\nTraceback (most recent call last):\n  File \"/usr/local/lib/python3.10/site-packages/requests/adapters.py\", line 486, in send\n    resp = conn.urlopen(\n  File \"/usr/local/lib/python3.10/site-packages/urllib3/connectionpool.py\", line 802, in urlopen\n    retries = retries.increment(\n  File \"/usr/local/lib/python3.10/site-packages/urllib3/util/retry.py\", line 594, in increment\n    raise MaxRetryError(_pool, url, error or ResponseError(cause))\nurllib3.exceptions.MaxRetryError: HTTPSConnectionPool(host='oauth.platform.intuit.com', port=443): Max retries exceeded with url: /oauth2/v1/tokens/bearer (Caused by NewConnectionError('<urllib3.connection.HTTPSConnection object at 0xffffb2f45fc0>: Failed to establish a new connection: [Errno -5] No address associated with hostname'))\n\nDuring handling of the above exception, another exception occurred:\n\nTraceback (most recent call last):\n  File \"/usr/local/lib/python3.10/site-packages/mage_ai/shared/retry.py\", line 38, in retry_func\n    return func(*args, **kwargs)\n  File \"/usr/local/lib/python3.10/site-packages/mage_ai/data_preparation/executors/block_executor.py\", line 621, in __execute_with_retry\n    return self._execute(\n  File \"/usr/local/lib/python3.10/site-packages/mage_ai/data_preparation/executors/block_executor.py\", line 1154, in _execute\n    result = self.block.execute_sync(\n  File \"/usr/local/lib/python3.10/site-packages/mage_ai/data_preparation/models/block/__init__.py\", line 1691, in execute_sync\n    return __execute()\n  File \"/usr/local/lib/python3.10/site-packages/mage_ai/data_preparation/models/block/__init__.py\", line 1668, in __execute\n    raise err\n  File \"/usr/local/lib/python3.10/site-packages/mage_ai/data_preparation/models/block/__init__.py\", line 1570, in __execute\n    output = self.execute_block(\n  File \"/usr/local/lib/python3.10/site-packages/mage_ai/data_preparation/models/block/__init__.py\", line 1910, in execute_block\n    outputs = self._execute_block(\n  File \"/usr/local/lib/python3.10/site-packages/mage_ai/data_preparation/models/block/__init__.py\", line 2073, in _execute_block\n    outputs = self.execute_block_function(\n  File \"/usr/local/lib/python3.10/site-packages/mage_ai/data_preparation/models/block/__init__.py\", line 2169, in execute_block_function\n    output = block_function_updated(*input_vars, **global_vars)\n  File \"<string>\", line 62, in load_data\n  File \"<string>\", line 47, in get_access_token\n  File \"<string>\", line 40, in get_access_token\n  File \"/usr/local/lib/python3.10/site-packages/requests/api.py\", line 115, in post\n    return request(\"post\", url, data=data, json=json, **kwargs)\n  File \"/usr/local/lib/python3.10/site-packages/requests/api.py\", line 59, in request\n    return session.request(method=method, url=url, **kwargs)\n  File \"/usr/local/lib/python3.10/site-packages/requests/sessions.py\", line 589, in request\n    resp = self.send(prep, **send_kwargs)\n  File \"/usr/local/lib/python3.10/site-packages/requests/sessions.py\", line 703, in send\n    r = adapter.send(request, **kwargs)\n  File \"/usr/local/lib/python3.10/site-packages/requests/adapters.py\", line 519, in send\n    raise ConnectionError(e, request=request)\nrequests.exceptions.ConnectionError: HTTPSConnectionPool(host='oauth.platform.intuit.com', port=443): Max retries exceeded with url: /oauth2/v1/tokens/bearer (Caused by NewConnectionError('<urllib3.connection.HTTPSConnection object at 0xffffb2f45fc0>: Failed to establish a new connection: [Errno -5] No address associated with hostname'))\n", "error_stack": ["  File \"/usr/local/bin/mage\", line 8, in <module>\n    sys.exit(app())\n", "  File \"/usr/local/lib/python3.10/site-packages/typer/main.py\", line 311, in __call__\n    return get_command(self)(*args, **kwargs)\n", "  File \"/usr/local/lib/python3.10/site-packages/click/core.py\", line 1161, in __call__\n    return self.main(*args, **kwargs)\n", "  File \"/usr/local/lib/python3.10/site-packages/typer/core.py\", line 778, in main\n    return _main(\n", "  File \"/usr/local/lib/python3.10/site-packages/typer/core.py\", line 216, in _main\n    rv = self.invoke(ctx)\n", "  File \"/usr/local/lib/python3.10/site-packages/click/core.py\", line 1697, in invoke\n    return _process_result(sub_ctx.command.invoke(sub_ctx))\n", "  File \"/usr/local/lib/python3.10/site-packages/click/core.py\", line 1443, in invoke\n    return ctx.invoke(self.callback, **ctx.params)\n", "  File \"/usr/local/lib/python3.10/site-packages/click/core.py\", line 788, in invoke\n    return __callback(*args, **kwargs)\n", "  File \"/usr/local/lib/python3.10/site-packages/typer/main.py\", line 683, in wrapper\n    return callback(**use_params)  # type: ignore\n", "  File \"/usr/local/lib/python3.10/site-packages/mage_ai/cli/main.py\", line 147, in start\n    start_server(\n", "  File \"/usr/local/lib/python3.10/site-packages/mage_ai/server/server.py\", line 813, in start_server\n    scheduler_manager.start_scheduler()\n", "  File \"/usr/local/lib/python3.10/site-packages/mage_ai/server/scheduler_manager.py\", line 108, in start_scheduler\n    proc.start()\n", "  File \"/usr/local/lib/python3.10/multiprocessing/process.py\", line 121, in start\n    self._popen = self._Popen(self)\n", "  File \"/usr/local/lib/python3.10/multiprocessing/context.py\", line 224, in _Popen\n    return _default_context.get_context().Process._Popen(process_obj)\n", "  File \"/usr/local/lib/python3.10/multiprocessing/context.py\", line 281, in _Popen\n    return Popen(process_obj)\n", "  File \"/usr/local/lib/python3.10/multiprocessing/popen_fork.py\", line 19, in __init__\n    self._launch(process_obj)\n", "  File \"/usr/local/lib/python3.10/multiprocessing/popen_fork.py\", line 71, in _launch\n    code = process_obj._bootstrap(parent_sentinel=child_r)\n", "  File \"/usr/local/lib/python3.10/multiprocessing/process.py\", line 314, in _bootstrap\n    self.run()\n", "  File \"/usr/local/lib/python3.10/multiprocessing/process.py\", line 108, in run\n    self._target(*self._args, **self._kwargs)\n", "  File \"/usr/local/lib/python3.10/site-packages/mage_ai/orchestration/db/process.py\", line 15, in start_session_and_run\n    results = target(*args)\n", "  File \"/usr/local/lib/python3.10/site-packages/mage_ai/server/scheduler_manager.py\", line 60, in run_scheduler\n    LoopTimeTrigger().start()\n", "  File \"/usr/local/lib/python3.10/site-packages/mage_ai/orchestration/triggers/loop_time_trigger.py\", line 14, in start\n    self.run()\n", "  File \"/usr/local/lib/python3.10/site-packages/mage_ai/orchestration/triggers/time_trigger.py\", line 11, in run\n    schedule_all()\n", "  File \"/usr/local/lib/python3.10/site-packages/mage_ai/orchestration/pipeline_scheduler_original.py\", line 1791, in schedule_all\n    PipelineScheduler(r).start()\n", "  File \"/usr/local/lib/python3.10/site-packages/mage_ai/orchestration/db/__init__.py\", line 159, in func_with_rollback\n    return func(*args, **kwargs)\n", "  File \"/usr/local/lib/python3.10/site-packages/mage_ai/orchestration/pipeline_scheduler_original.py\", line 198, in start\n    self.schedule()\n", "  File \"/usr/local/lib/python3.10/site-packages/mage_ai/orchestration/db/__init__.py\", line 159, in func_with_rollback\n    return func(*args, **kwargs)\n", "  File \"/usr/local/lib/python3.10/site-packages/mage_ai/orchestration/pipeline_scheduler_original.py\", line 334, in schedule\n    self.__schedule_blocks(block_runs)\n", "  File \"/usr/local/lib/python3.10/site-packages/mage_ai/orchestration/pipeline_scheduler_original.py\", line 641, in __schedule_blocks\n    job_manager.add_job(\n", "  File \"/usr/local/lib/python3.10/site-packages/mage_ai/orchestration/job_manager.py\", line 21, in add_job\n    self.queue.enqueue(job_id, target, *args, **kwargs)\n", "  File \"/usr/local/lib/python3.10/site-packages/mage_ai/orchestration/queue/process_queue.py\", line 122, in enqueue\n    self.start_worker_pool()\n", "  File \"/usr/local/lib/python3.10/site-packages/mage_ai/orchestration/queue/process_queue.py\", line 199, in start_worker_pool\n    self.worker_pool_proc.start()\n", "  File \"/usr/local/lib/python3.10/multiprocessing/process.py\", line 121, in start\n    self._popen = self._Popen(self)\n", "  File \"/usr/local/lib/python3.10/multiprocessing/context.py\", line 224, in _Popen\n    return _default_context.get_context().Process._Popen(process_obj)\n", "  File \"/usr/local/lib/python3.10/multiprocessing/context.py\", line 281, in _Popen\n    return Popen(process_obj)\n", "  File \"/usr/local/lib/python3.10/multiprocessing/popen_fork.py\", line 19, in __init__\n    self._launch(process_obj)\n", "  File \"/usr/local/lib/python3.10/multiprocessing/popen_fork.py\", line 71, in _launch\n    code = process_obj._bootstrap(parent_sentinel=child_r)\n", "  File \"/usr/local/lib/python3.10/multiprocessing/process.py\", line 314, in _bootstrap\n    self.run()\n", "  File \"/usr/local/lib/python3.10/multiprocessing/process.py\", line 108, in run\n    self._target(*self._args, **self._kwargs)\n", "  File \"/usr/local/lib/python3.10/site-packages/mage_ai/orchestration/queue/process_queue.py\", line 355, in poll_job_and_execute\n    worker.start()\n", "  File \"/usr/local/lib/python3.10/multiprocessing/process.py\", line 121, in start\n    self._popen = self._Popen(self)\n", "  File \"/usr/local/lib/python3.10/multiprocessing/context.py\", line 224, in _Popen\n    return _default_context.get_context().Process._Popen(process_obj)\n", "  File \"/usr/local/lib/python3.10/multiprocessing/context.py\", line 281, in _Popen\n    return Popen(process_obj)\n", "  File \"/usr/local/lib/python3.10/multiprocessing/popen_fork.py\", line 19, in __init__\n    self._launch(process_obj)\n", "  File \"/usr/local/lib/python3.10/multiprocessing/popen_fork.py\", line 71, in _launch\n    code = process_obj._bootstrap(parent_sentinel=child_r)\n", "  File \"/usr/local/lib/python3.10/multiprocessing/process.py\", line 314, in _bootstrap\n    self.run()\n", "  File \"/usr/local/lib/python3.10/site-packages/newrelic/api/background_task.py\", line 117, in wrapper\n    return wrapped(*args, **kwargs)\n", "  File \"/usr/local/lib/python3.10/site-packages/mage_ai/orchestration/queue/process_queue.py\", line 319, in run\n    start_session_and_run(args[1], *args[2], **args[3])\n", "  File \"/usr/local/lib/python3.10/site-packages/mage_ai/orchestration/db/process.py\", line 15, in start_session_and_run\n    results = target(*args)\n", "  File \"/usr/local/lib/python3.10/site-packages/mage_ai/orchestration/pipeline_scheduler_original.py\", line 1311, in run_block\n    return ExecutorFactory.get_block_executor(\n", "  File \"/usr/local/lib/python3.10/site-packages/mage_ai/data_preparation/executors/block_executor.py\", line 647, in execute\n    result = __execute_with_retry()\n", "  File \"/usr/local/lib/python3.10/site-packages/mage_ai/shared/retry.py\", line 46, in retry_func\n    logger.warning(\n", "  File \"/usr/local/lib/python3.10/site-packages/mage_ai/data_preparation/logging/logger.py\", line 39, in warning\n    self.__send_message('warning', message, **kwargs)\n", "  File \"/usr/local/lib/python3.10/site-packages/mage_ai/data_preparation/logging/logger.py\", line 65, in __send_message\n    data['error_stack'] = traceback.format_stack()\n"], "error_stacktrace": "HTTPSConnectionPool(host='oauth.platform.intuit.com', port=443): Max retries exceeded with url: /oauth2/v1/tokens/bearer (Caused by NewConnectionError('<urllib3.connection.HTTPSConnection object at 0xffffb2f45fc0>: Failed to establish a new connection: [Errno -5] No address associated with hostname'))"}
2026-01-27T18:46:28 {"block_run_id": 41, "block_uuid": "load_invoices_qbo", "pipeline_run_id": 21, "pipeline_schedule_id": 5, "pipeline_uuid": "qb_invoices_backfill", "hostname": "5c3e07c00964", "block_type": "data_loader", "level": "EXCEPTION", "message": "Failed to execute block load_invoices_qbo", "timestamp": 1769539588.411797, "uuid": "d2e2d82fc1634bec9c2589166376511c", "error": "Traceback (most recent call last):\n  File \"/usr/local/lib/python3.10/site-packages/urllib3/connection.py\", line 174, in _new_conn\n    conn = connection.create_connection(\n  File \"/usr/local/lib/python3.10/site-packages/urllib3/util/connection.py\", line 72, in create_connection\n    for res in socket.getaddrinfo(host, port, family, socket.SOCK_STREAM):\n  File \"/usr/local/lib/python3.10/socket.py\", line 967, in getaddrinfo\n    for res in _socket.getaddrinfo(host, port, family, type, proto, flags):\nsocket.gaierror: [Errno -5] No address associated with hostname\n\nDuring handling of the above exception, another exception occurred:\n\nTraceback (most recent call last):\n  File \"/usr/local/lib/python3.10/site-packages/urllib3/connectionpool.py\", line 716, in urlopen\n    httplib_response = self._make_request(\n  File \"/usr/local/lib/python3.10/site-packages/urllib3/connectionpool.py\", line 404, in _make_request\n    self._validate_conn(conn)\n  File \"/usr/local/lib/python3.10/site-packages/urllib3/connectionpool.py\", line 1061, in _validate_conn\n    conn.connect()\n  File \"/usr/local/lib/python3.10/site-packages/urllib3/connection.py\", line 363, in connect\n    self.sock = conn = self._new_conn()\n  File \"/usr/local/lib/python3.10/site-packages/urllib3/connection.py\", line 186, in _new_conn\n    raise NewConnectionError(\nurllib3.exceptions.NewConnectionError: <urllib3.connection.HTTPSConnection object at 0xffffb2f45fc0>: Failed to establish a new connection: [Errno -5] No address associated with hostname\n\nDuring handling of the above exception, another exception occurred:\n\nTraceback (most recent call last):\n  File \"/usr/local/lib/python3.10/site-packages/requests/adapters.py\", line 486, in send\n    resp = conn.urlopen(\n  File \"/usr/local/lib/python3.10/site-packages/urllib3/connectionpool.py\", line 802, in urlopen\n    retries = retries.increment(\n  File \"/usr/local/lib/python3.10/site-packages/urllib3/util/retry.py\", line 594, in increment\n    raise MaxRetryError(_pool, url, error or ResponseError(cause))\nurllib3.exceptions.MaxRetryError: HTTPSConnectionPool(host='oauth.platform.intuit.com', port=443): Max retries exceeded with url: /oauth2/v1/tokens/bearer (Caused by NewConnectionError('<urllib3.connection.HTTPSConnection object at 0xffffb2f45fc0>: Failed to establish a new connection: [Errno -5] No address associated with hostname'))\n\nDuring handling of the above exception, another exception occurred:\n\nTraceback (most recent call last):\n  File \"/usr/local/lib/python3.10/site-packages/mage_ai/data_preparation/executors/block_executor.py\", line 647, in execute\n    result = __execute_with_retry()\n  File \"/usr/local/lib/python3.10/site-packages/mage_ai/shared/retry.py\", line 54, in retry_func\n    raise e\n  File \"/usr/local/lib/python3.10/site-packages/mage_ai/shared/retry.py\", line 38, in retry_func\n    return func(*args, **kwargs)\n  File \"/usr/local/lib/python3.10/site-packages/mage_ai/data_preparation/executors/block_executor.py\", line 621, in __execute_with_retry\n    return self._execute(\n  File \"/usr/local/lib/python3.10/site-packages/mage_ai/data_preparation/executors/block_executor.py\", line 1154, in _execute\n    result = self.block.execute_sync(\n  File \"/usr/local/lib/python3.10/site-packages/mage_ai/data_preparation/models/block/__init__.py\", line 1691, in execute_sync\n    return __execute()\n  File \"/usr/local/lib/python3.10/site-packages/mage_ai/data_preparation/models/block/__init__.py\", line 1668, in __execute\n    raise err\n  File \"/usr/local/lib/python3.10/site-packages/mage_ai/data_preparation/models/block/__init__.py\", line 1570, in __execute\n    output = self.execute_block(\n  File \"/usr/local/lib/python3.10/site-packages/mage_ai/data_preparation/models/block/__init__.py\", line 1910, in execute_block\n    outputs = self._execute_block(\n  File \"/usr/local/lib/python3.10/site-packages/mage_ai/data_preparation/models/block/__init__.py\", line 2073, in _execute_block\n    outputs = self.execute_block_function(\n  File \"/usr/local/lib/python3.10/site-packages/mage_ai/data_preparation/models/block/__init__.py\", line 2169, in execute_block_function\n    output = block_function_updated(*input_vars, **global_vars)\n  File \"<string>\", line 62, in load_data\n  File \"<string>\", line 47, in get_access_token\n  File \"<string>\", line 40, in get_access_token\n  File \"/usr/local/lib/python3.10/site-packages/requests/api.py\", line 115, in post\n    return request(\"post\", url, data=data, json=json, **kwargs)\n  File \"/usr/local/lib/python3.10/site-packages/requests/api.py\", line 59, in request\n    return session.request(method=method, url=url, **kwargs)\n  File \"/usr/local/lib/python3.10/site-packages/requests/sessions.py\", line 589, in request\n    resp = self.send(prep, **send_kwargs)\n  File \"/usr/local/lib/python3.10/site-packages/requests/sessions.py\", line 703, in send\n    r = adapter.send(request, **kwargs)\n  File \"/usr/local/lib/python3.10/site-packages/requests/adapters.py\", line 519, in send\n    raise ConnectionError(e, request=request)\nrequests.exceptions.ConnectionError: HTTPSConnectionPool(host='oauth.platform.intuit.com', port=443): Max retries exceeded with url: /oauth2/v1/tokens/bearer (Caused by NewConnectionError('<urllib3.connection.HTTPSConnection object at 0xffffb2f45fc0>: Failed to establish a new connection: [Errno -5] No address associated with hostname'))\n", "error_stack": ["  File \"/usr/local/bin/mage\", line 8, in <module>\n    sys.exit(app())\n", "  File \"/usr/local/lib/python3.10/site-packages/typer/main.py\", line 311, in __call__\n    return get_command(self)(*args, **kwargs)\n", "  File \"/usr/local/lib/python3.10/site-packages/click/core.py\", line 1161, in __call__\n    return self.main(*args, **kwargs)\n", "  File \"/usr/local/lib/python3.10/site-packages/typer/core.py\", line 778, in main\n    return _main(\n", "  File \"/usr/local/lib/python3.10/site-packages/typer/core.py\", line 216, in _main\n    rv = self.invoke(ctx)\n", "  File \"/usr/local/lib/python3.10/site-packages/click/core.py\", line 1697, in invoke\n    return _process_result(sub_ctx.command.invoke(sub_ctx))\n", "  File \"/usr/local/lib/python3.10/site-packages/click/core.py\", line 1443, in invoke\n    return ctx.invoke(self.callback, **ctx.params)\n", "  File \"/usr/local/lib/python3.10/site-packages/click/core.py\", line 788, in invoke\n    return __callback(*args, **kwargs)\n", "  File \"/usr/local/lib/python3.10/site-packages/typer/main.py\", line 683, in wrapper\n    return callback(**use_params)  # type: ignore\n", "  File \"/usr/local/lib/python3.10/site-packages/mage_ai/cli/main.py\", line 147, in start\n    start_server(\n", "  File \"/usr/local/lib/python3.10/site-packages/mage_ai/server/server.py\", line 813, in start_server\n    scheduler_manager.start_scheduler()\n", "  File \"/usr/local/lib/python3.10/site-packages/mage_ai/server/scheduler_manager.py\", line 108, in start_scheduler\n    proc.start()\n", "  File \"/usr/local/lib/python3.10/multiprocessing/process.py\", line 121, in start\n    self._popen = self._Popen(self)\n", "  File \"/usr/local/lib/python3.10/multiprocessing/context.py\", line 224, in _Popen\n    return _default_context.get_context().Process._Popen(process_obj)\n", "  File \"/usr/local/lib/python3.10/multiprocessing/context.py\", line 281, in _Popen\n    return Popen(process_obj)\n", "  File \"/usr/local/lib/python3.10/multiprocessing/popen_fork.py\", line 19, in __init__\n    self._launch(process_obj)\n", "  File \"/usr/local/lib/python3.10/multiprocessing/popen_fork.py\", line 71, in _launch\n    code = process_obj._bootstrap(parent_sentinel=child_r)\n", "  File \"/usr/local/lib/python3.10/multiprocessing/process.py\", line 314, in _bootstrap\n    self.run()\n", "  File \"/usr/local/lib/python3.10/multiprocessing/process.py\", line 108, in run\n    self._target(*self._args, **self._kwargs)\n", "  File \"/usr/local/lib/python3.10/site-packages/mage_ai/orchestration/db/process.py\", line 15, in start_session_and_run\n    results = target(*args)\n", "  File \"/usr/local/lib/python3.10/site-packages/mage_ai/server/scheduler_manager.py\", line 60, in run_scheduler\n    LoopTimeTrigger().start()\n", "  File \"/usr/local/lib/python3.10/site-packages/mage_ai/orchestration/triggers/loop_time_trigger.py\", line 14, in start\n    self.run()\n", "  File \"/usr/local/lib/python3.10/site-packages/mage_ai/orchestration/triggers/time_trigger.py\", line 11, in run\n    schedule_all()\n", "  File \"/usr/local/lib/python3.10/site-packages/mage_ai/orchestration/pipeline_scheduler_original.py\", line 1791, in schedule_all\n    PipelineScheduler(r).start()\n", "  File \"/usr/local/lib/python3.10/site-packages/mage_ai/orchestration/db/__init__.py\", line 159, in func_with_rollback\n    return func(*args, **kwargs)\n", "  File \"/usr/local/lib/python3.10/site-packages/mage_ai/orchestration/pipeline_scheduler_original.py\", line 198, in start\n    self.schedule()\n", "  File \"/usr/local/lib/python3.10/site-packages/mage_ai/orchestration/db/__init__.py\", line 159, in func_with_rollback\n    return func(*args, **kwargs)\n", "  File \"/usr/local/lib/python3.10/site-packages/mage_ai/orchestration/pipeline_scheduler_original.py\", line 334, in schedule\n    self.__schedule_blocks(block_runs)\n", "  File \"/usr/local/lib/python3.10/site-packages/mage_ai/orchestration/pipeline_scheduler_original.py\", line 641, in __schedule_blocks\n    job_manager.add_job(\n", "  File \"/usr/local/lib/python3.10/site-packages/mage_ai/orchestration/job_manager.py\", line 21, in add_job\n    self.queue.enqueue(job_id, target, *args, **kwargs)\n", "  File \"/usr/local/lib/python3.10/site-packages/mage_ai/orchestration/queue/process_queue.py\", line 122, in enqueue\n    self.start_worker_pool()\n", "  File \"/usr/local/lib/python3.10/site-packages/mage_ai/orchestration/queue/process_queue.py\", line 199, in start_worker_pool\n    self.worker_pool_proc.start()\n", "  File \"/usr/local/lib/python3.10/multiprocessing/process.py\", line 121, in start\n    self._popen = self._Popen(self)\n", "  File \"/usr/local/lib/python3.10/multiprocessing/context.py\", line 224, in _Popen\n    return _default_context.get_context().Process._Popen(process_obj)\n", "  File \"/usr/local/lib/python3.10/multiprocessing/context.py\", line 281, in _Popen\n    return Popen(process_obj)\n", "  File \"/usr/local/lib/python3.10/multiprocessing/popen_fork.py\", line 19, in __init__\n    self._launch(process_obj)\n", "  File \"/usr/local/lib/python3.10/multiprocessing/popen_fork.py\", line 71, in _launch\n    code = process_obj._bootstrap(parent_sentinel=child_r)\n", "  File \"/usr/local/lib/python3.10/multiprocessing/process.py\", line 314, in _bootstrap\n    self.run()\n", "  File \"/usr/local/lib/python3.10/multiprocessing/process.py\", line 108, in run\n    self._target(*self._args, **self._kwargs)\n", "  File \"/usr/local/lib/python3.10/site-packages/mage_ai/orchestration/queue/process_queue.py\", line 355, in poll_job_and_execute\n    worker.start()\n", "  File \"/usr/local/lib/python3.10/multiprocessing/process.py\", line 121, in start\n    self._popen = self._Popen(self)\n", "  File \"/usr/local/lib/python3.10/multiprocessing/context.py\", line 224, in _Popen\n    return _default_context.get_context().Process._Popen(process_obj)\n", "  File \"/usr/local/lib/python3.10/multiprocessing/context.py\", line 281, in _Popen\n    return Popen(process_obj)\n", "  File \"/usr/local/lib/python3.10/multiprocessing/popen_fork.py\", line 19, in __init__\n    self._launch(process_obj)\n", "  File \"/usr/local/lib/python3.10/multiprocessing/popen_fork.py\", line 71, in _launch\n    code = process_obj._bootstrap(parent_sentinel=child_r)\n", "  File \"/usr/local/lib/python3.10/multiprocessing/process.py\", line 314, in _bootstrap\n    self.run()\n", "  File \"/usr/local/lib/python3.10/site-packages/newrelic/api/background_task.py\", line 117, in wrapper\n    return wrapped(*args, **kwargs)\n", "  File \"/usr/local/lib/python3.10/site-packages/mage_ai/orchestration/queue/process_queue.py\", line 319, in run\n    start_session_and_run(args[1], *args[2], **args[3])\n", "  File \"/usr/local/lib/python3.10/site-packages/mage_ai/orchestration/db/process.py\", line 15, in start_session_and_run\n    results = target(*args)\n", "  File \"/usr/local/lib/python3.10/site-packages/mage_ai/orchestration/pipeline_scheduler_original.py\", line 1311, in run_block\n    return ExecutorFactory.get_block_executor(\n", "  File \"/usr/local/lib/python3.10/site-packages/mage_ai/data_preparation/executors/block_executor.py\", line 649, in execute\n    self.logger.exception(\n", "  File \"/usr/local/lib/python3.10/site-packages/mage_ai/data_preparation/logging/logger.py\", line 30, in exception\n    self.__send_message('exception', message, **kwargs)\n", "  File \"/usr/local/lib/python3.10/site-packages/mage_ai/data_preparation/logging/logger.py\", line 65, in __send_message\n    data['error_stack'] = traceback.format_stack()\n"], "error_stacktrace": "HTTPSConnectionPool(host='oauth.platform.intuit.com', port=443): Max retries exceeded with url: /oauth2/v1/tokens/bearer (Caused by NewConnectionError('<urllib3.connection.HTTPSConnection object at 0xffffb2f45fc0>: Failed to establish a new connection: [Errno -5] No address associated with hostname'))"}
Traceback (most recent call last):
  File "/usr/local/lib/python3.10/site-packages/urllib3/connection.py", line 174, in _new_conn
    conn = connection.create_connection(
  File "/usr/local/lib/python3.10/site-packages/urllib3/util/connection.py", line 72, in create_connection
    for res in socket.getaddrinfo(host, port, family, socket.SOCK_STREAM):
  File "/usr/local/lib/python3.10/socket.py", line 967, in getaddrinfo
    for res in _socket.getaddrinfo(host, port, family, type, proto, flags):
socket.gaierror: [Errno -5] No address associated with hostname

During handling of the above exception, another exception occurred:

Traceback (most recent call last):
  File "/usr/local/lib/python3.10/site-packages/urllib3/connectionpool.py", line 716, in urlopen
    httplib_response = self._make_request(
  File "/usr/local/lib/python3.10/site-packages/urllib3/connectionpool.py", line 404, in _make_request
    self._validate_conn(conn)
  File "/usr/local/lib/python3.10/site-packages/urllib3/connectionpool.py", line 1061, in _validate_conn
    conn.connect()
  File "/usr/local/lib/python3.10/site-packages/urllib3/connection.py", line 363, in connect
    self.sock = conn = self._new_conn()
  File "/usr/local/lib/python3.10/site-packages/urllib3/connection.py", line 186, in _new_conn
    raise NewConnectionError(
urllib3.exceptions.NewConnectionError: <urllib3.connection.HTTPSConnection object at 0xffffb2f45fc0>: Failed to establish a new connection: [Errno -5] No address associated with hostname

During handling of the above exception, another exception occurred:

Traceback (most recent call last):
  File "/usr/local/lib/python3.10/site-packages/requests/adapters.py", line 486, in send
    resp = conn.urlopen(
  File "/usr/local/lib/python3.10/site-packages/urllib3/connectionpool.py", line 802, in urlopen
    retries = retries.increment(
  File "/usr/local/lib/python3.10/site-packages/urllib3/util/retry.py", line 594, in increment
    raise MaxRetryError(_pool, url, error or ResponseError(cause))
urllib3.exceptions.MaxRetryError: HTTPSConnectionPool(host='oauth.platform.intuit.com', port=443): Max retries exceeded with url: /oauth2/v1/tokens/bearer (Caused by NewConnectionError('<urllib3.connection.HTTPSConnection object at 0xffffb2f45fc0>: Failed to establish a new connection: [Errno -5] No address associated with hostname'))

During handling of the above exception, another exception occurred:

Traceback (most recent call last):
  File "/usr/local/lib/python3.10/site-packages/mage_ai/data_preparation/executors/block_executor.py", line 647, in execute
    result = __execute_with_retry()
  File "/usr/local/lib/python3.10/site-packages/mage_ai/shared/retry.py", line 54, in retry_func
    raise e
  File "/usr/local/lib/python3.10/site-packages/mage_ai/shared/retry.py", line 38, in retry_func
    return func(*args, **kwargs)
  File "/usr/local/lib/python3.10/site-packages/mage_ai/data_preparation/executors/block_executor.py", line 621, in __execute_with_retry
    return self._execute(
  File "/usr/local/lib/python3.10/site-packages/mage_ai/data_preparation/executors/block_executor.py", line 1154, in _execute
    result = self.block.execute_sync(
  File "/usr/local/lib/python3.10/site-packages/mage_ai/data_preparation/models/block/__init__.py", line 1691, in execute_sync
    return __execute()
  File "/usr/local/lib/python3.10/site-packages/mage_ai/data_preparation/models/block/__init__.py", line 1668, in __execute
    raise err
  File "/usr/local/lib/python3.10/site-packages/mage_ai/data_preparation/models/block/__init__.py", line 1570, in __execute
    output = self.execute_block(
  File "/usr/local/lib/python3.10/site-packages/mage_ai/data_preparation/models/block/__init__.py", line 1910, in execute_block
    outputs = self._execute_block(
  File "/usr/local/lib/python3.10/site-packages/mage_ai/data_preparation/models/block/__init__.py", line 2073, in _execute_block
    outputs = self.execute_block_function(
  File "/usr/local/lib/python3.10/site-packages/mage_ai/data_preparation/models/block/__init__.py", line 2169, in execute_block_function
    output = block_function_updated(*input_vars, **global_vars)
  File "<string>", line 62, in load_data
  File "<string>", line 47, in get_access_token
  File "<string>", line 40, in get_access_token
  File "/usr/local/lib/python3.10/site-packages/requests/api.py", line 115, in post
    return request("post", url, data=data, json=json, **kwargs)
  File "/usr/local/lib/python3.10/site-packages/requests/api.py", line 59, in request
    return session.request(method=method, url=url, **kwargs)
  File "/usr/local/lib/python3.10/site-packages/requests/sessions.py", line 589, in request
    resp = self.send(prep, **send_kwargs)
  File "/usr/local/lib/python3.10/site-packages/requests/sessions.py", line 703, in send
    r = adapter.send(request, **kwargs)
  File "/usr/local/lib/python3.10/site-packages/requests/adapters.py", line 519, in send
    raise ConnectionError(e, request=request)
requests.exceptions.ConnectionError: HTTPSConnectionPool(host='oauth.platform.intuit.com', port=443): Max retries exceeded with url: /oauth2/v1/tokens/bearer (Caused by NewConnectionError('<urllib3.connection.HTTPSConnection object at 0xffffb2f45fc0>: Failed to establish a new connection: [Errno -5] No address associated with hostname'))
2026-01-27T23:01:32 {"block_run_id": 51, "block_uuid": "load_invoices_qbo", "pipeline_run_id": 26, "pipeline_schedule_id": 5, "pipeline_uuid": "qb_invoices_backfill", "hostname": "5c3e07c00964", "block_type": "data_loader", "level": "INFO", "message": "Start executing block with BlockExecutor.", "timestamp": 1769554892.847802, "uuid": "2f6a3bff46984b8aaadcd4b18b027055"}
2026-01-27T23:01:32 {"block_run_id": 51, "block_uuid": "load_invoices_qbo", "pipeline_run_id": 26, "pipeline_schedule_id": 5, "pipeline_uuid": "qb_invoices_backfill", "hostname": "5c3e07c00964", "block_type": "data_loader", "level": "INFO", "message": "[23:01:32] [INIT] Iniciando extracci\u00f3n desde 2025-10-01 hasta 2026-01-01", "timestamp": 1769554892.853774, "uuid": "488fdf9649864da9a3d04dea63f96d80"}
2026-01-27T23:01:32 {"block_run_id": 51, "block_uuid": "load_invoices_qbo", "pipeline_run_id": 26, "pipeline_schedule_id": 5, "pipeline_uuid": "qb_invoices_backfill", "hostname": "5c3e07c00964", "block_type": "data_loader", "level": "INFO", "message": "[23:01:32] [AUTH] Solicitando nuevo token...", "timestamp": 1769554892.853977, "uuid": "c129689c0f6e4deb82047793391c78e1"}
2026-01-27T23:01:34 {"block_run_id": 51, "block_uuid": "load_invoices_qbo", "pipeline_run_id": 26, "pipeline_schedule_id": 5, "pipeline_uuid": "qb_invoices_backfill", "hostname": "5c3e07c00964", "block_type": "data_loader", "level": "INFO", "message": "Rango de datos: 2025-10-01 00:00:00+00:00 hasta 2026-01-01 00:00:00+00:00", "timestamp": 1769554894.348026, "uuid": "824b3269849b4ec6b810746785acd374"}
2026-01-27T23:01:35 {"block_run_id": 51, "block_uuid": "load_invoices_qbo", "pipeline_run_id": 26, "pipeline_schedule_id": 5, "pipeline_uuid": "qb_invoices_backfill", "hostname": "5c3e07c00964", "block_type": "data_loader", "level": "INFO", "message": "[23:01:35] [METRIC] D\u00eda: 2025-10-01 | Filas: 0 | Duraci\u00f3n: 1.25s", "timestamp": 1769554895.599525, "uuid": "cbf60ed378a84f09b9695edef7b72573"}
2026-01-27T23:01:35 {"block_run_id": 51, "block_uuid": "load_invoices_qbo", "pipeline_run_id": 26, "pipeline_schedule_id": 5, "pipeline_uuid": "qb_invoices_backfill", "hostname": "5c3e07c00964", "block_type": "data_loader", "level": "INFO", "message": "[23:01:35] [VOLUMETRY_WARN] 0 registros para 2025-10-01", "timestamp": 1769554895.601143, "uuid": "292c8885db0b4be3971ea510cbe44707"}
2026-01-27T23:01:36 {"block_run_id": 51, "block_uuid": "load_invoices_qbo", "pipeline_run_id": 26, "pipeline_schedule_id": 5, "pipeline_uuid": "qb_invoices_backfill", "hostname": "5c3e07c00964", "block_type": "data_loader", "level": "INFO", "message": "[23:01:36] [METRIC] D\u00eda: 2025-10-02 | Filas: 0 | Duraci\u00f3n: 0.90s", "timestamp": 1769554896.501374, "uuid": "8cecfc396e644a77b44cd1a33f89bc09"}
2026-01-27T23:01:36 {"block_run_id": 51, "block_uuid": "load_invoices_qbo", "pipeline_run_id": 26, "pipeline_schedule_id": 5, "pipeline_uuid": "qb_invoices_backfill", "hostname": "5c3e07c00964", "block_type": "data_loader", "level": "INFO", "message": "[23:01:36] [VOLUMETRY_WARN] 0 registros para 2025-10-02", "timestamp": 1769554896.503339, "uuid": "ef71a2d64d2544489f545d6b71f3c2aa"}
2026-01-27T23:01:37 {"block_run_id": 51, "block_uuid": "load_invoices_qbo", "pipeline_run_id": 26, "pipeline_schedule_id": 5, "pipeline_uuid": "qb_invoices_backfill", "hostname": "5c3e07c00964", "block_type": "data_loader", "level": "INFO", "message": "[23:01:37] [METRIC] D\u00eda: 2025-10-03 | Filas: 0 | Duraci\u00f3n: 0.86s", "timestamp": 1769554897.367698, "uuid": "db7c03fde45546b19d3ed92291de53bb"}
2026-01-27T23:01:37 {"block_run_id": 51, "block_uuid": "load_invoices_qbo", "pipeline_run_id": 26, "pipeline_schedule_id": 5, "pipeline_uuid": "qb_invoices_backfill", "hostname": "5c3e07c00964", "block_type": "data_loader", "level": "INFO", "message": "[23:01:37] [VOLUMETRY_WARN] 0 registros para 2025-10-03", "timestamp": 1769554897.36903, "uuid": "f63122b0aa9245049ed3e4834c0fbf33"}
2026-01-27T23:01:38 {"block_run_id": 51, "block_uuid": "load_invoices_qbo", "pipeline_run_id": 26, "pipeline_schedule_id": 5, "pipeline_uuid": "qb_invoices_backfill", "hostname": "5c3e07c00964", "block_type": "data_loader", "level": "INFO", "message": "[23:01:38] [METRIC] D\u00eda: 2025-10-04 | Filas: 0 | Duraci\u00f3n: 1.60s", "timestamp": 1769554898.972912, "uuid": "4740dc06c3884f43a10393dfb7904b61"}
2026-01-27T23:01:38 {"block_run_id": 51, "block_uuid": "load_invoices_qbo", "pipeline_run_id": 26, "pipeline_schedule_id": 5, "pipeline_uuid": "qb_invoices_backfill", "hostname": "5c3e07c00964", "block_type": "data_loader", "level": "INFO", "message": "[23:01:38] [VOLUMETRY_WARN] 0 registros para 2025-10-04", "timestamp": 1769554898.975191, "uuid": "9a64391f042348bca401d951bb425bae"}
2026-01-27T23:01:39 {"block_run_id": 51, "block_uuid": "load_invoices_qbo", "pipeline_run_id": 26, "pipeline_schedule_id": 5, "pipeline_uuid": "qb_invoices_backfill", "hostname": "5c3e07c00964", "block_type": "data_loader", "level": "INFO", "message": "[23:01:39] [METRIC] D\u00eda: 2025-10-05 | Filas: 0 | Duraci\u00f3n: 0.89s", "timestamp": 1769554899.864178, "uuid": "7b468651ceb34955b43dd79a1d0069e3"}
2026-01-27T23:01:39 {"block_run_id": 51, "block_uuid": "load_invoices_qbo", "pipeline_run_id": 26, "pipeline_schedule_id": 5, "pipeline_uuid": "qb_invoices_backfill", "hostname": "5c3e07c00964", "block_type": "data_loader", "level": "INFO", "message": "[23:01:39] [VOLUMETRY_WARN] 0 registros para 2025-10-05", "timestamp": 1769554899.865923, "uuid": "c38fe18f08d44d308cc8ff1ae4043e56"}
2026-01-27T23:01:40 {"block_run_id": 51, "block_uuid": "load_invoices_qbo", "pipeline_run_id": 26, "pipeline_schedule_id": 5, "pipeline_uuid": "qb_invoices_backfill", "hostname": "5c3e07c00964", "block_type": "data_loader", "level": "INFO", "message": "[23:01:40] [METRIC] D\u00eda: 2025-10-06 | Filas: 0 | Duraci\u00f3n: 0.88s", "timestamp": 1769554900.748039, "uuid": "9f51be969d194601bb545a23fb616994"}
2026-01-27T23:01:40 {"block_run_id": 51, "block_uuid": "load_invoices_qbo", "pipeline_run_id": 26, "pipeline_schedule_id": 5, "pipeline_uuid": "qb_invoices_backfill", "hostname": "5c3e07c00964", "block_type": "data_loader", "level": "INFO", "message": "[23:01:40] [VOLUMETRY_WARN] 0 registros para 2025-10-06", "timestamp": 1769554900.749518, "uuid": "f1ea9134018f4e2bac726187fc9bb4f8"}
2026-01-27T23:01:41 {"block_run_id": 51, "block_uuid": "load_invoices_qbo", "pipeline_run_id": 26, "pipeline_schedule_id": 5, "pipeline_uuid": "qb_invoices_backfill", "hostname": "5c3e07c00964", "block_type": "data_loader", "level": "INFO", "message": "[23:01:41] [METRIC] D\u00eda: 2025-10-07 | Filas: 0 | Duraci\u00f3n: 0.87s", "timestamp": 1769554901.624692, "uuid": "c3957c2ddf7e4b6a8610d248ad53f7d6"}
2026-01-27T23:01:41 {"block_run_id": 51, "block_uuid": "load_invoices_qbo", "pipeline_run_id": 26, "pipeline_schedule_id": 5, "pipeline_uuid": "qb_invoices_backfill", "hostname": "5c3e07c00964", "block_type": "data_loader", "level": "INFO", "message": "[23:01:41] [VOLUMETRY_WARN] 0 registros para 2025-10-07", "timestamp": 1769554901.626133, "uuid": "2ad38e2d4fe44f5e9c87b4435154b4c7"}
2026-01-27T23:01:42 {"block_run_id": 51, "block_uuid": "load_invoices_qbo", "pipeline_run_id": 26, "pipeline_schedule_id": 5, "pipeline_uuid": "qb_invoices_backfill", "hostname": "5c3e07c00964", "block_type": "data_loader", "level": "INFO", "message": "[23:01:42] [METRIC] D\u00eda: 2025-10-08 | Filas: 0 | Duraci\u00f3n: 0.87s", "timestamp": 1769554902.500693, "uuid": "16f7688f4b8f442ba4d86e3447d42c6f"}
2026-01-27T23:01:42 {"block_run_id": 51, "block_uuid": "load_invoices_qbo", "pipeline_run_id": 26, "pipeline_schedule_id": 5, "pipeline_uuid": "qb_invoices_backfill", "hostname": "5c3e07c00964", "block_type": "data_loader", "level": "INFO", "message": "[23:01:42] [VOLUMETRY_WARN] 0 registros para 2025-10-08", "timestamp": 1769554902.502069, "uuid": "8df1f9ad00584d6084ab2599da6ca904"}
2026-01-27T23:01:43 {"block_run_id": 51, "block_uuid": "load_invoices_qbo", "pipeline_run_id": 26, "pipeline_schedule_id": 5, "pipeline_uuid": "qb_invoices_backfill", "hostname": "5c3e07c00964", "block_type": "data_loader", "level": "INFO", "message": "[23:01:43] [METRIC] D\u00eda: 2025-10-09 | Filas: 0 | Duraci\u00f3n: 0.88s", "timestamp": 1769554903.384861, "uuid": "f3de6d6d14c142d1a3e3a6da579995a3"}
2026-01-27T23:01:43 {"block_run_id": 51, "block_uuid": "load_invoices_qbo", "pipeline_run_id": 26, "pipeline_schedule_id": 5, "pipeline_uuid": "qb_invoices_backfill", "hostname": "5c3e07c00964", "block_type": "data_loader", "level": "INFO", "message": "[23:01:43] [VOLUMETRY_WARN] 0 registros para 2025-10-09", "timestamp": 1769554903.38626, "uuid": "8e0d982febeb40c7ac3e50d009a8f035"}
2026-01-27T23:01:44 {"block_run_id": 51, "block_uuid": "load_invoices_qbo", "pipeline_run_id": 26, "pipeline_schedule_id": 5, "pipeline_uuid": "qb_invoices_backfill", "hostname": "5c3e07c00964", "block_type": "data_loader", "level": "INFO", "message": "[23:01:44] [METRIC] D\u00eda: 2025-10-10 | Filas: 0 | Duraci\u00f3n: 0.91s", "timestamp": 1769554904.292481, "uuid": "6f2adaca098c4e8e90ed8142d1458463"}
2026-01-27T23:01:44 {"block_run_id": 51, "block_uuid": "load_invoices_qbo", "pipeline_run_id": 26, "pipeline_schedule_id": 5, "pipeline_uuid": "qb_invoices_backfill", "hostname": "5c3e07c00964", "block_type": "data_loader", "level": "INFO", "message": "[23:01:44] [VOLUMETRY_WARN] 0 registros para 2025-10-10", "timestamp": 1769554904.29519, "uuid": "eaecaadcbf484878b43a4e44a464cfc8"}
2026-01-27T23:01:45 {"block_run_id": 51, "block_uuid": "load_invoices_qbo", "pipeline_run_id": 26, "pipeline_schedule_id": 5, "pipeline_uuid": "qb_invoices_backfill", "hostname": "5c3e07c00964", "block_type": "data_loader", "level": "INFO", "message": "[23:01:45] [METRIC] D\u00eda: 2025-10-11 | Filas: 0 | Duraci\u00f3n: 0.90s", "timestamp": 1769554905.193481, "uuid": "1d056701a9c14e2fbfafbd7620a3b11e"}
2026-01-27T23:01:45 {"block_run_id": 51, "block_uuid": "load_invoices_qbo", "pipeline_run_id": 26, "pipeline_schedule_id": 5, "pipeline_uuid": "qb_invoices_backfill", "hostname": "5c3e07c00964", "block_type": "data_loader", "level": "INFO", "message": "[23:01:45] [VOLUMETRY_WARN] 0 registros para 2025-10-11", "timestamp": 1769554905.194929, "uuid": "fc7130aa9f834307958d3bae52f84862"}
2026-01-27T23:01:46 {"block_run_id": 51, "block_uuid": "load_invoices_qbo", "pipeline_run_id": 26, "pipeline_schedule_id": 5, "pipeline_uuid": "qb_invoices_backfill", "hostname": "5c3e07c00964", "block_type": "data_loader", "level": "INFO", "message": "[23:01:46] [METRIC] D\u00eda: 2025-10-12 | Filas: 0 | Duraci\u00f3n: 0.89s", "timestamp": 1769554906.082852, "uuid": "9b5859e589f240e7ae87ea3d4bccbc0a"}
2026-01-27T23:01:46 {"block_run_id": 51, "block_uuid": "load_invoices_qbo", "pipeline_run_id": 26, "pipeline_schedule_id": 5, "pipeline_uuid": "qb_invoices_backfill", "hostname": "5c3e07c00964", "block_type": "data_loader", "level": "INFO", "message": "[23:01:46] [VOLUMETRY_WARN] 0 registros para 2025-10-12", "timestamp": 1769554906.084744, "uuid": "acb0dd310a854130a0376d5b735a99ca"}
2026-01-27T23:01:47 {"block_run_id": 51, "block_uuid": "load_invoices_qbo", "pipeline_run_id": 26, "pipeline_schedule_id": 5, "pipeline_uuid": "qb_invoices_backfill", "hostname": "5c3e07c00964", "block_type": "data_loader", "level": "INFO", "message": "[23:01:47] [METRIC] D\u00eda: 2025-10-13 | Filas: 0 | Duraci\u00f3n: 1.10s", "timestamp": 1769554907.182074, "uuid": "c38f17b99db442138cfb0c2e7ed715a4"}
2026-01-27T23:01:47 {"block_run_id": 51, "block_uuid": "load_invoices_qbo", "pipeline_run_id": 26, "pipeline_schedule_id": 5, "pipeline_uuid": "qb_invoices_backfill", "hostname": "5c3e07c00964", "block_type": "data_loader", "level": "INFO", "message": "[23:01:47] [VOLUMETRY_WARN] 0 registros para 2025-10-13", "timestamp": 1769554907.182788, "uuid": "15f3d6c795ae4637bc0a0e8246f95ec8"}
2026-01-27T23:01:48 {"block_run_id": 51, "block_uuid": "load_invoices_qbo", "pipeline_run_id": 26, "pipeline_schedule_id": 5, "pipeline_uuid": "qb_invoices_backfill", "hostname": "5c3e07c00964", "block_type": "data_loader", "level": "INFO", "message": "[23:01:48] [METRIC] D\u00eda: 2025-10-14 | Filas: 0 | Duraci\u00f3n: 0.85s", "timestamp": 1769554908.036225, "uuid": "a41cec60d4794d6487532ff973257fec"}
2026-01-27T23:01:48 {"block_run_id": 51, "block_uuid": "load_invoices_qbo", "pipeline_run_id": 26, "pipeline_schedule_id": 5, "pipeline_uuid": "qb_invoices_backfill", "hostname": "5c3e07c00964", "block_type": "data_loader", "level": "INFO", "message": "[23:01:48] [VOLUMETRY_WARN] 0 registros para 2025-10-14", "timestamp": 1769554908.037241, "uuid": "bd76e780a9a845bebab0755a8a11a427"}
2026-01-27T23:01:48 {"block_run_id": 51, "block_uuid": "load_invoices_qbo", "pipeline_run_id": 26, "pipeline_schedule_id": 5, "pipeline_uuid": "qb_invoices_backfill", "hostname": "5c3e07c00964", "block_type": "data_loader", "level": "INFO", "message": "[23:01:48] [METRIC] D\u00eda: 2025-10-15 | Filas: 0 | Duraci\u00f3n: 0.90s", "timestamp": 1769554908.934333, "uuid": "0f9e17cd914c4047a1270e08e91f2e5e"}
2026-01-27T23:01:48 {"block_run_id": 51, "block_uuid": "load_invoices_qbo", "pipeline_run_id": 26, "pipeline_schedule_id": 5, "pipeline_uuid": "qb_invoices_backfill", "hostname": "5c3e07c00964", "block_type": "data_loader", "level": "INFO", "message": "[23:01:48] [VOLUMETRY_WARN] 0 registros para 2025-10-15", "timestamp": 1769554908.935823, "uuid": "d52245f1015d4a7aa393c30106d20433"}
2026-01-27T23:01:49 {"block_run_id": 51, "block_uuid": "load_invoices_qbo", "pipeline_run_id": 26, "pipeline_schedule_id": 5, "pipeline_uuid": "qb_invoices_backfill", "hostname": "5c3e07c00964", "block_type": "data_loader", "level": "INFO", "message": "[23:01:49] [METRIC] D\u00eda: 2025-10-16 | Filas: 0 | Duraci\u00f3n: 0.88s", "timestamp": 1769554909.817541, "uuid": "ca0c56f4c62a47498fe7ea21b0f019c2"}
2026-01-27T23:01:49 {"block_run_id": 51, "block_uuid": "load_invoices_qbo", "pipeline_run_id": 26, "pipeline_schedule_id": 5, "pipeline_uuid": "qb_invoices_backfill", "hostname": "5c3e07c00964", "block_type": "data_loader", "level": "INFO", "message": "[23:01:49] [VOLUMETRY_WARN] 0 registros para 2025-10-16", "timestamp": 1769554909.81891, "uuid": "6e12a63640694ed0a03dc62173591247"}
2026-01-27T23:01:50 {"block_run_id": 51, "block_uuid": "load_invoices_qbo", "pipeline_run_id": 26, "pipeline_schedule_id": 5, "pipeline_uuid": "qb_invoices_backfill", "hostname": "5c3e07c00964", "block_type": "data_loader", "level": "INFO", "message": "[23:01:50] [METRIC] D\u00eda: 2025-10-17 | Filas: 0 | Duraci\u00f3n: 1.04s", "timestamp": 1769554910.85582, "uuid": "5cb20639b0ad47f8a192c9abcbc10afa"}
2026-01-27T23:01:50 {"block_run_id": 51, "block_uuid": "load_invoices_qbo", "pipeline_run_id": 26, "pipeline_schedule_id": 5, "pipeline_uuid": "qb_invoices_backfill", "hostname": "5c3e07c00964", "block_type": "data_loader", "level": "INFO", "message": "[23:01:50] [VOLUMETRY_WARN] 0 registros para 2025-10-17", "timestamp": 1769554910.857371, "uuid": "3e612c0337074fd5964d0bf1c50def59"}
2026-01-27T23:01:51 {"block_run_id": 51, "block_uuid": "load_invoices_qbo", "pipeline_run_id": 26, "pipeline_schedule_id": 5, "pipeline_uuid": "qb_invoices_backfill", "hostname": "5c3e07c00964", "block_type": "data_loader", "level": "INFO", "message": "[23:01:51] [METRIC] D\u00eda: 2025-10-18 | Filas: 0 | Duraci\u00f3n: 0.88s", "timestamp": 1769554911.737046, "uuid": "b935066874184e148a02efba6ad251f8"}
2026-01-27T23:01:51 {"block_run_id": 51, "block_uuid": "load_invoices_qbo", "pipeline_run_id": 26, "pipeline_schedule_id": 5, "pipeline_uuid": "qb_invoices_backfill", "hostname": "5c3e07c00964", "block_type": "data_loader", "level": "INFO", "message": "[23:01:51] [VOLUMETRY_WARN] 0 registros para 2025-10-18", "timestamp": 1769554911.737429, "uuid": "fbd73cbb90584fd7b7b639607818b6c3"}
2026-01-27T23:01:52 {"block_run_id": 51, "block_uuid": "load_invoices_qbo", "pipeline_run_id": 26, "pipeline_schedule_id": 5, "pipeline_uuid": "qb_invoices_backfill", "hostname": "5c3e07c00964", "block_type": "data_loader", "level": "INFO", "message": "[23:01:52] [METRIC] D\u00eda: 2025-10-19 | Filas: 0 | Duraci\u00f3n: 0.87s", "timestamp": 1769554912.60775, "uuid": "10452a8338384d1b9a9abe1f68b0c8a4"}
2026-01-27T23:01:52 {"block_run_id": 51, "block_uuid": "load_invoices_qbo", "pipeline_run_id": 26, "pipeline_schedule_id": 5, "pipeline_uuid": "qb_invoices_backfill", "hostname": "5c3e07c00964", "block_type": "data_loader", "level": "INFO", "message": "[23:01:52] [VOLUMETRY_WARN] 0 registros para 2025-10-19", "timestamp": 1769554912.609131, "uuid": "203a1a6874ba4345b54bd7d56aa62073"}
2026-01-27T23:01:53 {"block_run_id": 51, "block_uuid": "load_invoices_qbo", "pipeline_run_id": 26, "pipeline_schedule_id": 5, "pipeline_uuid": "qb_invoices_backfill", "hostname": "5c3e07c00964", "block_type": "data_loader", "level": "INFO", "message": "[23:01:53] [METRIC] D\u00eda: 2025-10-20 | Filas: 0 | Duraci\u00f3n: 0.88s", "timestamp": 1769554913.493946, "uuid": "57fce65e522a4397991986d8000c3376"}
2026-01-27T23:01:53 {"block_run_id": 51, "block_uuid": "load_invoices_qbo", "pipeline_run_id": 26, "pipeline_schedule_id": 5, "pipeline_uuid": "qb_invoices_backfill", "hostname": "5c3e07c00964", "block_type": "data_loader", "level": "INFO", "message": "[23:01:53] [VOLUMETRY_WARN] 0 registros para 2025-10-20", "timestamp": 1769554913.494272, "uuid": "16ac4c780c5f411fa8c80fd0c540cadd"}
2026-01-27T23:01:54 {"block_run_id": 51, "block_uuid": "load_invoices_qbo", "pipeline_run_id": 26, "pipeline_schedule_id": 5, "pipeline_uuid": "qb_invoices_backfill", "hostname": "5c3e07c00964", "block_type": "data_loader", "level": "INFO", "message": "[23:01:54] [METRIC] D\u00eda: 2025-10-21 | Filas: 0 | Duraci\u00f3n: 0.88s", "timestamp": 1769554914.369705, "uuid": "a67585e91ed94a42afde2825fc403934"}
2026-01-27T23:01:54 {"block_run_id": 51, "block_uuid": "load_invoices_qbo", "pipeline_run_id": 26, "pipeline_schedule_id": 5, "pipeline_uuid": "qb_invoices_backfill", "hostname": "5c3e07c00964", "block_type": "data_loader", "level": "INFO", "message": "[23:01:54] [VOLUMETRY_WARN] 0 registros para 2025-10-21", "timestamp": 1769554914.370991, "uuid": "c269b64f2d1a4d59a504652cafb4f0d4"}
2026-01-27T23:01:55 {"block_run_id": 51, "block_uuid": "load_invoices_qbo", "pipeline_run_id": 26, "pipeline_schedule_id": 5, "pipeline_uuid": "qb_invoices_backfill", "hostname": "5c3e07c00964", "block_type": "data_loader", "level": "INFO", "message": "[23:01:55] [METRIC] D\u00eda: 2025-10-22 | Filas: 0 | Duraci\u00f3n: 0.89s", "timestamp": 1769554915.257305, "uuid": "64e013a45f4844beaf0c243a55d1bdfe"}
2026-01-27T23:01:55 {"block_run_id": 51, "block_uuid": "load_invoices_qbo", "pipeline_run_id": 26, "pipeline_schedule_id": 5, "pipeline_uuid": "qb_invoices_backfill", "hostname": "5c3e07c00964", "block_type": "data_loader", "level": "INFO", "message": "[23:01:55] [VOLUMETRY_WARN] 0 registros para 2025-10-22", "timestamp": 1769554915.259226, "uuid": "3de31d8c72aa4195a5e4f46c2b7d1b9e"}
2026-01-27T23:01:56 {"block_run_id": 51, "block_uuid": "load_invoices_qbo", "pipeline_run_id": 26, "pipeline_schedule_id": 5, "pipeline_uuid": "qb_invoices_backfill", "hostname": "5c3e07c00964", "block_type": "data_loader", "level": "INFO", "message": "[23:01:56] [METRIC] D\u00eda: 2025-10-23 | Filas: 0 | Duraci\u00f3n: 0.85s", "timestamp": 1769554916.112811, "uuid": "679aab14aa5643c88f311a0fa9b564df"}
2026-01-27T23:01:56 {"block_run_id": 51, "block_uuid": "load_invoices_qbo", "pipeline_run_id": 26, "pipeline_schedule_id": 5, "pipeline_uuid": "qb_invoices_backfill", "hostname": "5c3e07c00964", "block_type": "data_loader", "level": "INFO", "message": "[23:01:56] [VOLUMETRY_WARN] 0 registros para 2025-10-23", "timestamp": 1769554916.113564, "uuid": "b456f65f5cb14a98b08db1d54332c3d7"}
2026-01-27T23:01:56 {"block_run_id": 51, "block_uuid": "load_invoices_qbo", "pipeline_run_id": 26, "pipeline_schedule_id": 5, "pipeline_uuid": "qb_invoices_backfill", "hostname": "5c3e07c00964", "block_type": "data_loader", "level": "INFO", "message": "[23:01:56] [METRIC] D\u00eda: 2025-10-24 | Filas: 0 | Duraci\u00f3n: 0.86s", "timestamp": 1769554916.969668, "uuid": "a2174cb4a3894d63b25e7648fcd0aead"}
2026-01-27T23:01:56 {"block_run_id": 51, "block_uuid": "load_invoices_qbo", "pipeline_run_id": 26, "pipeline_schedule_id": 5, "pipeline_uuid": "qb_invoices_backfill", "hostname": "5c3e07c00964", "block_type": "data_loader", "level": "INFO", "message": "[23:01:56] [VOLUMETRY_WARN] 0 registros para 2025-10-24", "timestamp": 1769554916.97089, "uuid": "ccf58b52b5aa4457a50d23180a03bc05"}
2026-01-27T23:01:57 {"block_run_id": 51, "block_uuid": "load_invoices_qbo", "pipeline_run_id": 26, "pipeline_schedule_id": 5, "pipeline_uuid": "qb_invoices_backfill", "hostname": "5c3e07c00964", "block_type": "data_loader", "level": "INFO", "message": "[23:01:57] [METRIC] D\u00eda: 2025-10-25 | Filas: 0 | Duraci\u00f3n: 0.89s", "timestamp": 1769554917.866553, "uuid": "a97ea31ae72647658a4c4241c716ed93"}
2026-01-27T23:01:57 {"block_run_id": 51, "block_uuid": "load_invoices_qbo", "pipeline_run_id": 26, "pipeline_schedule_id": 5, "pipeline_uuid": "qb_invoices_backfill", "hostname": "5c3e07c00964", "block_type": "data_loader", "level": "INFO", "message": "[23:01:57] [VOLUMETRY_WARN] 0 registros para 2025-10-25", "timestamp": 1769554917.866873, "uuid": "df7230443c204a7aac4c109e401159a6"}
2026-01-27T23:01:58 {"block_run_id": 51, "block_uuid": "load_invoices_qbo", "pipeline_run_id": 26, "pipeline_schedule_id": 5, "pipeline_uuid": "qb_invoices_backfill", "hostname": "5c3e07c00964", "block_type": "data_loader", "level": "INFO", "message": "[23:01:58] [METRIC] D\u00eda: 2025-10-26 | Filas: 0 | Duraci\u00f3n: 0.89s", "timestamp": 1769554918.761019, "uuid": "658c9fca62144c9a9acb624e175f7a5f"}
2026-01-27T23:01:58 {"block_run_id": 51, "block_uuid": "load_invoices_qbo", "pipeline_run_id": 26, "pipeline_schedule_id": 5, "pipeline_uuid": "qb_invoices_backfill", "hostname": "5c3e07c00964", "block_type": "data_loader", "level": "INFO", "message": "[23:01:58] [VOLUMETRY_WARN] 0 registros para 2025-10-26", "timestamp": 1769554918.761683, "uuid": "2efdcba800534a64bfe3661673e94fa2"}
2026-01-27T23:01:59 {"block_run_id": 51, "block_uuid": "load_invoices_qbo", "pipeline_run_id": 26, "pipeline_schedule_id": 5, "pipeline_uuid": "qb_invoices_backfill", "hostname": "5c3e07c00964", "block_type": "data_loader", "level": "INFO", "message": "[23:01:59] [METRIC] D\u00eda: 2025-10-27 | Filas: 0 | Duraci\u00f3n: 1.03s", "timestamp": 1769554919.790903, "uuid": "5fd42774b0d04b53baa0b8e09a511ed4"}
2026-01-27T23:01:59 {"block_run_id": 51, "block_uuid": "load_invoices_qbo", "pipeline_run_id": 26, "pipeline_schedule_id": 5, "pipeline_uuid": "qb_invoices_backfill", "hostname": "5c3e07c00964", "block_type": "data_loader", "level": "INFO", "message": "[23:01:59] [VOLUMETRY_WARN] 0 registros para 2025-10-27", "timestamp": 1769554919.792288, "uuid": "c2ab4ff15ebc48d3b09ab7f026079e7a"}
2026-01-27T23:02:00 {"block_run_id": 51, "block_uuid": "load_invoices_qbo", "pipeline_run_id": 26, "pipeline_schedule_id": 5, "pipeline_uuid": "qb_invoices_backfill", "hostname": "5c3e07c00964", "block_type": "data_loader", "level": "INFO", "message": "[23:02:00] [METRIC] D\u00eda: 2025-10-28 | Filas: 0 | Duraci\u00f3n: 0.89s", "timestamp": 1769554920.681705, "uuid": "4fd254a3effa4c269509473f4d611a3f"}
2026-01-27T23:02:00 {"block_run_id": 51, "block_uuid": "load_invoices_qbo", "pipeline_run_id": 26, "pipeline_schedule_id": 5, "pipeline_uuid": "qb_invoices_backfill", "hostname": "5c3e07c00964", "block_type": "data_loader", "level": "INFO", "message": "[23:02:00] [VOLUMETRY_WARN] 0 registros para 2025-10-28", "timestamp": 1769554920.683597, "uuid": "ce1e988e15fe4ecda3edc2ed42b7e4ec"}
2026-01-27T23:02:01 {"block_run_id": 51, "block_uuid": "load_invoices_qbo", "pipeline_run_id": 26, "pipeline_schedule_id": 5, "pipeline_uuid": "qb_invoices_backfill", "hostname": "5c3e07c00964", "block_type": "data_loader", "level": "INFO", "message": "[23:02:01] [METRIC] D\u00eda: 2025-10-29 | Filas: 0 | Duraci\u00f3n: 1.04s", "timestamp": 1769554921.728214, "uuid": "59f358bc025e4e7ba74bbd1e6ea91439"}
2026-01-27T23:02:01 {"block_run_id": 51, "block_uuid": "load_invoices_qbo", "pipeline_run_id": 26, "pipeline_schedule_id": 5, "pipeline_uuid": "qb_invoices_backfill", "hostname": "5c3e07c00964", "block_type": "data_loader", "level": "INFO", "message": "[23:02:01] [VOLUMETRY_WARN] 0 registros para 2025-10-29", "timestamp": 1769554921.728779, "uuid": "84511a1a771643dd9b30cdf9be34bed1"}
2026-01-27T23:02:02 {"block_run_id": 51, "block_uuid": "load_invoices_qbo", "pipeline_run_id": 26, "pipeline_schedule_id": 5, "pipeline_uuid": "qb_invoices_backfill", "hostname": "5c3e07c00964", "block_type": "data_loader", "level": "INFO", "message": "[23:02:02] [METRIC] D\u00eda: 2025-10-30 | Filas: 0 | Duraci\u00f3n: 0.89s", "timestamp": 1769554922.620442, "uuid": "7998ffbbcabf49c2b72c148c34779e32"}
2026-01-27T23:02:02 {"block_run_id": 51, "block_uuid": "load_invoices_qbo", "pipeline_run_id": 26, "pipeline_schedule_id": 5, "pipeline_uuid": "qb_invoices_backfill", "hostname": "5c3e07c00964", "block_type": "data_loader", "level": "INFO", "message": "[23:02:02] [VOLUMETRY_WARN] 0 registros para 2025-10-30", "timestamp": 1769554922.622768, "uuid": "3079fcb1c9df4f3c892b56bed29bf9f2"}
2026-01-27T23:02:03 {"block_run_id": 51, "block_uuid": "load_invoices_qbo", "pipeline_run_id": 26, "pipeline_schedule_id": 5, "pipeline_uuid": "qb_invoices_backfill", "hostname": "5c3e07c00964", "block_type": "data_loader", "level": "INFO", "message": "[23:02:03] [METRIC] D\u00eda: 2025-10-31 | Filas: 0 | Duraci\u00f3n: 1.08s", "timestamp": 1769554923.706087, "uuid": "2c8b755e4baf4895a0316d8d302acb04"}
2026-01-27T23:02:03 {"block_run_id": 51, "block_uuid": "load_invoices_qbo", "pipeline_run_id": 26, "pipeline_schedule_id": 5, "pipeline_uuid": "qb_invoices_backfill", "hostname": "5c3e07c00964", "block_type": "data_loader", "level": "INFO", "message": "[23:02:03] [VOLUMETRY_WARN] 0 registros para 2025-10-31", "timestamp": 1769554923.706898, "uuid": "5a9e6aa4850747f7b136f1f8b7d988e1"}
2026-01-27T23:02:04 {"block_run_id": 51, "block_uuid": "load_invoices_qbo", "pipeline_run_id": 26, "pipeline_schedule_id": 5, "pipeline_uuid": "qb_invoices_backfill", "hostname": "5c3e07c00964", "block_type": "data_loader", "level": "INFO", "message": "[23:02:04] [METRIC] D\u00eda: 2025-11-01 | Filas: 0 | Duraci\u00f3n: 0.88s", "timestamp": 1769554924.584321, "uuid": "6c8ab3e49d2a4e048aea5d98b499ee96"}
2026-01-27T23:02:04 {"block_run_id": 51, "block_uuid": "load_invoices_qbo", "pipeline_run_id": 26, "pipeline_schedule_id": 5, "pipeline_uuid": "qb_invoices_backfill", "hostname": "5c3e07c00964", "block_type": "data_loader", "level": "INFO", "message": "[23:02:04] [VOLUMETRY_WARN] 0 registros para 2025-11-01", "timestamp": 1769554924.586301, "uuid": "77d4b2dfd0544430b3c4c207b6f547a3"}
2026-01-27T23:02:05 {"block_run_id": 51, "block_uuid": "load_invoices_qbo", "pipeline_run_id": 26, "pipeline_schedule_id": 5, "pipeline_uuid": "qb_invoices_backfill", "hostname": "5c3e07c00964", "block_type": "data_loader", "level": "INFO", "message": "[23:02:05] [METRIC] D\u00eda: 2025-11-02 | Filas: 0 | Duraci\u00f3n: 0.88s", "timestamp": 1769554925.469738, "uuid": "94ac19f18b50407187042f5404f9e662"}
2026-01-27T23:02:05 {"block_run_id": 51, "block_uuid": "load_invoices_qbo", "pipeline_run_id": 26, "pipeline_schedule_id": 5, "pipeline_uuid": "qb_invoices_backfill", "hostname": "5c3e07c00964", "block_type": "data_loader", "level": "INFO", "message": "[23:02:05] [VOLUMETRY_WARN] 0 registros para 2025-11-02", "timestamp": 1769554925.47158, "uuid": "142acd40a516438e8b87cb6dc4a46143"}
2026-01-27T23:02:06 {"block_run_id": 51, "block_uuid": "load_invoices_qbo", "pipeline_run_id": 26, "pipeline_schedule_id": 5, "pipeline_uuid": "qb_invoices_backfill", "hostname": "5c3e07c00964", "block_type": "data_loader", "level": "INFO", "message": "[23:02:06] [METRIC] D\u00eda: 2025-11-03 | Filas: 0 | Duraci\u00f3n: 1.10s", "timestamp": 1769554926.571045, "uuid": "598fea0004e74b8d8a10f64243976c5f"}
2026-01-27T23:02:06 {"block_run_id": 51, "block_uuid": "load_invoices_qbo", "pipeline_run_id": 26, "pipeline_schedule_id": 5, "pipeline_uuid": "qb_invoices_backfill", "hostname": "5c3e07c00964", "block_type": "data_loader", "level": "INFO", "message": "[23:02:06] [VOLUMETRY_WARN] 0 registros para 2025-11-03", "timestamp": 1769554926.572155, "uuid": "e938f44182e74890adb5befe0741aa1e"}
2026-01-27T23:02:07 {"block_run_id": 51, "block_uuid": "load_invoices_qbo", "pipeline_run_id": 26, "pipeline_schedule_id": 5, "pipeline_uuid": "qb_invoices_backfill", "hostname": "5c3e07c00964", "block_type": "data_loader", "level": "INFO", "message": "[23:02:07] [METRIC] D\u00eda: 2025-11-04 | Filas: 0 | Duraci\u00f3n: 0.79s", "timestamp": 1769554927.363296, "uuid": "99f82c86cc9946ae8e0eeb4718ee6592"}
2026-01-27T23:02:07 {"block_run_id": 51, "block_uuid": "load_invoices_qbo", "pipeline_run_id": 26, "pipeline_schedule_id": 5, "pipeline_uuid": "qb_invoices_backfill", "hostname": "5c3e07c00964", "block_type": "data_loader", "level": "INFO", "message": "[23:02:07] [VOLUMETRY_WARN] 0 registros para 2025-11-04", "timestamp": 1769554927.364063, "uuid": "79bf49777438437bb3b98875553fe676"}
2026-01-27T23:02:08 {"block_run_id": 51, "block_uuid": "load_invoices_qbo", "pipeline_run_id": 26, "pipeline_schedule_id": 5, "pipeline_uuid": "qb_invoices_backfill", "hostname": "5c3e07c00964", "block_type": "data_loader", "level": "INFO", "message": "[23:02:08] [METRIC] D\u00eda: 2025-11-05 | Filas: 0 | Duraci\u00f3n: 0.77s", "timestamp": 1769554928.139283, "uuid": "51c88dd7471e4e0e8d7b3b29f215e84e"}
2026-01-27T23:02:08 {"block_run_id": 51, "block_uuid": "load_invoices_qbo", "pipeline_run_id": 26, "pipeline_schedule_id": 5, "pipeline_uuid": "qb_invoices_backfill", "hostname": "5c3e07c00964", "block_type": "data_loader", "level": "INFO", "message": "[23:02:08] [VOLUMETRY_WARN] 0 registros para 2025-11-05", "timestamp": 1769554928.139965, "uuid": "0f113b8fa0434477ab890aaf4cbc954a"}
2026-01-27T23:02:08 {"block_run_id": 51, "block_uuid": "load_invoices_qbo", "pipeline_run_id": 26, "pipeline_schedule_id": 5, "pipeline_uuid": "qb_invoices_backfill", "hostname": "5c3e07c00964", "block_type": "data_loader", "level": "INFO", "message": "[23:02:08] [METRIC] D\u00eda: 2025-11-06 | Filas: 0 | Duraci\u00f3n: 0.78s", "timestamp": 1769554928.921832, "uuid": "7911bb894b16453c9480dee09daf3035"}
2026-01-27T23:02:08 {"block_run_id": 51, "block_uuid": "load_invoices_qbo", "pipeline_run_id": 26, "pipeline_schedule_id": 5, "pipeline_uuid": "qb_invoices_backfill", "hostname": "5c3e07c00964", "block_type": "data_loader", "level": "INFO", "message": "[23:02:08] [VOLUMETRY_WARN] 0 registros para 2025-11-06", "timestamp": 1769554928.922566, "uuid": "3bda92bfeadd4160ae58c7eb8a9238c1"}
2026-01-27T23:02:09 {"block_run_id": 51, "block_uuid": "load_invoices_qbo", "pipeline_run_id": 26, "pipeline_schedule_id": 5, "pipeline_uuid": "qb_invoices_backfill", "hostname": "5c3e07c00964", "block_type": "data_loader", "level": "INFO", "message": "[23:02:09] [METRIC] D\u00eda: 2025-11-07 | Filas: 0 | Duraci\u00f3n: 0.82s", "timestamp": 1769554929.745557, "uuid": "aedd0818f85d4f5daf058df72d813b24"}
2026-01-27T23:02:09 {"block_run_id": 51, "block_uuid": "load_invoices_qbo", "pipeline_run_id": 26, "pipeline_schedule_id": 5, "pipeline_uuid": "qb_invoices_backfill", "hostname": "5c3e07c00964", "block_type": "data_loader", "level": "INFO", "message": "[23:02:09] [VOLUMETRY_WARN] 0 registros para 2025-11-07", "timestamp": 1769554929.746971, "uuid": "44842638a74341d09e0c662e30f31e4d"}
2026-01-27T23:02:10 {"block_run_id": 51, "block_uuid": "load_invoices_qbo", "pipeline_run_id": 26, "pipeline_schedule_id": 5, "pipeline_uuid": "qb_invoices_backfill", "hostname": "5c3e07c00964", "block_type": "data_loader", "level": "INFO", "message": "[23:02:10] [METRIC] D\u00eda: 2025-11-08 | Filas: 0 | Duraci\u00f3n: 0.79s", "timestamp": 1769554930.535404, "uuid": "cde504bf3e2c4d0d974e66a722cec5a3"}
2026-01-27T23:02:10 {"block_run_id": 51, "block_uuid": "load_invoices_qbo", "pipeline_run_id": 26, "pipeline_schedule_id": 5, "pipeline_uuid": "qb_invoices_backfill", "hostname": "5c3e07c00964", "block_type": "data_loader", "level": "INFO", "message": "[23:02:10] [VOLUMETRY_WARN] 0 registros para 2025-11-08", "timestamp": 1769554930.536188, "uuid": "676fad045ae44638a4be138b861b3db2"}
2026-01-27T23:02:11 {"block_run_id": 51, "block_uuid": "load_invoices_qbo", "pipeline_run_id": 26, "pipeline_schedule_id": 5, "pipeline_uuid": "qb_invoices_backfill", "hostname": "5c3e07c00964", "block_type": "data_loader", "level": "INFO", "message": "[23:02:11] [METRIC] D\u00eda: 2025-11-09 | Filas: 0 | Duraci\u00f3n: 0.78s", "timestamp": 1769554931.31757, "uuid": "bf5aaa45f86b43e4ac474139f5776bb6"}
2026-01-27T23:02:11 {"block_run_id": 51, "block_uuid": "load_invoices_qbo", "pipeline_run_id": 26, "pipeline_schedule_id": 5, "pipeline_uuid": "qb_invoices_backfill", "hostname": "5c3e07c00964", "block_type": "data_loader", "level": "INFO", "message": "[23:02:11] [VOLUMETRY_WARN] 0 registros para 2025-11-09", "timestamp": 1769554931.31849, "uuid": "1bd0fa0692a44991890e1c91b82bff15"}
2026-01-27T23:02:12 {"block_run_id": 51, "block_uuid": "load_invoices_qbo", "pipeline_run_id": 26, "pipeline_schedule_id": 5, "pipeline_uuid": "qb_invoices_backfill", "hostname": "5c3e07c00964", "block_type": "data_loader", "level": "INFO", "message": "[23:02:12] [METRIC] D\u00eda: 2025-11-10 | Filas: 0 | Duraci\u00f3n: 0.77s", "timestamp": 1769554932.084432, "uuid": "b0725602533f4415a683a8e97376331e"}
2026-01-27T23:02:12 {"block_run_id": 51, "block_uuid": "load_invoices_qbo", "pipeline_run_id": 26, "pipeline_schedule_id": 5, "pipeline_uuid": "qb_invoices_backfill", "hostname": "5c3e07c00964", "block_type": "data_loader", "level": "INFO", "message": "[23:02:12] [VOLUMETRY_WARN] 0 registros para 2025-11-10", "timestamp": 1769554932.091289, "uuid": "33017eae05ab4ed9aa39d5f0f70f720a"}
2026-01-27T23:02:12 {"block_run_id": 51, "block_uuid": "load_invoices_qbo", "pipeline_run_id": 26, "pipeline_schedule_id": 5, "pipeline_uuid": "qb_invoices_backfill", "hostname": "5c3e07c00964", "block_type": "data_loader", "level": "INFO", "message": "[23:02:12] [METRIC] D\u00eda: 2025-11-11 | Filas: 0 | Duraci\u00f3n: 0.79s", "timestamp": 1769554932.883065, "uuid": "80619c42683a4b849d2611a1c40d503f"}
2026-01-27T23:02:12 {"block_run_id": 51, "block_uuid": "load_invoices_qbo", "pipeline_run_id": 26, "pipeline_schedule_id": 5, "pipeline_uuid": "qb_invoices_backfill", "hostname": "5c3e07c00964", "block_type": "data_loader", "level": "INFO", "message": "[23:02:12] [VOLUMETRY_WARN] 0 registros para 2025-11-11", "timestamp": 1769554932.884524, "uuid": "0a58fc45380d48399c68f5e360521523"}
2026-01-27T23:02:13 {"block_run_id": 51, "block_uuid": "load_invoices_qbo", "pipeline_run_id": 26, "pipeline_schedule_id": 5, "pipeline_uuid": "qb_invoices_backfill", "hostname": "5c3e07c00964", "block_type": "data_loader", "level": "INFO", "message": "[23:02:13] [METRIC] D\u00eda: 2025-11-12 | Filas: 0 | Duraci\u00f3n: 0.82s", "timestamp": 1769554933.701198, "uuid": "325036728db746ba9841f05252d03c62"}
2026-01-27T23:02:13 {"block_run_id": 51, "block_uuid": "load_invoices_qbo", "pipeline_run_id": 26, "pipeline_schedule_id": 5, "pipeline_uuid": "qb_invoices_backfill", "hostname": "5c3e07c00964", "block_type": "data_loader", "level": "INFO", "message": "[23:02:13] [VOLUMETRY_WARN] 0 registros para 2025-11-12", "timestamp": 1769554933.704039, "uuid": "e9cb39d3c2c944efb10b4b90d517fe32"}
2026-01-27T23:02:14 {"block_run_id": 51, "block_uuid": "load_invoices_qbo", "pipeline_run_id": 26, "pipeline_schedule_id": 5, "pipeline_uuid": "qb_invoices_backfill", "hostname": "5c3e07c00964", "block_type": "data_loader", "level": "INFO", "message": "[23:02:14] [METRIC] D\u00eda: 2025-11-13 | Filas: 0 | Duraci\u00f3n: 0.79s", "timestamp": 1769554934.491919, "uuid": "ca21bbeb687a48ef80cce3aa1949f2b3"}
2026-01-27T23:02:14 {"block_run_id": 51, "block_uuid": "load_invoices_qbo", "pipeline_run_id": 26, "pipeline_schedule_id": 5, "pipeline_uuid": "qb_invoices_backfill", "hostname": "5c3e07c00964", "block_type": "data_loader", "level": "INFO", "message": "[23:02:14] [VOLUMETRY_WARN] 0 registros para 2025-11-13", "timestamp": 1769554934.493625, "uuid": "acba73771afa4751ba9fdc9125af4994"}
2026-01-27T23:02:15 {"block_run_id": 51, "block_uuid": "load_invoices_qbo", "pipeline_run_id": 26, "pipeline_schedule_id": 5, "pipeline_uuid": "qb_invoices_backfill", "hostname": "5c3e07c00964", "block_type": "data_loader", "level": "INFO", "message": "[23:02:15] [METRIC] D\u00eda: 2025-11-14 | Filas: 0 | Duraci\u00f3n: 1.07s", "timestamp": 1769554935.568907, "uuid": "a6c0ef5d7df64ae5b140518831208d4e"}
2026-01-27T23:02:15 {"block_run_id": 51, "block_uuid": "load_invoices_qbo", "pipeline_run_id": 26, "pipeline_schedule_id": 5, "pipeline_uuid": "qb_invoices_backfill", "hostname": "5c3e07c00964", "block_type": "data_loader", "level": "INFO", "message": "[23:02:15] [VOLUMETRY_WARN] 0 registros para 2025-11-14", "timestamp": 1769554935.570187, "uuid": "364f362a431c497d8381cb0d2a453615"}
2026-01-27T23:02:16 {"block_run_id": 51, "block_uuid": "load_invoices_qbo", "pipeline_run_id": 26, "pipeline_schedule_id": 5, "pipeline_uuid": "qb_invoices_backfill", "hostname": "5c3e07c00964", "block_type": "data_loader", "level": "INFO", "message": "[23:02:16] [METRIC] D\u00eda: 2025-11-15 | Filas: 0 | Duraci\u00f3n: 1.10s", "timestamp": 1769554936.673508, "uuid": "f65f1763e40942528cbb6d80129b34f2"}
2026-01-27T23:02:16 {"block_run_id": 51, "block_uuid": "load_invoices_qbo", "pipeline_run_id": 26, "pipeline_schedule_id": 5, "pipeline_uuid": "qb_invoices_backfill", "hostname": "5c3e07c00964", "block_type": "data_loader", "level": "INFO", "message": "[23:02:16] [VOLUMETRY_WARN] 0 registros para 2025-11-15", "timestamp": 1769554936.674113, "uuid": "b557d0b62b684242a0c05dde94bab9b2"}
2026-01-27T23:02:17 {"block_run_id": 51, "block_uuid": "load_invoices_qbo", "pipeline_run_id": 26, "pipeline_schedule_id": 5, "pipeline_uuid": "qb_invoices_backfill", "hostname": "5c3e07c00964", "block_type": "data_loader", "level": "INFO", "message": "[23:02:17] [METRIC] D\u00eda: 2025-11-16 | Filas: 0 | Duraci\u00f3n: 0.89s", "timestamp": 1769554937.56809, "uuid": "2a96b77ea6f94c0dacd44901d33953b6"}
2026-01-27T23:02:17 {"block_run_id": 51, "block_uuid": "load_invoices_qbo", "pipeline_run_id": 26, "pipeline_schedule_id": 5, "pipeline_uuid": "qb_invoices_backfill", "hostname": "5c3e07c00964", "block_type": "data_loader", "level": "INFO", "message": "[23:02:17] [VOLUMETRY_WARN] 0 registros para 2025-11-16", "timestamp": 1769554937.569416, "uuid": "16ac95aa5ede4f46a3c369a1fe7739a1"}
2026-01-27T23:02:18 {"block_run_id": 51, "block_uuid": "load_invoices_qbo", "pipeline_run_id": 26, "pipeline_schedule_id": 5, "pipeline_uuid": "qb_invoices_backfill", "hostname": "5c3e07c00964", "block_type": "data_loader", "level": "INFO", "message": "[23:02:18] [METRIC] D\u00eda: 2025-11-17 | Filas: 0 | Duraci\u00f3n: 0.89s", "timestamp": 1769554938.456615, "uuid": "07048ac577014d2797e6c93f2676d496"}
2026-01-27T23:02:18 {"block_run_id": 51, "block_uuid": "load_invoices_qbo", "pipeline_run_id": 26, "pipeline_schedule_id": 5, "pipeline_uuid": "qb_invoices_backfill", "hostname": "5c3e07c00964", "block_type": "data_loader", "level": "INFO", "message": "[23:02:18] [VOLUMETRY_WARN] 0 registros para 2025-11-17", "timestamp": 1769554938.457415, "uuid": "cc757122823144639f303fcfc8e725b2"}
2026-01-27T23:02:19 {"block_run_id": 51, "block_uuid": "load_invoices_qbo", "pipeline_run_id": 26, "pipeline_schedule_id": 5, "pipeline_uuid": "qb_invoices_backfill", "hostname": "5c3e07c00964", "block_type": "data_loader", "level": "INFO", "message": "[23:02:19] [METRIC] D\u00eda: 2025-11-18 | Filas: 0 | Duraci\u00f3n: 0.88s", "timestamp": 1769554939.338309, "uuid": "d6b700f5d25a409b9c9aa543dd20cfc1"}
2026-01-27T23:02:19 {"block_run_id": 51, "block_uuid": "load_invoices_qbo", "pipeline_run_id": 26, "pipeline_schedule_id": 5, "pipeline_uuid": "qb_invoices_backfill", "hostname": "5c3e07c00964", "block_type": "data_loader", "level": "INFO", "message": "[23:02:19] [VOLUMETRY_WARN] 0 registros para 2025-11-18", "timestamp": 1769554939.340037, "uuid": "3f0b5cda549f412a8603757602e32f23"}
2026-01-27T23:02:20 {"block_run_id": 51, "block_uuid": "load_invoices_qbo", "pipeline_run_id": 26, "pipeline_schedule_id": 5, "pipeline_uuid": "qb_invoices_backfill", "hostname": "5c3e07c00964", "block_type": "data_loader", "level": "INFO", "message": "[23:02:20] [METRIC] D\u00eda: 2025-11-19 | Filas: 0 | Duraci\u00f3n: 0.88s", "timestamp": 1769554940.223287, "uuid": "782390d865ed48aca9971977b38874d7"}
2026-01-27T23:02:20 {"block_run_id": 51, "block_uuid": "load_invoices_qbo", "pipeline_run_id": 26, "pipeline_schedule_id": 5, "pipeline_uuid": "qb_invoices_backfill", "hostname": "5c3e07c00964", "block_type": "data_loader", "level": "INFO", "message": "[23:02:20] [VOLUMETRY_WARN] 0 registros para 2025-11-19", "timestamp": 1769554940.224806, "uuid": "4c879621bf4d4eca8e4437293b8db753"}
2026-01-27T23:02:21 {"block_run_id": 51, "block_uuid": "load_invoices_qbo", "pipeline_run_id": 26, "pipeline_schedule_id": 5, "pipeline_uuid": "qb_invoices_backfill", "hostname": "5c3e07c00964", "block_type": "data_loader", "level": "INFO", "message": "[23:02:21] [METRIC] D\u00eda: 2025-11-20 | Filas: 0 | Duraci\u00f3n: 0.87s", "timestamp": 1769554941.092367, "uuid": "661d863f7ef14c419d3cabc7e0820f47"}
2026-01-27T23:02:21 {"block_run_id": 51, "block_uuid": "load_invoices_qbo", "pipeline_run_id": 26, "pipeline_schedule_id": 5, "pipeline_uuid": "qb_invoices_backfill", "hostname": "5c3e07c00964", "block_type": "data_loader", "level": "INFO", "message": "[23:02:21] [VOLUMETRY_WARN] 0 registros para 2025-11-20", "timestamp": 1769554941.093023, "uuid": "3f1c12807d78424c9ab7c819f8118279"}
2026-01-27T23:02:21 {"block_run_id": 51, "block_uuid": "load_invoices_qbo", "pipeline_run_id": 26, "pipeline_schedule_id": 5, "pipeline_uuid": "qb_invoices_backfill", "hostname": "5c3e07c00964", "block_type": "data_loader", "level": "INFO", "message": "[23:02:21] [METRIC] D\u00eda: 2025-11-21 | Filas: 0 | Duraci\u00f3n: 0.88s", "timestamp": 1769554941.974965, "uuid": "03fa84cd71c942f196b2d30c3b2df9d7"}
2026-01-27T23:02:21 {"block_run_id": 51, "block_uuid": "load_invoices_qbo", "pipeline_run_id": 26, "pipeline_schedule_id": 5, "pipeline_uuid": "qb_invoices_backfill", "hostname": "5c3e07c00964", "block_type": "data_loader", "level": "INFO", "message": "[23:02:21] [VOLUMETRY_WARN] 0 registros para 2025-11-21", "timestamp": 1769554941.979641, "uuid": "d080924cef03436482f2126279fe103b"}
2026-01-27T23:02:22 {"block_run_id": 51, "block_uuid": "load_invoices_qbo", "pipeline_run_id": 26, "pipeline_schedule_id": 5, "pipeline_uuid": "qb_invoices_backfill", "hostname": "5c3e07c00964", "block_type": "data_loader", "level": "INFO", "message": "[23:02:22] [METRIC] D\u00eda: 2025-11-22 | Filas: 0 | Duraci\u00f3n: 0.86s", "timestamp": 1769554942.838561, "uuid": "bd581561d9d74b048a70e99a3f39af9a"}
2026-01-27T23:02:22 {"block_run_id": 51, "block_uuid": "load_invoices_qbo", "pipeline_run_id": 26, "pipeline_schedule_id": 5, "pipeline_uuid": "qb_invoices_backfill", "hostname": "5c3e07c00964", "block_type": "data_loader", "level": "INFO", "message": "[23:02:22] [VOLUMETRY_WARN] 0 registros para 2025-11-22", "timestamp": 1769554942.840298, "uuid": "5464558c021744bab718080ae88f335a"}
2026-01-27T23:02:23 {"block_run_id": 51, "block_uuid": "load_invoices_qbo", "pipeline_run_id": 26, "pipeline_schedule_id": 5, "pipeline_uuid": "qb_invoices_backfill", "hostname": "5c3e07c00964", "block_type": "data_loader", "level": "INFO", "message": "[23:02:23] [METRIC] D\u00eda: 2025-11-23 | Filas: 0 | Duraci\u00f3n: 0.87s", "timestamp": 1769554943.715201, "uuid": "5283e62e45c54f35819919dc7b33c890"}
2026-01-27T23:02:23 {"block_run_id": 51, "block_uuid": "load_invoices_qbo", "pipeline_run_id": 26, "pipeline_schedule_id": 5, "pipeline_uuid": "qb_invoices_backfill", "hostname": "5c3e07c00964", "block_type": "data_loader", "level": "INFO", "message": "[23:02:23] [VOLUMETRY_WARN] 0 registros para 2025-11-23", "timestamp": 1769554943.71617, "uuid": "e733f1eec70e4b77bedefa49d2927e45"}
2026-01-27T23:02:24 {"block_run_id": 51, "block_uuid": "load_invoices_qbo", "pipeline_run_id": 26, "pipeline_schedule_id": 5, "pipeline_uuid": "qb_invoices_backfill", "hostname": "5c3e07c00964", "block_type": "data_loader", "level": "INFO", "message": "[23:02:24] [METRIC] D\u00eda: 2025-11-24 | Filas: 0 | Duraci\u00f3n: 0.89s", "timestamp": 1769554944.604596, "uuid": "f7a8f7923b9741e0b98a3c88b4f4c9f5"}
2026-01-27T23:02:24 {"block_run_id": 51, "block_uuid": "load_invoices_qbo", "pipeline_run_id": 26, "pipeline_schedule_id": 5, "pipeline_uuid": "qb_invoices_backfill", "hostname": "5c3e07c00964", "block_type": "data_loader", "level": "INFO", "message": "[23:02:24] [VOLUMETRY_WARN] 0 registros para 2025-11-24", "timestamp": 1769554944.605952, "uuid": "ffe895f70ebf476195389372a45777e6"}
2026-01-27T23:02:25 {"block_run_id": 51, "block_uuid": "load_invoices_qbo", "pipeline_run_id": 26, "pipeline_schedule_id": 5, "pipeline_uuid": "qb_invoices_backfill", "hostname": "5c3e07c00964", "block_type": "data_loader", "level": "INFO", "message": "[23:02:25] [METRIC] D\u00eda: 2025-11-25 | Filas: 0 | Duraci\u00f3n: 0.86s", "timestamp": 1769554945.469927, "uuid": "f10bf8a3efb54733a623d8fafe0a0c7d"}
2026-01-27T23:02:25 {"block_run_id": 51, "block_uuid": "load_invoices_qbo", "pipeline_run_id": 26, "pipeline_schedule_id": 5, "pipeline_uuid": "qb_invoices_backfill", "hostname": "5c3e07c00964", "block_type": "data_loader", "level": "INFO", "message": "[23:02:25] [VOLUMETRY_WARN] 0 registros para 2025-11-25", "timestamp": 1769554945.470862, "uuid": "646aec5e7ff54c28bd458579a9e9596f"}
2026-01-27T23:02:26 {"block_run_id": 51, "block_uuid": "load_invoices_qbo", "pipeline_run_id": 26, "pipeline_schedule_id": 5, "pipeline_uuid": "qb_invoices_backfill", "hostname": "5c3e07c00964", "block_type": "data_loader", "level": "INFO", "message": "[23:02:26] [METRIC] D\u00eda: 2025-11-26 | Filas: 0 | Duraci\u00f3n: 0.86s", "timestamp": 1769554946.328976, "uuid": "1ff7af5453884ed7812abbf8d766bf24"}
2026-01-27T23:02:26 {"block_run_id": 51, "block_uuid": "load_invoices_qbo", "pipeline_run_id": 26, "pipeline_schedule_id": 5, "pipeline_uuid": "qb_invoices_backfill", "hostname": "5c3e07c00964", "block_type": "data_loader", "level": "INFO", "message": "[23:02:26] [VOLUMETRY_WARN] 0 registros para 2025-11-26", "timestamp": 1769554946.330107, "uuid": "f509ecb903a44147bf2d4b970f3a75c4"}
2026-01-27T23:02:27 {"block_run_id": 51, "block_uuid": "load_invoices_qbo", "pipeline_run_id": 26, "pipeline_schedule_id": 5, "pipeline_uuid": "qb_invoices_backfill", "hostname": "5c3e07c00964", "block_type": "data_loader", "level": "INFO", "message": "[23:02:27] [METRIC] D\u00eda: 2025-11-27 | Filas: 0 | Duraci\u00f3n: 0.90s", "timestamp": 1769554947.230914, "uuid": "969c9130b9514df290c374b2311c51f8"}
2026-01-27T23:02:27 {"block_run_id": 51, "block_uuid": "load_invoices_qbo", "pipeline_run_id": 26, "pipeline_schedule_id": 5, "pipeline_uuid": "qb_invoices_backfill", "hostname": "5c3e07c00964", "block_type": "data_loader", "level": "INFO", "message": "[23:02:27] [VOLUMETRY_WARN] 0 registros para 2025-11-27", "timestamp": 1769554947.231994, "uuid": "7bc1c453ab0b4f7594a3ab7d2c45f45b"}
2026-01-27T23:02:28 {"block_run_id": 51, "block_uuid": "load_invoices_qbo", "pipeline_run_id": 26, "pipeline_schedule_id": 5, "pipeline_uuid": "qb_invoices_backfill", "hostname": "5c3e07c00964", "block_type": "data_loader", "level": "INFO", "message": "[23:02:28] [METRIC] D\u00eda: 2025-11-28 | Filas: 0 | Duraci\u00f3n: 0.87s", "timestamp": 1769554948.103983, "uuid": "1cba8444544c4f08bff737805f6e13cf"}
2026-01-27T23:02:28 {"block_run_id": 51, "block_uuid": "load_invoices_qbo", "pipeline_run_id": 26, "pipeline_schedule_id": 5, "pipeline_uuid": "qb_invoices_backfill", "hostname": "5c3e07c00964", "block_type": "data_loader", "level": "INFO", "message": "[23:02:28] [VOLUMETRY_WARN] 0 registros para 2025-11-28", "timestamp": 1769554948.104315, "uuid": "8b1a3f45af81424698ba9572ec180496"}
2026-01-27T23:02:28 {"block_run_id": 51, "block_uuid": "load_invoices_qbo", "pipeline_run_id": 26, "pipeline_schedule_id": 5, "pipeline_uuid": "qb_invoices_backfill", "hostname": "5c3e07c00964", "block_type": "data_loader", "level": "INFO", "message": "[23:02:28] [METRIC] D\u00eda: 2025-11-29 | Filas: 0 | Duraci\u00f3n: 0.85s", "timestamp": 1769554948.958612, "uuid": "3ab0384bc49e47d6ba178259ac711411"}
2026-01-27T23:02:28 {"block_run_id": 51, "block_uuid": "load_invoices_qbo", "pipeline_run_id": 26, "pipeline_schedule_id": 5, "pipeline_uuid": "qb_invoices_backfill", "hostname": "5c3e07c00964", "block_type": "data_loader", "level": "INFO", "message": "[23:02:28] [VOLUMETRY_WARN] 0 registros para 2025-11-29", "timestamp": 1769554948.960387, "uuid": "5b06c853ae61496ea603274b66bd91af"}
2026-01-27T23:02:29 {"block_run_id": 51, "block_uuid": "load_invoices_qbo", "pipeline_run_id": 26, "pipeline_schedule_id": 5, "pipeline_uuid": "qb_invoices_backfill", "hostname": "5c3e07c00964", "block_type": "data_loader", "level": "INFO", "message": "[23:02:29] [METRIC] D\u00eda: 2025-11-30 | Filas: 0 | Duraci\u00f3n: 0.91s", "timestamp": 1769554949.873045, "uuid": "0a9782783ada46cca0ac28875700e5be"}
2026-01-27T23:02:29 {"block_run_id": 51, "block_uuid": "load_invoices_qbo", "pipeline_run_id": 26, "pipeline_schedule_id": 5, "pipeline_uuid": "qb_invoices_backfill", "hostname": "5c3e07c00964", "block_type": "data_loader", "level": "INFO", "message": "[23:02:29] [VOLUMETRY_WARN] 0 registros para 2025-11-30", "timestamp": 1769554949.874219, "uuid": "0cc07a203a7f47ca920e3e14e4199935"}
2026-01-27T23:02:30 {"block_run_id": 51, "block_uuid": "load_invoices_qbo", "pipeline_run_id": 26, "pipeline_schedule_id": 5, "pipeline_uuid": "qb_invoices_backfill", "hostname": "5c3e07c00964", "block_type": "data_loader", "level": "INFO", "message": "[23:02:30] [METRIC] D\u00eda: 2025-12-01 | Filas: 0 | Duraci\u00f3n: 0.89s", "timestamp": 1769554950.769981, "uuid": "2b336834313f4738baa2e2b54ccdf352"}
2026-01-27T23:02:30 {"block_run_id": 51, "block_uuid": "load_invoices_qbo", "pipeline_run_id": 26, "pipeline_schedule_id": 5, "pipeline_uuid": "qb_invoices_backfill", "hostname": "5c3e07c00964", "block_type": "data_loader", "level": "INFO", "message": "[23:02:30] [VOLUMETRY_WARN] 0 registros para 2025-12-01", "timestamp": 1769554950.771298, "uuid": "9f9d120faab144e1938f92a09b452cad"}
2026-01-27T23:02:31 {"block_run_id": 51, "block_uuid": "load_invoices_qbo", "pipeline_run_id": 26, "pipeline_schedule_id": 5, "pipeline_uuid": "qb_invoices_backfill", "hostname": "5c3e07c00964", "block_type": "data_loader", "level": "INFO", "message": "[23:02:31] [METRIC] D\u00eda: 2025-12-02 | Filas: 0 | Duraci\u00f3n: 1.18s", "timestamp": 1769554951.948497, "uuid": "1a6d7bc17e344eb5a70efedd776a88cc"}
2026-01-27T23:02:31 {"block_run_id": 51, "block_uuid": "load_invoices_qbo", "pipeline_run_id": 26, "pipeline_schedule_id": 5, "pipeline_uuid": "qb_invoices_backfill", "hostname": "5c3e07c00964", "block_type": "data_loader", "level": "INFO", "message": "[23:02:31] [VOLUMETRY_WARN] 0 registros para 2025-12-02", "timestamp": 1769554951.950142, "uuid": "e20a280804c64ed598e6f1b14d5eb9be"}
2026-01-27T23:02:32 {"block_run_id": 51, "block_uuid": "load_invoices_qbo", "pipeline_run_id": 26, "pipeline_schedule_id": 5, "pipeline_uuid": "qb_invoices_backfill", "hostname": "5c3e07c00964", "block_type": "data_loader", "level": "INFO", "message": "[23:02:32] [METRIC] D\u00eda: 2025-12-03 | Filas: 0 | Duraci\u00f3n: 0.88s", "timestamp": 1769554952.830011, "uuid": "76160d15801246e19e3465654c3697f7"}
2026-01-27T23:02:32 {"block_run_id": 51, "block_uuid": "load_invoices_qbo", "pipeline_run_id": 26, "pipeline_schedule_id": 5, "pipeline_uuid": "qb_invoices_backfill", "hostname": "5c3e07c00964", "block_type": "data_loader", "level": "INFO", "message": "[23:02:32] [VOLUMETRY_WARN] 0 registros para 2025-12-03", "timestamp": 1769554952.83196, "uuid": "afae914a86004105a1c2baab0a6db02e"}
2026-01-27T23:02:33 {"block_run_id": 51, "block_uuid": "load_invoices_qbo", "pipeline_run_id": 26, "pipeline_schedule_id": 5, "pipeline_uuid": "qb_invoices_backfill", "hostname": "5c3e07c00964", "block_type": "data_loader", "level": "INFO", "message": "[23:02:33] [METRIC] D\u00eda: 2025-12-04 | Filas: 0 | Duraci\u00f3n: 0.89s", "timestamp": 1769554953.718973, "uuid": "2beceb5cff834a7b95614425b9070587"}
2026-01-27T23:02:33 {"block_run_id": 51, "block_uuid": "load_invoices_qbo", "pipeline_run_id": 26, "pipeline_schedule_id": 5, "pipeline_uuid": "qb_invoices_backfill", "hostname": "5c3e07c00964", "block_type": "data_loader", "level": "INFO", "message": "[23:02:33] [VOLUMETRY_WARN] 0 registros para 2025-12-04", "timestamp": 1769554953.72089, "uuid": "7d70c3c0cc7a415a8a8a1041dccd9d41"}
2026-01-27T23:02:34 {"block_run_id": 51, "block_uuid": "load_invoices_qbo", "pipeline_run_id": 26, "pipeline_schedule_id": 5, "pipeline_uuid": "qb_invoices_backfill", "hostname": "5c3e07c00964", "block_type": "data_loader", "level": "INFO", "message": "[23:02:34] [METRIC] D\u00eda: 2025-12-05 | Filas: 0 | Duraci\u00f3n: 0.86s", "timestamp": 1769554954.584077, "uuid": "484f883162b243feadfd086bc295056c"}
2026-01-27T23:02:34 {"block_run_id": 51, "block_uuid": "load_invoices_qbo", "pipeline_run_id": 26, "pipeline_schedule_id": 5, "pipeline_uuid": "qb_invoices_backfill", "hostname": "5c3e07c00964", "block_type": "data_loader", "level": "INFO", "message": "[23:02:34] [VOLUMETRY_WARN] 0 registros para 2025-12-05", "timestamp": 1769554954.585293, "uuid": "41ef807df5a645c7869619b88b9919c4"}
2026-01-27T23:02:35 {"block_run_id": 51, "block_uuid": "load_invoices_qbo", "pipeline_run_id": 26, "pipeline_schedule_id": 5, "pipeline_uuid": "qb_invoices_backfill", "hostname": "5c3e07c00964", "block_type": "data_loader", "level": "INFO", "message": "[23:02:35] [METRIC] D\u00eda: 2025-12-06 | Filas: 0 | Duraci\u00f3n: 0.87s", "timestamp": 1769554955.459288, "uuid": "d856ec0d76824dc5a142d099f8e95fb1"}
2026-01-27T23:02:35 {"block_run_id": 51, "block_uuid": "load_invoices_qbo", "pipeline_run_id": 26, "pipeline_schedule_id": 5, "pipeline_uuid": "qb_invoices_backfill", "hostname": "5c3e07c00964", "block_type": "data_loader", "level": "INFO", "message": "[23:02:35] [VOLUMETRY_WARN] 0 registros para 2025-12-06", "timestamp": 1769554955.460474, "uuid": "c51fede0accd4d53b779112b7a518905"}
2026-01-27T23:02:36 {"block_run_id": 51, "block_uuid": "load_invoices_qbo", "pipeline_run_id": 26, "pipeline_schedule_id": 5, "pipeline_uuid": "qb_invoices_backfill", "hostname": "5c3e07c00964", "block_type": "data_loader", "level": "INFO", "message": "[23:02:36] [METRIC] D\u00eda: 2025-12-07 | Filas: 0 | Duraci\u00f3n: 0.86s", "timestamp": 1769554956.321198, "uuid": "1554506dfca04e2899d260a2ee1fbe27"}
2026-01-27T23:02:36 {"block_run_id": 51, "block_uuid": "load_invoices_qbo", "pipeline_run_id": 26, "pipeline_schedule_id": 5, "pipeline_uuid": "qb_invoices_backfill", "hostname": "5c3e07c00964", "block_type": "data_loader", "level": "INFO", "message": "[23:02:36] [VOLUMETRY_WARN] 0 registros para 2025-12-07", "timestamp": 1769554956.322159, "uuid": "d5ef5df98a7d48ee83beae32f5ff27f6"}
2026-01-27T23:02:37 {"block_run_id": 51, "block_uuid": "load_invoices_qbo", "pipeline_run_id": 26, "pipeline_schedule_id": 5, "pipeline_uuid": "qb_invoices_backfill", "hostname": "5c3e07c00964", "block_type": "data_loader", "level": "INFO", "message": "[23:02:37] [METRIC] D\u00eda: 2025-12-08 | Filas: 0 | Duraci\u00f3n: 0.89s", "timestamp": 1769554957.214963, "uuid": "03c93e04f51d4915b2fb0b138ab239d6"}
2026-01-27T23:02:37 {"block_run_id": 51, "block_uuid": "load_invoices_qbo", "pipeline_run_id": 26, "pipeline_schedule_id": 5, "pipeline_uuid": "qb_invoices_backfill", "hostname": "5c3e07c00964", "block_type": "data_loader", "level": "INFO", "message": "[23:02:37] [VOLUMETRY_WARN] 0 registros para 2025-12-08", "timestamp": 1769554957.216216, "uuid": "c2b65b5a73f54edfb7d96ee0b18a1797"}
2026-01-27T23:02:38 {"block_run_id": 51, "block_uuid": "load_invoices_qbo", "pipeline_run_id": 26, "pipeline_schedule_id": 5, "pipeline_uuid": "qb_invoices_backfill", "hostname": "5c3e07c00964", "block_type": "data_loader", "level": "INFO", "message": "[23:02:38] [METRIC] D\u00eda: 2025-12-09 | Filas: 0 | Duraci\u00f3n: 0.88s", "timestamp": 1769554958.098217, "uuid": "25bd870191624a3ab317c78e18abad38"}
2026-01-27T23:02:38 {"block_run_id": 51, "block_uuid": "load_invoices_qbo", "pipeline_run_id": 26, "pipeline_schedule_id": 5, "pipeline_uuid": "qb_invoices_backfill", "hostname": "5c3e07c00964", "block_type": "data_loader", "level": "INFO", "message": "[23:02:38] [VOLUMETRY_WARN] 0 registros para 2025-12-09", "timestamp": 1769554958.099447, "uuid": "97dd21dec9cb4a08a6b99ed53a36f44d"}
2026-01-27T23:02:38 {"block_run_id": 51, "block_uuid": "load_invoices_qbo", "pipeline_run_id": 26, "pipeline_schedule_id": 5, "pipeline_uuid": "qb_invoices_backfill", "hostname": "5c3e07c00964", "block_type": "data_loader", "level": "INFO", "message": "[23:02:38] [METRIC] D\u00eda: 2025-12-10 | Filas: 0 | Duraci\u00f3n: 0.88s", "timestamp": 1769554958.979127, "uuid": "e058945a6f0646c8b8827f7bbd6647a5"}
2026-01-27T23:02:38 {"block_run_id": 51, "block_uuid": "load_invoices_qbo", "pipeline_run_id": 26, "pipeline_schedule_id": 5, "pipeline_uuid": "qb_invoices_backfill", "hostname": "5c3e07c00964", "block_type": "data_loader", "level": "INFO", "message": "[23:02:38] [VOLUMETRY_WARN] 0 registros para 2025-12-10", "timestamp": 1769554958.981549, "uuid": "a7c166ebd7f44e23b0fe9cdaa56dda2f"}
2026-01-27T23:02:39 {"block_run_id": 51, "block_uuid": "load_invoices_qbo", "pipeline_run_id": 26, "pipeline_schedule_id": 5, "pipeline_uuid": "qb_invoices_backfill", "hostname": "5c3e07c00964", "block_type": "data_loader", "level": "INFO", "message": "[23:02:39] [METRIC] D\u00eda: 2025-12-11 | Filas: 0 | Duraci\u00f3n: 0.90s", "timestamp": 1769554959.884497, "uuid": "aaa37d0241894a5da89c1072f493979f"}
2026-01-27T23:02:39 {"block_run_id": 51, "block_uuid": "load_invoices_qbo", "pipeline_run_id": 26, "pipeline_schedule_id": 5, "pipeline_uuid": "qb_invoices_backfill", "hostname": "5c3e07c00964", "block_type": "data_loader", "level": "INFO", "message": "[23:02:39] [VOLUMETRY_WARN] 0 registros para 2025-12-11", "timestamp": 1769554959.886054, "uuid": "dace871ee71048e7999a44755989f816"}
2026-01-27T23:02:40 {"block_run_id": 51, "block_uuid": "load_invoices_qbo", "pipeline_run_id": 26, "pipeline_schedule_id": 5, "pipeline_uuid": "qb_invoices_backfill", "hostname": "5c3e07c00964", "block_type": "data_loader", "level": "INFO", "message": "[23:02:40] [METRIC] D\u00eda: 2025-12-12 | Filas: 0 | Duraci\u00f3n: 0.91s", "timestamp": 1769554960.799634, "uuid": "c60212d28dc9464e97be048253315391"}
2026-01-27T23:02:40 {"block_run_id": 51, "block_uuid": "load_invoices_qbo", "pipeline_run_id": 26, "pipeline_schedule_id": 5, "pipeline_uuid": "qb_invoices_backfill", "hostname": "5c3e07c00964", "block_type": "data_loader", "level": "INFO", "message": "[23:02:40] [VOLUMETRY_WARN] 0 registros para 2025-12-12", "timestamp": 1769554960.800205, "uuid": "d0db3f12b66d49e8b42f2390a41230cd"}
2026-01-27T23:02:41 {"block_run_id": 51, "block_uuid": "load_invoices_qbo", "pipeline_run_id": 26, "pipeline_schedule_id": 5, "pipeline_uuid": "qb_invoices_backfill", "hostname": "5c3e07c00964", "block_type": "data_loader", "level": "INFO", "message": "[23:02:41] [METRIC] D\u00eda: 2025-12-13 | Filas: 0 | Duraci\u00f3n: 0.87s", "timestamp": 1769554961.674207, "uuid": "7bf20c99a32c4d9ca9488c28b41f94df"}
2026-01-27T23:02:41 {"block_run_id": 51, "block_uuid": "load_invoices_qbo", "pipeline_run_id": 26, "pipeline_schedule_id": 5, "pipeline_uuid": "qb_invoices_backfill", "hostname": "5c3e07c00964", "block_type": "data_loader", "level": "INFO", "message": "[23:02:41] [VOLUMETRY_WARN] 0 registros para 2025-12-13", "timestamp": 1769554961.676069, "uuid": "3801a34dba9d4c68a12268e92a2da079"}
2026-01-27T23:02:42 {"block_run_id": 51, "block_uuid": "load_invoices_qbo", "pipeline_run_id": 26, "pipeline_schedule_id": 5, "pipeline_uuid": "qb_invoices_backfill", "hostname": "5c3e07c00964", "block_type": "data_loader", "level": "INFO", "message": "[23:02:42] [METRIC] D\u00eda: 2025-12-14 | Filas: 0 | Duraci\u00f3n: 0.89s", "timestamp": 1769554962.569721, "uuid": "fe3345d009d740d5be970b55f799bc3a"}
2026-01-27T23:02:42 {"block_run_id": 51, "block_uuid": "load_invoices_qbo", "pipeline_run_id": 26, "pipeline_schedule_id": 5, "pipeline_uuid": "qb_invoices_backfill", "hostname": "5c3e07c00964", "block_type": "data_loader", "level": "INFO", "message": "[23:02:42] [VOLUMETRY_WARN] 0 registros para 2025-12-14", "timestamp": 1769554962.571336, "uuid": "dececcd0e83348b4b69af1aac2dce4ea"}
2026-01-27T23:02:43 {"block_run_id": 51, "block_uuid": "load_invoices_qbo", "pipeline_run_id": 26, "pipeline_schedule_id": 5, "pipeline_uuid": "qb_invoices_backfill", "hostname": "5c3e07c00964", "block_type": "data_loader", "level": "INFO", "message": "[23:02:43] [METRIC] D\u00eda: 2025-12-15 | Filas: 0 | Duraci\u00f3n: 0.86s", "timestamp": 1769554963.437607, "uuid": "6ab162abf1d04b5584ea0e5ae730ad93"}
2026-01-27T23:02:43 {"block_run_id": 51, "block_uuid": "load_invoices_qbo", "pipeline_run_id": 26, "pipeline_schedule_id": 5, "pipeline_uuid": "qb_invoices_backfill", "hostname": "5c3e07c00964", "block_type": "data_loader", "level": "INFO", "message": "[23:02:43] [VOLUMETRY_WARN] 0 registros para 2025-12-15", "timestamp": 1769554963.444101, "uuid": "08efac6601394a179d1381d756bf025e"}
2026-01-27T23:02:44 {"block_run_id": 51, "block_uuid": "load_invoices_qbo", "pipeline_run_id": 26, "pipeline_schedule_id": 5, "pipeline_uuid": "qb_invoices_backfill", "hostname": "5c3e07c00964", "block_type": "data_loader", "level": "INFO", "message": "[23:02:44] [METRIC] D\u00eda: 2025-12-16 | Filas: 0 | Duraci\u00f3n: 0.94s", "timestamp": 1769554964.384665, "uuid": "f3209743cfa6452da2526d4aeb4942ed"}
2026-01-27T23:02:44 {"block_run_id": 51, "block_uuid": "load_invoices_qbo", "pipeline_run_id": 26, "pipeline_schedule_id": 5, "pipeline_uuid": "qb_invoices_backfill", "hostname": "5c3e07c00964", "block_type": "data_loader", "level": "INFO", "message": "[23:02:44] [VOLUMETRY_WARN] 0 registros para 2025-12-16", "timestamp": 1769554964.388925, "uuid": "f8770b0802eb4068b995e2b7db747a23"}
2026-01-27T23:02:45 {"block_run_id": 51, "block_uuid": "load_invoices_qbo", "pipeline_run_id": 26, "pipeline_schedule_id": 5, "pipeline_uuid": "qb_invoices_backfill", "hostname": "5c3e07c00964", "block_type": "data_loader", "level": "INFO", "message": "[23:02:45] [METRIC] D\u00eda: 2025-12-17 | Filas: 0 | Duraci\u00f3n: 0.89s", "timestamp": 1769554965.283433, "uuid": "9272723564b7494fadad4f420ab145e6"}
2026-01-27T23:02:45 {"block_run_id": 51, "block_uuid": "load_invoices_qbo", "pipeline_run_id": 26, "pipeline_schedule_id": 5, "pipeline_uuid": "qb_invoices_backfill", "hostname": "5c3e07c00964", "block_type": "data_loader", "level": "INFO", "message": "[23:02:45] [VOLUMETRY_WARN] 0 registros para 2025-12-17", "timestamp": 1769554965.284732, "uuid": "abef28226cc841258c53fed0070ab727"}
2026-01-27T23:02:46 {"block_run_id": 51, "block_uuid": "load_invoices_qbo", "pipeline_run_id": 26, "pipeline_schedule_id": 5, "pipeline_uuid": "qb_invoices_backfill", "hostname": "5c3e07c00964", "block_type": "data_loader", "level": "INFO", "message": "[23:02:46] [METRIC] D\u00eda: 2025-12-18 | Filas: 0 | Duraci\u00f3n: 0.90s", "timestamp": 1769554966.186505, "uuid": "a0305c66e1d947adbd10df9226c9fce6"}
2026-01-27T23:02:46 {"block_run_id": 51, "block_uuid": "load_invoices_qbo", "pipeline_run_id": 26, "pipeline_schedule_id": 5, "pipeline_uuid": "qb_invoices_backfill", "hostname": "5c3e07c00964", "block_type": "data_loader", "level": "INFO", "message": "[23:02:46] [VOLUMETRY_WARN] 0 registros para 2025-12-18", "timestamp": 1769554966.187775, "uuid": "608c923f82c14e1e82e74229fb5e7011"}
2026-01-27T23:02:47 {"block_run_id": 51, "block_uuid": "load_invoices_qbo", "pipeline_run_id": 26, "pipeline_schedule_id": 5, "pipeline_uuid": "qb_invoices_backfill", "hostname": "5c3e07c00964", "block_type": "data_loader", "level": "INFO", "message": "[23:02:47] [METRIC] D\u00eda: 2025-12-19 | Filas: 0 | Duraci\u00f3n: 1.27s", "timestamp": 1769554967.455697, "uuid": "f2f871b0e26b4dc78e1d97a5dd0a1ac4"}
2026-01-27T23:02:47 {"block_run_id": 51, "block_uuid": "load_invoices_qbo", "pipeline_run_id": 26, "pipeline_schedule_id": 5, "pipeline_uuid": "qb_invoices_backfill", "hostname": "5c3e07c00964", "block_type": "data_loader", "level": "INFO", "message": "[23:02:47] [VOLUMETRY_WARN] 0 registros para 2025-12-19", "timestamp": 1769554967.457879, "uuid": "0f287aec01324a9fb55c2ef121af3c5d"}
2026-01-27T23:02:48 {"block_run_id": 51, "block_uuid": "load_invoices_qbo", "pipeline_run_id": 26, "pipeline_schedule_id": 5, "pipeline_uuid": "qb_invoices_backfill", "hostname": "5c3e07c00964", "block_type": "data_loader", "level": "INFO", "message": "[23:02:48] [METRIC] D\u00eda: 2025-12-20 | Filas: 0 | Duraci\u00f3n: 0.78s", "timestamp": 1769554968.238164, "uuid": "4550f92170384d038df48c98d6099bd4"}
2026-01-27T23:02:48 {"block_run_id": 51, "block_uuid": "load_invoices_qbo", "pipeline_run_id": 26, "pipeline_schedule_id": 5, "pipeline_uuid": "qb_invoices_backfill", "hostname": "5c3e07c00964", "block_type": "data_loader", "level": "INFO", "message": "[23:02:48] [VOLUMETRY_WARN] 0 registros para 2025-12-20", "timestamp": 1769554968.239453, "uuid": "011cfc959c504cfb8ce0ff7320427cd7"}
2026-01-27T23:02:49 {"block_run_id": 51, "block_uuid": "load_invoices_qbo", "pipeline_run_id": 26, "pipeline_schedule_id": 5, "pipeline_uuid": "qb_invoices_backfill", "hostname": "5c3e07c00964", "block_type": "data_loader", "level": "INFO", "message": "[23:02:49] [METRIC] D\u00eda: 2025-12-21 | Filas: 0 | Duraci\u00f3n: 0.78s", "timestamp": 1769554969.021929, "uuid": "fcc814ff2e6f4b7dab67ca01d844d331"}
2026-01-27T23:02:49 {"block_run_id": 51, "block_uuid": "load_invoices_qbo", "pipeline_run_id": 26, "pipeline_schedule_id": 5, "pipeline_uuid": "qb_invoices_backfill", "hostname": "5c3e07c00964", "block_type": "data_loader", "level": "INFO", "message": "[23:02:49] [VOLUMETRY_WARN] 0 registros para 2025-12-21", "timestamp": 1769554969.023248, "uuid": "8a8779ececa04e7099ee5b9d359470dd"}
2026-01-27T23:02:49 {"block_run_id": 51, "block_uuid": "load_invoices_qbo", "pipeline_run_id": 26, "pipeline_schedule_id": 5, "pipeline_uuid": "qb_invoices_backfill", "hostname": "5c3e07c00964", "block_type": "data_loader", "level": "INFO", "message": "[23:02:49] [METRIC] D\u00eda: 2025-12-22 | Filas: 0 | Duraci\u00f3n: 0.78s", "timestamp": 1769554969.80727, "uuid": "e08dd66be18343bea5cd31bff72d36c8"}
2026-01-27T23:02:49 {"block_run_id": 51, "block_uuid": "load_invoices_qbo", "pipeline_run_id": 26, "pipeline_schedule_id": 5, "pipeline_uuid": "qb_invoices_backfill", "hostname": "5c3e07c00964", "block_type": "data_loader", "level": "INFO", "message": "[23:02:49] [VOLUMETRY_WARN] 0 registros para 2025-12-22", "timestamp": 1769554969.80818, "uuid": "68d3921f1ac64356a2d377676ef5167f"}
2026-01-27T23:02:50 {"block_run_id": 51, "block_uuid": "load_invoices_qbo", "pipeline_run_id": 26, "pipeline_schedule_id": 5, "pipeline_uuid": "qb_invoices_backfill", "hostname": "5c3e07c00964", "block_type": "data_loader", "level": "INFO", "message": "[23:02:50] [METRIC] D\u00eda: 2025-12-23 | Filas: 0 | Duraci\u00f3n: 1.13s", "timestamp": 1769554970.937435, "uuid": "3cd9e0c724454dceaf046b68de25dc4e"}
2026-01-27T23:02:50 {"block_run_id": 51, "block_uuid": "load_invoices_qbo", "pipeline_run_id": 26, "pipeline_schedule_id": 5, "pipeline_uuid": "qb_invoices_backfill", "hostname": "5c3e07c00964", "block_type": "data_loader", "level": "INFO", "message": "[23:02:50] [VOLUMETRY_WARN] 0 registros para 2025-12-23", "timestamp": 1769554970.938503, "uuid": "1a71cec59f7540d986eb3862709c50c5"}
2026-01-27T23:02:51 {"block_run_id": 51, "block_uuid": "load_invoices_qbo", "pipeline_run_id": 26, "pipeline_schedule_id": 5, "pipeline_uuid": "qb_invoices_backfill", "hostname": "5c3e07c00964", "block_type": "data_loader", "level": "INFO", "message": "[23:02:51] [METRIC] D\u00eda: 2025-12-24 | Filas: 0 | Duraci\u00f3n: 0.81s", "timestamp": 1769554971.749828, "uuid": "35fa0f908d14470c99234a2ad9a17958"}
2026-01-27T23:02:51 {"block_run_id": 51, "block_uuid": "load_invoices_qbo", "pipeline_run_id": 26, "pipeline_schedule_id": 5, "pipeline_uuid": "qb_invoices_backfill", "hostname": "5c3e07c00964", "block_type": "data_loader", "level": "INFO", "message": "[23:02:51] [VOLUMETRY_WARN] 0 registros para 2025-12-24", "timestamp": 1769554971.750615, "uuid": "b082ef26e3c544849dd3bb8e19103b59"}
2026-01-27T23:02:52 {"block_run_id": 51, "block_uuid": "load_invoices_qbo", "pipeline_run_id": 26, "pipeline_schedule_id": 5, "pipeline_uuid": "qb_invoices_backfill", "hostname": "5c3e07c00964", "block_type": "data_loader", "level": "INFO", "message": "[23:02:52] [METRIC] D\u00eda: 2025-12-25 | Filas: 0 | Duraci\u00f3n: 0.75s", "timestamp": 1769554972.501086, "uuid": "ba1622f692bc47c8aa2f87eaf583fa7b"}
2026-01-27T23:02:52 {"block_run_id": 51, "block_uuid": "load_invoices_qbo", "pipeline_run_id": 26, "pipeline_schedule_id": 5, "pipeline_uuid": "qb_invoices_backfill", "hostname": "5c3e07c00964", "block_type": "data_loader", "level": "INFO", "message": "[23:02:52] [VOLUMETRY_WARN] 0 registros para 2025-12-25", "timestamp": 1769554972.501997, "uuid": "81f8d6dfe9e84497be039e9d457ddf6a"}
2026-01-27T23:02:53 {"block_run_id": 51, "block_uuid": "load_invoices_qbo", "pipeline_run_id": 26, "pipeline_schedule_id": 5, "pipeline_uuid": "qb_invoices_backfill", "hostname": "5c3e07c00964", "block_type": "data_loader", "level": "INFO", "message": "[23:02:53] [METRIC] D\u00eda: 2025-12-26 | Filas: 7 | Duraci\u00f3n: 0.92s", "timestamp": 1769554973.41797, "uuid": "c6c85447983349b1b44f30ce016ee22e"}
2026-01-27T23:02:53 {"block_run_id": 51, "block_uuid": "load_invoices_qbo", "pipeline_run_id": 26, "pipeline_schedule_id": 5, "pipeline_uuid": "qb_invoices_backfill", "hostname": "5c3e07c00964", "block_type": "data_loader", "level": "INFO", "message": "[23:02:53] [REPORTE] Reporte tramo 2025-12-26:", "timestamp": 1769554973.419132, "uuid": "5d683b8b511d4e05a7c67b3cfcc109c1"}
2026-01-27T23:02:53 {"block_run_id": 51, "block_uuid": "load_invoices_qbo", "pipeline_run_id": 26, "pipeline_schedule_id": 5, "pipeline_uuid": "qb_invoices_backfill", "hostname": "5c3e07c00964", "block_type": "data_loader", "level": "INFO", "message": "[23:02:53] [REPORTE] Paginas: 1", "timestamp": 1769554973.419572, "uuid": "221960e8579748b5b26e6ad24fad244e"}
2026-01-27T23:02:53 {"block_run_id": 51, "block_uuid": "load_invoices_qbo", "pipeline_run_id": 26, "pipeline_schedule_id": 5, "pipeline_uuid": "qb_invoices_backfill", "hostname": "5c3e07c00964", "block_type": "data_loader", "level": "INFO", "message": "[23:02:53] [REPORTE] Filas: 7", "timestamp": 1769554973.419939, "uuid": "f850953e27aa416aa2c3cd0515f5ed0f"}
2026-01-27T23:02:53 {"block_run_id": 51, "block_uuid": "load_invoices_qbo", "pipeline_run_id": 26, "pipeline_schedule_id": 5, "pipeline_uuid": "qb_invoices_backfill", "hostname": "5c3e07c00964", "block_type": "data_loader", "level": "INFO", "message": "[23:02:53] [REPORTE] Duracion: 0.92", "timestamp": 1769554973.420218, "uuid": "6cc1ab1a8b264e0fb162c48a569f0a4b"}
2026-01-27T23:02:54 {"block_run_id": 51, "block_uuid": "load_invoices_qbo", "pipeline_run_id": 26, "pipeline_schedule_id": 5, "pipeline_uuid": "qb_invoices_backfill", "hostname": "5c3e07c00964", "block_type": "data_loader", "level": "INFO", "message": "[23:02:54] [METRIC] D\u00eda: 2025-12-27 | Filas: 18 | Duraci\u00f3n: 1.01s", "timestamp": 1769554974.436175, "uuid": "f1556ae0dbbc485ca4bd5e5cd4b6608a"}
2026-01-27T23:02:54 {"block_run_id": 51, "block_uuid": "load_invoices_qbo", "pipeline_run_id": 26, "pipeline_schedule_id": 5, "pipeline_uuid": "qb_invoices_backfill", "hostname": "5c3e07c00964", "block_type": "data_loader", "level": "INFO", "message": "[23:02:54] [REPORTE] Reporte tramo 2025-12-27:", "timestamp": 1769554974.439832, "uuid": "02abc7af781e4d358b0148580e9fd3d9"}
2026-01-27T23:02:54 {"block_run_id": 51, "block_uuid": "load_invoices_qbo", "pipeline_run_id": 26, "pipeline_schedule_id": 5, "pipeline_uuid": "qb_invoices_backfill", "hostname": "5c3e07c00964", "block_type": "data_loader", "level": "INFO", "message": "[23:02:54] [REPORTE] Paginas: 1", "timestamp": 1769554974.440392, "uuid": "631e926d801d443faab4dd3c1c875ea7"}
2026-01-27T23:02:54 {"block_run_id": 51, "block_uuid": "load_invoices_qbo", "pipeline_run_id": 26, "pipeline_schedule_id": 5, "pipeline_uuid": "qb_invoices_backfill", "hostname": "5c3e07c00964", "block_type": "data_loader", "level": "INFO", "message": "[23:02:54] [REPORTE] Filas: 18", "timestamp": 1769554974.441005, "uuid": "168261237b104cfca8b0fd35de8a0b5f"}
2026-01-27T23:02:54 {"block_run_id": 51, "block_uuid": "load_invoices_qbo", "pipeline_run_id": 26, "pipeline_schedule_id": 5, "pipeline_uuid": "qb_invoices_backfill", "hostname": "5c3e07c00964", "block_type": "data_loader", "level": "INFO", "message": "[23:02:54] [REPORTE] Duracion: 1.01", "timestamp": 1769554974.441274, "uuid": "991841fa09214d108ab0e7c242186e68"}
2026-01-27T23:02:55 {"block_run_id": 51, "block_uuid": "load_invoices_qbo", "pipeline_run_id": 26, "pipeline_schedule_id": 5, "pipeline_uuid": "qb_invoices_backfill", "hostname": "5c3e07c00964", "block_type": "data_loader", "level": "INFO", "message": "[23:02:55] [METRIC] D\u00eda: 2025-12-28 | Filas: 6 | Duraci\u00f3n: 1.39s", "timestamp": 1769554975.8343, "uuid": "166e23ce7caf4737b800151fe158af08"}
2026-01-27T23:02:55 {"block_run_id": 51, "block_uuid": "load_invoices_qbo", "pipeline_run_id": 26, "pipeline_schedule_id": 5, "pipeline_uuid": "qb_invoices_backfill", "hostname": "5c3e07c00964", "block_type": "data_loader", "level": "INFO", "message": "[23:02:55] [REPORTE] Reporte tramo 2025-12-28:", "timestamp": 1769554975.835537, "uuid": "3eddacc222fc49729b11fdf53a2c2c0b"}
2026-01-27T23:02:55 {"block_run_id": 51, "block_uuid": "load_invoices_qbo", "pipeline_run_id": 26, "pipeline_schedule_id": 5, "pipeline_uuid": "qb_invoices_backfill", "hostname": "5c3e07c00964", "block_type": "data_loader", "level": "INFO", "message": "[23:02:55] [REPORTE] Paginas: 1", "timestamp": 1769554975.836166, "uuid": "d556c8d4878f45e5809b106d33c7bdac"}
2026-01-27T23:02:55 {"block_run_id": 51, "block_uuid": "load_invoices_qbo", "pipeline_run_id": 26, "pipeline_schedule_id": 5, "pipeline_uuid": "qb_invoices_backfill", "hostname": "5c3e07c00964", "block_type": "data_loader", "level": "INFO", "message": "[23:02:55] [REPORTE] Filas: 6", "timestamp": 1769554975.836623, "uuid": "e93b6e3b3a2a48ca934e566382545dbe"}
2026-01-27T23:02:55 {"block_run_id": 51, "block_uuid": "load_invoices_qbo", "pipeline_run_id": 26, "pipeline_schedule_id": 5, "pipeline_uuid": "qb_invoices_backfill", "hostname": "5c3e07c00964", "block_type": "data_loader", "level": "INFO", "message": "[23:02:55] [REPORTE] Duracion: 1.39", "timestamp": 1769554975.83697, "uuid": "8a7443a59d6043d2ba06e4d40dd5c387"}
2026-01-27T23:02:56 {"block_run_id": 51, "block_uuid": "load_invoices_qbo", "pipeline_run_id": 26, "pipeline_schedule_id": 5, "pipeline_uuid": "qb_invoices_backfill", "hostname": "5c3e07c00964", "block_type": "data_loader", "level": "INFO", "message": "[23:02:56] [METRIC] D\u00eda: 2025-12-29 | Filas: 0 | Duraci\u00f3n: 0.88s", "timestamp": 1769554976.71934, "uuid": "088137811bf448efbbbcda718b059598"}
2026-01-27T23:02:56 {"block_run_id": 51, "block_uuid": "load_invoices_qbo", "pipeline_run_id": 26, "pipeline_schedule_id": 5, "pipeline_uuid": "qb_invoices_backfill", "hostname": "5c3e07c00964", "block_type": "data_loader", "level": "INFO", "message": "[23:02:56] [VOLUMETRY_WARN] 0 registros para 2025-12-29", "timestamp": 1769554976.721018, "uuid": "0295fa5c5ac34823bdc7135b5f552b20"}
2026-01-27T23:02:57 {"block_run_id": 51, "block_uuid": "load_invoices_qbo", "pipeline_run_id": 26, "pipeline_schedule_id": 5, "pipeline_uuid": "qb_invoices_backfill", "hostname": "5c3e07c00964", "block_type": "data_loader", "level": "INFO", "message": "[23:02:57] [METRIC] D\u00eda: 2025-12-30 | Filas: 0 | Duraci\u00f3n: 0.87s", "timestamp": 1769554977.591332, "uuid": "4cb118d433754c98b2c950cf9c1720df"}
2026-01-27T23:02:57 {"block_run_id": 51, "block_uuid": "load_invoices_qbo", "pipeline_run_id": 26, "pipeline_schedule_id": 5, "pipeline_uuid": "qb_invoices_backfill", "hostname": "5c3e07c00964", "block_type": "data_loader", "level": "INFO", "message": "[23:02:57] [VOLUMETRY_WARN] 0 registros para 2025-12-30", "timestamp": 1769554977.592359, "uuid": "0ba9f32d22c74ac4b10723523c6afbfe"}
2026-01-27T23:02:58 {"block_run_id": 51, "block_uuid": "load_invoices_qbo", "pipeline_run_id": 26, "pipeline_schedule_id": 5, "pipeline_uuid": "qb_invoices_backfill", "hostname": "5c3e07c00964", "block_type": "data_loader", "level": "INFO", "message": "[23:02:58] [METRIC] D\u00eda: 2025-12-31 | Filas: 0 | Duraci\u00f3n: 0.89s", "timestamp": 1769554978.485385, "uuid": "af1e2fcec4f44a19b614bbae4287e383"}
2026-01-27T23:02:58 {"block_run_id": 51, "block_uuid": "load_invoices_qbo", "pipeline_run_id": 26, "pipeline_schedule_id": 5, "pipeline_uuid": "qb_invoices_backfill", "hostname": "5c3e07c00964", "block_type": "data_loader", "level": "INFO", "message": "[23:02:58] [VOLUMETRY_WARN] 0 registros para 2025-12-31", "timestamp": 1769554978.485748, "uuid": "243ef979d49c45e28453edb2d26822b7"}
2026-01-27T23:02:59 {"block_run_id": 51, "block_uuid": "load_invoices_qbo", "pipeline_run_id": 26, "pipeline_schedule_id": 5, "pipeline_uuid": "qb_invoices_backfill", "hostname": "5c3e07c00964", "block_type": "data_loader", "level": "INFO", "message": "[23:02:59] [METRIC] D\u00eda: 2026-01-01 | Filas: 0 | Duraci\u00f3n: 0.85s", "timestamp": 1769554979.338952, "uuid": "4b2ddba9633f448dabbf3d2ce81f9ab4"}
2026-01-27T23:02:59 {"block_run_id": 51, "block_uuid": "load_invoices_qbo", "pipeline_run_id": 26, "pipeline_schedule_id": 5, "pipeline_uuid": "qb_invoices_backfill", "hostname": "5c3e07c00964", "block_type": "data_loader", "level": "INFO", "message": "[23:02:59] [VOLUMETRY_WARN] 0 registros para 2026-01-01", "timestamp": 1769554979.339524, "uuid": "4629d5af235d4b2ca009fe528509b50b"}
2026-01-27T23:02:59 {"block_run_id": 51, "block_uuid": "load_invoices_qbo", "pipeline_run_id": 26, "pipeline_schedule_id": 5, "pipeline_uuid": "qb_invoices_backfill", "hostname": "5c3e07c00964", "block_type": "data_loader", "level": "INFO", "message": "[23:02:59] [DONE] Total: 31 registros", "timestamp": 1769554979.339841, "uuid": "53af345c4e734fcfa1aaafb310fabd78"}
2026-01-27T23:02:59 {"block_run_id": 51, "block_uuid": "load_invoices_qbo", "pipeline_run_id": 26, "pipeline_schedule_id": 5, "pipeline_uuid": "qb_invoices_backfill", "hostname": "5c3e07c00964", "block_type": "data_loader", "level": "INFO", "message": "--------------------------------------------------------------", "timestamp": 1769554979.462026, "uuid": "f5346d65a4e84e1090e23829948b971d"}
2026-01-27T23:02:59 {"block_run_id": 51, "block_uuid": "load_invoices_qbo", "pipeline_run_id": 26, "pipeline_schedule_id": 5, "pipeline_uuid": "qb_invoices_backfill", "hostname": "5c3e07c00964", "block_type": "data_loader", "level": "INFO", "message": "1/1 tests passed.", "timestamp": 1769554979.462605, "uuid": "746ed6f57db0491ab6418c11f6e1c3c4"}
2026-01-27T23:02:59 {"block_run_id": 51, "block_uuid": "load_invoices_qbo", "pipeline_run_id": 26, "pipeline_schedule_id": 5, "pipeline_uuid": "qb_invoices_backfill", "hostname": "5c3e07c00964", "block_type": "data_loader", "level": "INFO", "message": "Finish executing block with BlockExecutor.", "timestamp": 1769554979.46331, "uuid": "656733bf69ce47efad00c69ad483a7fd"}
