2026-01-27T18:46:24 {"cpu": 0.97216796875, "cpu_total": 8, "cpu_usage": 0.12152099609375, "memory": 1920.0, "memory_total": 4943.0, "memory_usage": 0.3884280801132915, "pipeline_run_id": 21, "pipeline_schedule_id": 5, "pipeline_uuid": "qb_invoices_backfill", "hostname": "5c3e07c00964", "level": "INFO", "message": "Pipeline qb_invoices_backfill for run 21 in schedule 5 is alive.", "timestamp": 1769539584.245474, "uuid": "33523eff5a814434ab0a33877b2bfee7"}
2026-01-27T18:46:24 {"cpu": 0.97216796875, "cpu_total": 8, "cpu_usage": 0.12152099609375, "memory": 1946.0, "memory_total": 4943.0, "memory_usage": 0.393688043698159, "pipeline_run_id": 21, "pipeline_schedule_id": 5, "pipeline_uuid": "qb_invoices_backfill", "hostname": "5c3e07c00964", "level": "INFO", "message": "Pipeline qb_invoices_backfill for run 21 in schedule 5 is alive.", "timestamp": 1769539584.304349, "uuid": "dd1e3fac2fcf483ab9ffd0879996bdad"}
2026-01-27T18:46:24 {"block_run_id": 41, "block_uuid": "load_invoices_qbo", "pipeline_run_id": 21, "pipeline_schedule_id": 5, "pipeline_uuid": "qb_invoices_backfill", "hostname": "5c3e07c00964", "level": "INFO", "message": "Execute PipelineRun 21, BlockRun 41: pipeline qb_invoices_backfill block load_invoices_qbo", "timestamp": 1769539584.344338, "uuid": "27da808493ad4b1cafadf070f0cba9c4"}
2026-01-27T18:46:31 {"block_run_id": 41, "block_uuid": "load_invoices_qbo", "pipeline_run_id": 21, "pipeline_schedule_id": 5, "pipeline_uuid": "qb_invoices_backfill", "hostname": "5c3e07c00964", "level": "EXCEPTION", "message": "BlockRun 41 (block_uuid: load_invoices_qbo) failed.", "timestamp": 1769539591.192753, "uuid": "17964a1a5c3a4f6ba7719eedb6400a31", "error": "Traceback (most recent call last):\n  File \"/usr/local/lib/python3.10/site-packages/urllib3/connection.py\", line 174, in _new_conn\n    conn = connection.create_connection(\n  File \"/usr/local/lib/python3.10/site-packages/urllib3/util/connection.py\", line 72, in create_connection\n    for res in socket.getaddrinfo(host, port, family, socket.SOCK_STREAM):\n  File \"/usr/local/lib/python3.10/socket.py\", line 967, in getaddrinfo\n    for res in _socket.getaddrinfo(host, port, family, type, proto, flags):\nsocket.gaierror: [Errno -5] No address associated with hostname\n\nDuring handling of the above exception, another exception occurred:\n\nTraceback (most recent call last):\n  File \"/usr/local/lib/python3.10/site-packages/urllib3/connectionpool.py\", line 716, in urlopen\n    httplib_response = self._make_request(\n  File \"/usr/local/lib/python3.10/site-packages/urllib3/connectionpool.py\", line 404, in _make_request\n    self._validate_conn(conn)\n  File \"/usr/local/lib/python3.10/site-packages/urllib3/connectionpool.py\", line 1061, in _validate_conn\n    conn.connect()\n  File \"/usr/local/lib/python3.10/site-packages/urllib3/connection.py\", line 363, in connect\n    self.sock = conn = self._new_conn()\n  File \"/usr/local/lib/python3.10/site-packages/urllib3/connection.py\", line 186, in _new_conn\n    raise NewConnectionError(\nurllib3.exceptions.NewConnectionError: <urllib3.connection.HTTPSConnection object at 0xffffb2f45fc0>: Failed to establish a new connection: [Errno -5] No address associated with hostname\n\nDuring handling of the above exception, another exception occurred:\n\nTraceback (most recent call last):\n  File \"/usr/local/lib/python3.10/site-packages/requests/adapters.py\", line 486, in send\n    resp = conn.urlopen(\n  File \"/usr/local/lib/python3.10/site-packages/urllib3/connectionpool.py\", line 802, in urlopen\n    retries = retries.increment(\n  File \"/usr/local/lib/python3.10/site-packages/urllib3/util/retry.py\", line 594, in increment\n    raise MaxRetryError(_pool, url, error or ResponseError(cause))\nurllib3.exceptions.MaxRetryError: HTTPSConnectionPool(host='oauth.platform.intuit.com', port=443): Max retries exceeded with url: /oauth2/v1/tokens/bearer (Caused by NewConnectionError('<urllib3.connection.HTTPSConnection object at 0xffffb2f45fc0>: Failed to establish a new connection: [Errno -5] No address associated with hostname'))\n\nDuring handling of the above exception, another exception occurred:\n\nTraceback (most recent call last):\n  File \"/usr/local/lib/python3.10/site-packages/mage_ai/data_preparation/executors/block_executor.py\", line 647, in execute\n    result = __execute_with_retry()\n  File \"/usr/local/lib/python3.10/site-packages/mage_ai/shared/retry.py\", line 54, in retry_func\n    raise e\n  File \"/usr/local/lib/python3.10/site-packages/mage_ai/shared/retry.py\", line 38, in retry_func\n    return func(*args, **kwargs)\n  File \"/usr/local/lib/python3.10/site-packages/mage_ai/data_preparation/executors/block_executor.py\", line 621, in __execute_with_retry\n    return self._execute(\n  File \"/usr/local/lib/python3.10/site-packages/mage_ai/data_preparation/executors/block_executor.py\", line 1154, in _execute\n    result = self.block.execute_sync(\n  File \"/usr/local/lib/python3.10/site-packages/mage_ai/data_preparation/models/block/__init__.py\", line 1691, in execute_sync\n    return __execute()\n  File \"/usr/local/lib/python3.10/site-packages/mage_ai/data_preparation/models/block/__init__.py\", line 1668, in __execute\n    raise err\n  File \"/usr/local/lib/python3.10/site-packages/mage_ai/data_preparation/models/block/__init__.py\", line 1570, in __execute\n    output = self.execute_block(\n  File \"/usr/local/lib/python3.10/site-packages/mage_ai/data_preparation/models/block/__init__.py\", line 1910, in execute_block\n    outputs = self._execute_block(\n  File \"/usr/local/lib/python3.10/site-packages/mage_ai/data_preparation/models/block/__init__.py\", line 2073, in _execute_block\n    outputs = self.execute_block_function(\n  File \"/usr/local/lib/python3.10/site-packages/mage_ai/data_preparation/models/block/__init__.py\", line 2169, in execute_block_function\n    output = block_function_updated(*input_vars, **global_vars)\n  File \"<string>\", line 62, in load_data\n  File \"<string>\", line 47, in get_access_token\n  File \"<string>\", line 40, in get_access_token\n  File \"/usr/local/lib/python3.10/site-packages/requests/api.py\", line 115, in post\n    return request(\"post\", url, data=data, json=json, **kwargs)\n  File \"/usr/local/lib/python3.10/site-packages/requests/api.py\", line 59, in request\n    return session.request(method=method, url=url, **kwargs)\n  File \"/usr/local/lib/python3.10/site-packages/requests/sessions.py\", line 589, in request\n    resp = self.send(prep, **send_kwargs)\n  File \"/usr/local/lib/python3.10/site-packages/requests/sessions.py\", line 703, in send\n    r = adapter.send(request, **kwargs)\n  File \"/usr/local/lib/python3.10/site-packages/requests/adapters.py\", line 519, in send\n    raise ConnectionError(e, request=request)\nrequests.exceptions.ConnectionError: HTTPSConnectionPool(host='oauth.platform.intuit.com', port=443): Max retries exceeded with url: /oauth2/v1/tokens/bearer (Caused by NewConnectionError('<urllib3.connection.HTTPSConnection object at 0xffffb2f45fc0>: Failed to establish a new connection: [Errno -5] No address associated with hostname'))\n", "error_stack": ["  File \"/usr/local/bin/mage\", line 8, in <module>\n    sys.exit(app())\n", "  File \"/usr/local/lib/python3.10/site-packages/typer/main.py\", line 311, in __call__\n    return get_command(self)(*args, **kwargs)\n", "  File \"/usr/local/lib/python3.10/site-packages/click/core.py\", line 1161, in __call__\n    return self.main(*args, **kwargs)\n", "  File \"/usr/local/lib/python3.10/site-packages/typer/core.py\", line 778, in main\n    return _main(\n", "  File \"/usr/local/lib/python3.10/site-packages/typer/core.py\", line 216, in _main\n    rv = self.invoke(ctx)\n", "  File \"/usr/local/lib/python3.10/site-packages/click/core.py\", line 1697, in invoke\n    return _process_result(sub_ctx.command.invoke(sub_ctx))\n", "  File \"/usr/local/lib/python3.10/site-packages/click/core.py\", line 1443, in invoke\n    return ctx.invoke(self.callback, **ctx.params)\n", "  File \"/usr/local/lib/python3.10/site-packages/click/core.py\", line 788, in invoke\n    return __callback(*args, **kwargs)\n", "  File \"/usr/local/lib/python3.10/site-packages/typer/main.py\", line 683, in wrapper\n    return callback(**use_params)  # type: ignore\n", "  File \"/usr/local/lib/python3.10/site-packages/mage_ai/cli/main.py\", line 147, in start\n    start_server(\n", "  File \"/usr/local/lib/python3.10/site-packages/mage_ai/server/server.py\", line 813, in start_server\n    scheduler_manager.start_scheduler()\n", "  File \"/usr/local/lib/python3.10/site-packages/mage_ai/server/scheduler_manager.py\", line 108, in start_scheduler\n    proc.start()\n", "  File \"/usr/local/lib/python3.10/multiprocessing/process.py\", line 121, in start\n    self._popen = self._Popen(self)\n", "  File \"/usr/local/lib/python3.10/multiprocessing/context.py\", line 224, in _Popen\n    return _default_context.get_context().Process._Popen(process_obj)\n", "  File \"/usr/local/lib/python3.10/multiprocessing/context.py\", line 281, in _Popen\n    return Popen(process_obj)\n", "  File \"/usr/local/lib/python3.10/multiprocessing/popen_fork.py\", line 19, in __init__\n    self._launch(process_obj)\n", "  File \"/usr/local/lib/python3.10/multiprocessing/popen_fork.py\", line 71, in _launch\n    code = process_obj._bootstrap(parent_sentinel=child_r)\n", "  File \"/usr/local/lib/python3.10/multiprocessing/process.py\", line 314, in _bootstrap\n    self.run()\n", "  File \"/usr/local/lib/python3.10/multiprocessing/process.py\", line 108, in run\n    self._target(*self._args, **self._kwargs)\n", "  File \"/usr/local/lib/python3.10/site-packages/mage_ai/orchestration/db/process.py\", line 15, in start_session_and_run\n    results = target(*args)\n", "  File \"/usr/local/lib/python3.10/site-packages/mage_ai/server/scheduler_manager.py\", line 60, in run_scheduler\n    LoopTimeTrigger().start()\n", "  File \"/usr/local/lib/python3.10/site-packages/mage_ai/orchestration/triggers/loop_time_trigger.py\", line 14, in start\n    self.run()\n", "  File \"/usr/local/lib/python3.10/site-packages/mage_ai/orchestration/triggers/time_trigger.py\", line 11, in run\n    schedule_all()\n", "  File \"/usr/local/lib/python3.10/site-packages/mage_ai/orchestration/pipeline_scheduler_original.py\", line 1791, in schedule_all\n    PipelineScheduler(r).start()\n", "  File \"/usr/local/lib/python3.10/site-packages/mage_ai/orchestration/db/__init__.py\", line 159, in func_with_rollback\n    return func(*args, **kwargs)\n", "  File \"/usr/local/lib/python3.10/site-packages/mage_ai/orchestration/pipeline_scheduler_original.py\", line 198, in start\n    self.schedule()\n", "  File \"/usr/local/lib/python3.10/site-packages/mage_ai/orchestration/db/__init__.py\", line 159, in func_with_rollback\n    return func(*args, **kwargs)\n", "  File \"/usr/local/lib/python3.10/site-packages/mage_ai/orchestration/pipeline_scheduler_original.py\", line 334, in schedule\n    self.__schedule_blocks(block_runs)\n", "  File \"/usr/local/lib/python3.10/site-packages/mage_ai/orchestration/pipeline_scheduler_original.py\", line 641, in __schedule_blocks\n    job_manager.add_job(\n", "  File \"/usr/local/lib/python3.10/site-packages/mage_ai/orchestration/job_manager.py\", line 21, in add_job\n    self.queue.enqueue(job_id, target, *args, **kwargs)\n", "  File \"/usr/local/lib/python3.10/site-packages/mage_ai/orchestration/queue/process_queue.py\", line 122, in enqueue\n    self.start_worker_pool()\n", "  File \"/usr/local/lib/python3.10/site-packages/mage_ai/orchestration/queue/process_queue.py\", line 199, in start_worker_pool\n    self.worker_pool_proc.start()\n", "  File \"/usr/local/lib/python3.10/multiprocessing/process.py\", line 121, in start\n    self._popen = self._Popen(self)\n", "  File \"/usr/local/lib/python3.10/multiprocessing/context.py\", line 224, in _Popen\n    return _default_context.get_context().Process._Popen(process_obj)\n", "  File \"/usr/local/lib/python3.10/multiprocessing/context.py\", line 281, in _Popen\n    return Popen(process_obj)\n", "  File \"/usr/local/lib/python3.10/multiprocessing/popen_fork.py\", line 19, in __init__\n    self._launch(process_obj)\n", "  File \"/usr/local/lib/python3.10/multiprocessing/popen_fork.py\", line 71, in _launch\n    code = process_obj._bootstrap(parent_sentinel=child_r)\n", "  File \"/usr/local/lib/python3.10/multiprocessing/process.py\", line 314, in _bootstrap\n    self.run()\n", "  File \"/usr/local/lib/python3.10/multiprocessing/process.py\", line 108, in run\n    self._target(*self._args, **self._kwargs)\n", "  File \"/usr/local/lib/python3.10/site-packages/mage_ai/orchestration/queue/process_queue.py\", line 355, in poll_job_and_execute\n    worker.start()\n", "  File \"/usr/local/lib/python3.10/multiprocessing/process.py\", line 121, in start\n    self._popen = self._Popen(self)\n", "  File \"/usr/local/lib/python3.10/multiprocessing/context.py\", line 224, in _Popen\n    return _default_context.get_context().Process._Popen(process_obj)\n", "  File \"/usr/local/lib/python3.10/multiprocessing/context.py\", line 281, in _Popen\n    return Popen(process_obj)\n", "  File \"/usr/local/lib/python3.10/multiprocessing/popen_fork.py\", line 19, in __init__\n    self._launch(process_obj)\n", "  File \"/usr/local/lib/python3.10/multiprocessing/popen_fork.py\", line 71, in _launch\n    code = process_obj._bootstrap(parent_sentinel=child_r)\n", "  File \"/usr/local/lib/python3.10/multiprocessing/process.py\", line 314, in _bootstrap\n    self.run()\n", "  File \"/usr/local/lib/python3.10/site-packages/newrelic/api/background_task.py\", line 117, in wrapper\n    return wrapped(*args, **kwargs)\n", "  File \"/usr/local/lib/python3.10/site-packages/mage_ai/orchestration/queue/process_queue.py\", line 319, in run\n    start_session_and_run(args[1], *args[2], **args[3])\n", "  File \"/usr/local/lib/python3.10/site-packages/mage_ai/orchestration/db/process.py\", line 15, in start_session_and_run\n    results = target(*args)\n", "  File \"/usr/local/lib/python3.10/site-packages/mage_ai/orchestration/pipeline_scheduler_original.py\", line 1311, in run_block\n    return ExecutorFactory.get_block_executor(\n", "  File \"/usr/local/lib/python3.10/site-packages/mage_ai/data_preparation/executors/block_executor.py\", line 682, in execute\n    on_failure(\n", "  File \"/usr/local/lib/python3.10/site-packages/mage_ai/orchestration/db/__init__.py\", line 159, in func_with_rollback\n    return func(*args, **kwargs)\n", "  File \"/usr/local/lib/python3.10/site-packages/mage_ai/orchestration/pipeline_scheduler_original.py\", line 465, in on_block_failure\n    self.logger.exception(\n", "  File \"/usr/local/lib/python3.10/site-packages/mage_ai/data_preparation/logging/logger.py\", line 30, in exception\n    self.__send_message('exception', message, **kwargs)\n", "  File \"/usr/local/lib/python3.10/site-packages/mage_ai/data_preparation/logging/logger.py\", line 65, in __send_message\n    data['error_stack'] = traceback.format_stack()\n"], "error_stacktrace": "HTTPSConnectionPool(host='oauth.platform.intuit.com', port=443): Max retries exceeded with url: /oauth2/v1/tokens/bearer (Caused by NewConnectionError('<urllib3.connection.HTTPSConnection object at 0xffffb2f45fc0>: Failed to establish a new connection: [Errno -5] No address associated with hostname'))"}
Traceback (most recent call last):
  File "/usr/local/lib/python3.10/site-packages/urllib3/connection.py", line 174, in _new_conn
    conn = connection.create_connection(
  File "/usr/local/lib/python3.10/site-packages/urllib3/util/connection.py", line 72, in create_connection
    for res in socket.getaddrinfo(host, port, family, socket.SOCK_STREAM):
  File "/usr/local/lib/python3.10/socket.py", line 967, in getaddrinfo
    for res in _socket.getaddrinfo(host, port, family, type, proto, flags):
socket.gaierror: [Errno -5] No address associated with hostname

During handling of the above exception, another exception occurred:

Traceback (most recent call last):
  File "/usr/local/lib/python3.10/site-packages/urllib3/connectionpool.py", line 716, in urlopen
    httplib_response = self._make_request(
  File "/usr/local/lib/python3.10/site-packages/urllib3/connectionpool.py", line 404, in _make_request
    self._validate_conn(conn)
  File "/usr/local/lib/python3.10/site-packages/urllib3/connectionpool.py", line 1061, in _validate_conn
    conn.connect()
  File "/usr/local/lib/python3.10/site-packages/urllib3/connection.py", line 363, in connect
    self.sock = conn = self._new_conn()
  File "/usr/local/lib/python3.10/site-packages/urllib3/connection.py", line 186, in _new_conn
    raise NewConnectionError(
urllib3.exceptions.NewConnectionError: <urllib3.connection.HTTPSConnection object at 0xffffb2f45fc0>: Failed to establish a new connection: [Errno -5] No address associated with hostname

During handling of the above exception, another exception occurred:

Traceback (most recent call last):
  File "/usr/local/lib/python3.10/site-packages/requests/adapters.py", line 486, in send
    resp = conn.urlopen(
  File "/usr/local/lib/python3.10/site-packages/urllib3/connectionpool.py", line 802, in urlopen
    retries = retries.increment(
  File "/usr/local/lib/python3.10/site-packages/urllib3/util/retry.py", line 594, in increment
    raise MaxRetryError(_pool, url, error or ResponseError(cause))
urllib3.exceptions.MaxRetryError: HTTPSConnectionPool(host='oauth.platform.intuit.com', port=443): Max retries exceeded with url: /oauth2/v1/tokens/bearer (Caused by NewConnectionError('<urllib3.connection.HTTPSConnection object at 0xffffb2f45fc0>: Failed to establish a new connection: [Errno -5] No address associated with hostname'))

During handling of the above exception, another exception occurred:

Traceback (most recent call last):
  File "/usr/local/lib/python3.10/site-packages/mage_ai/data_preparation/executors/block_executor.py", line 647, in execute
    result = __execute_with_retry()
  File "/usr/local/lib/python3.10/site-packages/mage_ai/shared/retry.py", line 54, in retry_func
    raise e
  File "/usr/local/lib/python3.10/site-packages/mage_ai/shared/retry.py", line 38, in retry_func
    return func(*args, **kwargs)
  File "/usr/local/lib/python3.10/site-packages/mage_ai/data_preparation/executors/block_executor.py", line 621, in __execute_with_retry
    return self._execute(
  File "/usr/local/lib/python3.10/site-packages/mage_ai/data_preparation/executors/block_executor.py", line 1154, in _execute
    result = self.block.execute_sync(
  File "/usr/local/lib/python3.10/site-packages/mage_ai/data_preparation/models/block/__init__.py", line 1691, in execute_sync
    return __execute()
  File "/usr/local/lib/python3.10/site-packages/mage_ai/data_preparation/models/block/__init__.py", line 1668, in __execute
    raise err
  File "/usr/local/lib/python3.10/site-packages/mage_ai/data_preparation/models/block/__init__.py", line 1570, in __execute
    output = self.execute_block(
  File "/usr/local/lib/python3.10/site-packages/mage_ai/data_preparation/models/block/__init__.py", line 1910, in execute_block
    outputs = self._execute_block(
  File "/usr/local/lib/python3.10/site-packages/mage_ai/data_preparation/models/block/__init__.py", line 2073, in _execute_block
    outputs = self.execute_block_function(
  File "/usr/local/lib/python3.10/site-packages/mage_ai/data_preparation/models/block/__init__.py", line 2169, in execute_block_function
    output = block_function_updated(*input_vars, **global_vars)
  File "<string>", line 62, in load_data
  File "<string>", line 47, in get_access_token
  File "<string>", line 40, in get_access_token
  File "/usr/local/lib/python3.10/site-packages/requests/api.py", line 115, in post
    return request("post", url, data=data, json=json, **kwargs)
  File "/usr/local/lib/python3.10/site-packages/requests/api.py", line 59, in request
    return session.request(method=method, url=url, **kwargs)
  File "/usr/local/lib/python3.10/site-packages/requests/sessions.py", line 589, in request
    resp = self.send(prep, **send_kwargs)
  File "/usr/local/lib/python3.10/site-packages/requests/sessions.py", line 703, in send
    r = adapter.send(request, **kwargs)
  File "/usr/local/lib/python3.10/site-packages/requests/adapters.py", line 519, in send
    raise ConnectionError(e, request=request)
requests.exceptions.ConnectionError: HTTPSConnectionPool(host='oauth.platform.intuit.com', port=443): Max retries exceeded with url: /oauth2/v1/tokens/bearer (Caused by NewConnectionError('<urllib3.connection.HTTPSConnection object at 0xffffb2f45fc0>: Failed to establish a new connection: [Errno -5] No address associated with hostname'))
2026-01-27T18:46:34 {"cpu": 0.96142578125, "cpu_total": 8, "cpu_usage": 0.12017822265625, "memory": 1931.0, "memory_total": 4943.0, "memory_usage": 0.3906534493222739, "pipeline_run_id": 21, "pipeline_schedule_id": 5, "pipeline_uuid": "qb_invoices_backfill", "hostname": "5c3e07c00964", "level": "INFO", "message": "Pipeline qb_invoices_backfill for run 21 in schedule 5 is alive.", "timestamp": 1769539594.414087, "uuid": "1d7aec180ada49259ae5b1985780c872"}
2026-01-27T23:01:32 {"cpu": 0.7802734375, "cpu_total": 8, "cpu_usage": 0.0975341796875, "memory": 2012.0, "memory_total": 4943.0, "memory_usage": 0.4070402589520534, "pipeline_run_id": 26, "pipeline_schedule_id": 5, "pipeline_uuid": "qb_invoices_backfill", "hostname": "5c3e07c00964", "level": "INFO", "message": "Pipeline qb_invoices_backfill for run 26 in schedule 5 is alive.", "timestamp": 1769554892.760992, "uuid": "f6c8ad0cdc044aafaa177a8020effd5a"}
2026-01-27T23:01:32 {"cpu": 0.7802734375, "cpu_total": 8, "cpu_usage": 0.0975341796875, "memory": 2047.0, "memory_total": 4943.0, "memory_usage": 0.41412097916245194, "pipeline_run_id": 26, "pipeline_schedule_id": 5, "pipeline_uuid": "qb_invoices_backfill", "hostname": "5c3e07c00964", "level": "INFO", "message": "Pipeline qb_invoices_backfill for run 26 in schedule 5 is alive.", "timestamp": 1769554892.8182, "uuid": "0db56ab63a4945da92974ab27516d432"}
2026-01-27T23:01:32 {"block_run_id": 51, "block_uuid": "load_invoices_qbo", "pipeline_run_id": 26, "pipeline_schedule_id": 5, "pipeline_uuid": "qb_invoices_backfill", "hostname": "5c3e07c00964", "level": "INFO", "message": "Execute PipelineRun 26, BlockRun 51: pipeline qb_invoices_backfill block load_invoices_qbo", "timestamp": 1769554892.844703, "uuid": "edc8ddef6ffe4dd5bf906f5b14d8a349"}
2026-01-27T23:01:42 {"cpu": 0.771484375, "cpu_total": 8, "cpu_usage": 0.096435546875, "memory": 2057.0, "memory_total": 4943.0, "memory_usage": 0.4161440420797087, "pipeline_run_id": 26, "pipeline_schedule_id": 5, "pipeline_uuid": "qb_invoices_backfill", "hostname": "5c3e07c00964", "level": "INFO", "message": "Pipeline qb_invoices_backfill for run 26 in schedule 5 is alive.", "timestamp": 1769554902.909528, "uuid": "a24d97216d82490696f43017f17d4d38"}
2026-01-27T23:01:52 {"cpu": 0.7626953125, "cpu_total": 8, "cpu_usage": 0.0953369140625, "memory": 2060.0, "memory_total": 4943.0, "memory_usage": 0.4167509609548857, "pipeline_run_id": 26, "pipeline_schedule_id": 5, "pipeline_uuid": "qb_invoices_backfill", "hostname": "5c3e07c00964", "level": "INFO", "message": "Pipeline qb_invoices_backfill for run 26 in schedule 5 is alive.", "timestamp": 1769554912.967718, "uuid": "2d92e087d88c4a4686e974a737a0db73"}
2026-01-27T23:02:03 {"cpu": 0.759765625, "cpu_total": 8, "cpu_usage": 0.094970703125, "memory": 2061.0, "memory_total": 4943.0, "memory_usage": 0.41695326724661136, "pipeline_run_id": 26, "pipeline_schedule_id": 5, "pipeline_uuid": "qb_invoices_backfill", "hostname": "5c3e07c00964", "level": "INFO", "message": "Pipeline qb_invoices_backfill for run 26 in schedule 5 is alive.", "timestamp": 1769554923.039548, "uuid": "134ba4e7ac5240cdb97306c8b4d23b68"}
2026-01-27T23:02:12 {"cpu": 0.7509765625, "cpu_total": 8, "cpu_usage": 0.0938720703125, "memory": 2062.0, "memory_total": 4943.0, "memory_usage": 0.41715557353833704, "pipeline_run_id": 26, "pipeline_schedule_id": 5, "pipeline_uuid": "qb_invoices_backfill", "hostname": "5c3e07c00964", "level": "INFO", "message": "Pipeline qb_invoices_backfill for run 26 in schedule 5 is alive.", "timestamp": 1769554932.138655, "uuid": "5ca759f0a6384120a4adacf525695efa"}
2026-01-27T23:02:22 {"cpu": 0.7421875, "cpu_total": 8, "cpu_usage": 0.0927734375, "memory": 2058.0, "memory_total": 4943.0, "memory_usage": 0.41634634837143436, "pipeline_run_id": 26, "pipeline_schedule_id": 5, "pipeline_uuid": "qb_invoices_backfill", "hostname": "5c3e07c00964", "level": "INFO", "message": "Pipeline qb_invoices_backfill for run 26 in schedule 5 is alive.", "timestamp": 1769554942.219596, "uuid": "fd4ed497f28e43a19a4512c22173fb6b"}
2026-01-27T23:02:32 {"cpu": 0.7392578125, "cpu_total": 8, "cpu_usage": 0.0924072265625, "memory": 2051.0, "memory_total": 4943.0, "memory_usage": 0.4149302043293546, "pipeline_run_id": 26, "pipeline_schedule_id": 5, "pipeline_uuid": "qb_invoices_backfill", "hostname": "5c3e07c00964", "level": "INFO", "message": "Pipeline qb_invoices_backfill for run 26 in schedule 5 is alive.", "timestamp": 1769554952.329864, "uuid": "e567330c6ba74d63bd70d817965233c0"}
2026-01-27T23:02:42 {"cpu": 0.736328125, "cpu_total": 8, "cpu_usage": 0.092041015625, "memory": 2071.0, "memory_total": 4943.0, "memory_usage": 0.4189763301638681, "pipeline_run_id": 26, "pipeline_schedule_id": 5, "pipeline_uuid": "qb_invoices_backfill", "hostname": "5c3e07c00964", "level": "INFO", "message": "Pipeline qb_invoices_backfill for run 26 in schedule 5 is alive.", "timestamp": 1769554962.387734, "uuid": "78e4f711b6f54bd7aed3590641466979"}
2026-01-27T23:02:52 {"cpu": 0.7275390625, "cpu_total": 8, "cpu_usage": 0.0909423828125, "memory": 2058.0, "memory_total": 4943.0, "memory_usage": 0.41634634837143436, "pipeline_run_id": 26, "pipeline_schedule_id": 5, "pipeline_uuid": "qb_invoices_backfill", "hostname": "5c3e07c00964", "level": "INFO", "message": "Pipeline qb_invoices_backfill for run 26 in schedule 5 is alive.", "timestamp": 1769554972.46965, "uuid": "eee46383c9e149428d05eef2bdaeb615"}
2026-01-27T23:02:59 {"block_run_id": 51, "block_uuid": "load_invoices_qbo", "pipeline_run_id": 26, "pipeline_schedule_id": 5, "pipeline_uuid": "qb_invoices_backfill", "hostname": "5c3e07c00964", "level": "INFO", "message": "BlockRun 51 (block_uuid: load_invoices_qbo) completes.", "timestamp": 1769554979.477922, "uuid": "a67a6019d96447bbb170921cef879c2f"}
2026-01-27T23:03:02 {"cpu": 0.72998046875, "cpu_total": 8, "cpu_usage": 0.09124755859375, "memory": 1992.0, "memory_total": 4943.0, "memory_usage": 0.40299413311753995, "pipeline_run_id": 26, "pipeline_schedule_id": 5, "pipeline_uuid": "qb_invoices_backfill", "hostname": "5c3e07c00964", "level": "INFO", "message": "Pipeline qb_invoices_backfill for run 26 in schedule 5 is alive.", "timestamp": 1769554982.572848, "uuid": "7838a746fcf34fc09f103b74c1b1377e"}
2026-01-27T23:03:02 {"block_run_id": 52, "block_uuid": "export_invoices_raw", "pipeline_run_id": 26, "pipeline_schedule_id": 5, "pipeline_uuid": "qb_invoices_backfill", "hostname": "5c3e07c00964", "level": "INFO", "message": "Execute PipelineRun 26, BlockRun 52: pipeline qb_invoices_backfill block export_invoices_raw", "timestamp": 1769554982.691249, "uuid": "97790cd65f1b4452ac4db8bcc331c949"}
2026-01-27T23:03:02 {"block_run_id": 52, "block_uuid": "export_invoices_raw", "pipeline_run_id": 26, "pipeline_schedule_id": 5, "pipeline_uuid": "qb_invoices_backfill", "hostname": "5c3e07c00964", "level": "INFO", "message": "BlockRun 52 (block_uuid: export_invoices_raw) completes.", "timestamp": 1769554982.774568, "uuid": "7220c7debfc74b84b4eac632885bdee8"}
2026-01-27T23:03:12 {"cpu": 0.7216796875, "cpu_total": 8, "cpu_usage": 0.0902099609375, "memory": 2000.0, "memory_total": 4943.0, "memory_usage": 0.4046125834513453, "pipeline_run_id": 26, "pipeline_schedule_id": 5, "pipeline_uuid": "qb_invoices_backfill", "hostname": "5c3e07c00964", "level": "INFO", "message": "Pipeline qb_invoices_backfill for run 26 in schedule 5 is alive.", "timestamp": 1769554992.724504, "uuid": "ff78f26e926c4b3496291e61b4b66a8d"}
